_______RUN: 0

==========Hidden Units [1000, 1000] ===========


---------------C: 10.000000 -------------
fitting
fitting completed. Took  0.14m
predicting
prediction complete
done

Classification report for classifier SVC(C=10, cache_size=200, class_weight=None, coef0=0.0,
  decision_function_shape=None, degree=3, gamma=0.001, kernel='rbf',
  max_iter=-1, probability=False, random_state=None, shrinking=True,
  tol=0.001, verbose=False):
             precision    recall  f1-score   support

          0       0.95      0.98      0.97       100
          1       0.97      0.99      0.98       100
          2       0.93      0.90      0.91       100
          3       0.91      0.86      0.88       100
          4       0.90      0.93      0.92       100
          5       0.87      0.91      0.89       100
          6       0.96      0.93      0.94       100
          7       0.91      0.89      0.90       100
          8       0.87      0.86      0.86       100
          9       0.88      0.89      0.89       100

avg / total       0.91      0.91      0.91      1000

Accuracy: 0.914
Confusion matrix:
[[98  0  0  0  0  1  1  0  0  0]
 [ 0 99  0  0  0  0  0  0  1  0]
 [ 0  0 90  0  1  0  1  2  5  1]
 [ 0  0  1 86  0  8  1  2  1  1]
 [ 0  0  1  0 93  0  0  1  0  5]
 [ 1  1  0  3  0 91  1  0  2  1]
 [ 3  0  1  0  1  1 93  0  1  0]
 [ 0  2  3  0  2  0  0 89  1  3]
 [ 1  0  1  5  2  3  0  1 86  1]
 [ 0  0  0  1  4  1  0  3  2 89]]
---------------C: 100.000000 -------------
fitting
fitting completed. Took  0.12m
predicting
prediction complete
done

Classification report for classifier SVC(C=100, cache_size=200, class_weight=None, coef0=0.0,
  decision_function_shape=None, degree=3, gamma=0.001, kernel='rbf',
  max_iter=-1, probability=False, random_state=None, shrinking=True,
  tol=0.001, verbose=False):
             precision    recall  f1-score   support

          0       0.96      0.97      0.97       100
          1       0.94      1.00      0.97       100
          2       0.95      0.87      0.91       100
          3       0.88      0.90      0.89       100
          4       0.89      0.95      0.92       100
          5       0.90      0.88      0.89       100
          6       0.95      0.92      0.93       100
          7       0.91      0.90      0.90       100
          8       0.89      0.87      0.88       100
          9       0.89      0.89      0.89       100

avg / total       0.92      0.92      0.91      1000

Accuracy: 0.915
Confusion matrix:
[[ 97   0   0   0   0   1   2   0   0   0]
 [  0 100   0   0   0   0   0   0   0   0]
 [  0   2  87   2   1   0   1   2   4   1]
 [  0   1   0  90   0   4   1   1   2   1]
 [  0   1   0   0  95   0   0   0   0   4]
 [  1   0   0   4   0  88   1   0   4   2]
 [  2   0   1   0   2   2  92   0   1   0]
 [  0   1   4   0   2   0   0  90   0   3]
 [  1   0   0   5   2   2   0   3  87   0]
 [  0   1   0   1   5   1   0   3   0  89]]

==========Hidden Units [1000, 1500] ===========


---------------C: 10.000000 -------------
fitting
fitting completed. Took  0.14m
predicting
prediction complete
done

Classification report for classifier SVC(C=10, cache_size=200, class_weight=None, coef0=0.0,
  decision_function_shape=None, degree=3, gamma=0.001, kernel='rbf',
  max_iter=-1, probability=False, random_state=None, shrinking=True,
  tol=0.001, verbose=False):
             precision    recall  f1-score   support

          0       0.95      0.98      0.97       100
          1       0.97      0.99      0.98       100
          2       0.93      0.90      0.91       100
          3       0.91      0.86      0.88       100
          4       0.90      0.93      0.92       100
          5       0.87      0.91      0.89       100
          6       0.96      0.93      0.94       100
          7       0.91      0.89      0.90       100
          8       0.87      0.86      0.86       100
          9       0.88      0.89      0.89       100

avg / total       0.91      0.91      0.91      1000

Accuracy: 0.914
Confusion matrix:
[[98  0  0  0  0  1  1  0  0  0]
 [ 0 99  0  0  0  0  0  0  1  0]
 [ 0  0 90  0  1  0  1  2  5  1]
 [ 0  0  1 86  0  8  1  2  1  1]
 [ 0  0  1  0 93  0  0  1  0  5]
 [ 1  1  0  3  0 91  1  0  2  1]
 [ 3  0  1  0  1  1 93  0  1  0]
 [ 0  2  3  0  2  0  0 89  1  3]
 [ 1  0  1  5  2  3  0  1 86  1]
 [ 0  0  0  1  4  1  0  3  2 89]]
---------------C: 100.000000 -------------
fitting
fitting completed. Took  0.11m
predicting
prediction complete
done

Classification report for classifier SVC(C=100, cache_size=200, class_weight=None, coef0=0.0,
  decision_function_shape=None, degree=3, gamma=0.001, kernel='rbf',
  max_iter=-1, probability=False, random_state=None, shrinking=True,
  tol=0.001, verbose=False):
             precision    recall  f1-score   support

          0       0.96      0.97      0.97       100
          1       0.94      1.00      0.97       100
          2       0.95      0.87      0.91       100
          3       0.88      0.90      0.89       100
          4       0.89      0.95      0.92       100
          5       0.90      0.88      0.89       100
          6       0.95      0.92      0.93       100
          7       0.91      0.90      0.90       100
          8       0.89      0.87      0.88       100
          9       0.89      0.89      0.89       100

avg / total       0.92      0.92      0.91      1000

Accuracy: 0.915
Confusion matrix:
[[ 97   0   0   0   0   1   2   0   0   0]
 [  0 100   0   0   0   0   0   0   0   0]
 [  0   2  87   2   1   0   1   2   4   1]
 [  0   1   0  90   0   4   1   1   2   1]
 [  0   1   0   0  95   0   0   0   0   4]
 [  1   0   0   4   0  88   1   0   4   2]
 [  2   0   1   0   2   2  92   0   1   0]
 [  0   1   4   0   2   0   0  90   0   3]
 [  1   0   0   5   2   2   0   3  87   0]
 [  0   1   0   1   5   1   0   3   0  89]]

==========Hidden Units [1000, 2000] ===========


---------------C: 10.000000 -------------
fitting
fitting completed. Took  0.14m
predicting
prediction complete
done

Classification report for classifier SVC(C=10, cache_size=200, class_weight=None, coef0=0.0,
  decision_function_shape=None, degree=3, gamma=0.001, kernel='rbf',
  max_iter=-1, probability=False, random_state=None, shrinking=True,
  tol=0.001, verbose=False):
             precision    recall  f1-score   support

          0       0.95      0.98      0.97       100
          1       0.97      0.99      0.98       100
          2       0.93      0.90      0.91       100
          3       0.91      0.86      0.88       100
          4       0.90      0.93      0.92       100
          5       0.87      0.91      0.89       100
          6       0.96      0.93      0.94       100
          7       0.91      0.89      0.90       100
          8       0.87      0.86      0.86       100
          9       0.88      0.89      0.89       100

avg / total       0.91      0.91      0.91      1000

Accuracy: 0.914
Confusion matrix:
[[98  0  0  0  0  1  1  0  0  0]
 [ 0 99  0  0  0  0  0  0  1  0]
 [ 0  0 90  0  1  0  1  2  5  1]
 [ 0  0  1 86  0  8  1  2  1  1]
 [ 0  0  1  0 93  0  0  1  0  5]
 [ 1  1  0  3  0 91  1  0  2  1]
 [ 3  0  1  0  1  1 93  0  1  0]
 [ 0  2  3  0  2  0  0 89  1  3]
 [ 1  0  1  5  2  3  0  1 86  1]
 [ 0  0  0  1  4  1  0  3  2 89]]
---------------C: 100.000000 -------------
fitting
fitting completed. Took  0.11m
predicting
prediction complete
done

Classification report for classifier SVC(C=100, cache_size=200, class_weight=None, coef0=0.0,
  decision_function_shape=None, degree=3, gamma=0.001, kernel='rbf',
  max_iter=-1, probability=False, random_state=None, shrinking=True,
  tol=0.001, verbose=False):
             precision    recall  f1-score   support

          0       0.96      0.97      0.97       100
          1       0.94      1.00      0.97       100
          2       0.95      0.87      0.91       100
          3       0.88      0.90      0.89       100
          4       0.89      0.95      0.92       100
          5       0.90      0.88      0.89       100
          6       0.95      0.92      0.93       100
          7       0.91      0.90      0.90       100
          8       0.89      0.87      0.88       100
          9       0.89      0.89      0.89       100

avg / total       0.92      0.92      0.91      1000

Accuracy: 0.915
Confusion matrix:
[[ 97   0   0   0   0   1   2   0   0   0]
 [  0 100   0   0   0   0   0   0   0   0]
 [  0   2  87   2   1   0   1   2   4   1]
 [  0   1   0  90   0   4   1   1   2   1]
 [  0   1   0   0  95   0   0   0   0   4]
 [  1   0   0   4   0  88   1   0   4   2]
 [  2   0   1   0   2   2  92   0   1   0]
 [  0   1   4   0   2   0   0  90   0   3]
 [  1   0   0   5   2   2   0   3  87   0]
 [  0   1   0   1   5   1   0   3   0  89]]_______RUN: 1

==========Hidden Units [1000, 1000] ===========


---------------C: 10.000000 -------------
fitting
fitting completed. Took  0.14m
predicting
prediction complete
done

Classification report for classifier SVC(C=10, cache_size=200, class_weight=None, coef0=0.0,
  decision_function_shape=None, degree=3, gamma=0.001, kernel='rbf',
  max_iter=-1, probability=False, random_state=None, shrinking=True,
  tol=0.001, verbose=False):
             precision    recall  f1-score   support

          0       0.95      0.98      0.97       100
          1       0.97      0.99      0.98       100
          2       0.93      0.90      0.91       100
          3       0.91      0.86      0.88       100
          4       0.90      0.93      0.92       100
          5       0.87      0.91      0.89       100
          6       0.96      0.93      0.94       100
          7       0.91      0.89      0.90       100
          8       0.87      0.86      0.86       100
          9       0.88      0.89      0.89       100

avg / total       0.91      0.91      0.91      1000

Accuracy: 0.914
Confusion matrix:
[[98  0  0  0  0  1  1  0  0  0]
 [ 0 99  0  0  0  0  0  0  1  0]
 [ 0  0 90  0  1  0  1  2  5  1]
 [ 0  0  1 86  0  8  1  2  1  1]
 [ 0  0  1  0 93  0  0  1  0  5]
 [ 1  1  0  3  0 91  1  0  2  1]
 [ 3  0  1  0  1  1 93  0  1  0]
 [ 0  2  3  0  2  0  0 89  1  3]
 [ 1  0  1  5  2  3  0  1 86  1]
 [ 0  0  0  1  4  1  0  3  2 89]]
---------------C: 100.000000 -------------
fitting
fitting completed. Took  0.11m
predicting
prediction complete
done

Classification report for classifier SVC(C=100, cache_size=200, class_weight=None, coef0=0.0,
  decision_function_shape=None, degree=3, gamma=0.001, kernel='rbf',
  max_iter=-1, probability=False, random_state=None, shrinking=True,
  tol=0.001, verbose=False):
             precision    recall  f1-score   support

          0       0.96      0.97      0.97       100
          1       0.94      1.00      0.97       100
          2       0.95      0.87      0.91       100
          3       0.88      0.90      0.89       100
          4       0.89      0.95      0.92       100
          5       0.90      0.88      0.89       100
          6       0.95      0.92      0.93       100
          7       0.91      0.90      0.90       100
          8       0.89      0.87      0.88       100
          9       0.89      0.89      0.89       100

avg / total       0.92      0.92      0.91      1000

Accuracy: 0.915
Confusion matrix:
[[ 97   0   0   0   0   1   2   0   0   0]
 [  0 100   0   0   0   0   0   0   0   0]
 [  0   2  87   2   1   0   1   2   4   1]
 [  0   1   0  90   0   4   1   1   2   1]
 [  0   1   0   0  95   0   0   0   0   4]
 [  1   0   0   4   0  88   1   0   4   2]
 [  2   0   1   0   2   2  92   0   1   0]
 [  0   1   4   0   2   0   0  90   0   3]
 [  1   0   0   5   2   2   0   3  87   0]
 [  0   1   0   1   5   1   0   3   0  89]]

==========Hidden Units [1000, 1500] ===========


---------------C: 10.000000 -------------
fitting
fitting completed. Took  0.14m
predicting
prediction complete
done

Classification report for classifier SVC(C=10, cache_size=200, class_weight=None, coef0=0.0,
  decision_function_shape=None, degree=3, gamma=0.001, kernel='rbf',
  max_iter=-1, probability=False, random_state=None, shrinking=True,
  tol=0.001, verbose=False):
             precision    recall  f1-score   support

          0       0.95      0.98      0.97       100
          1       0.97      0.99      0.98       100
          2       0.93      0.90      0.91       100
          3       0.91      0.86      0.88       100
          4       0.90      0.93      0.92       100
          5       0.87      0.91      0.89       100
          6       0.96      0.93      0.94       100
          7       0.91      0.89      0.90       100
          8       0.87      0.86      0.86       100
          9       0.88      0.89      0.89       100

avg / total       0.91      0.91      0.91      1000

Accuracy: 0.914
Confusion matrix:
[[98  0  0  0  0  1  1  0  0  0]
 [ 0 99  0  0  0  0  0  0  1  0]
 [ 0  0 90  0  1  0  1  2  5  1]
 [ 0  0  1 86  0  8  1  2  1  1]
 [ 0  0  1  0 93  0  0  1  0  5]
 [ 1  1  0  3  0 91  1  0  2  1]
 [ 3  0  1  0  1  1 93  0  1  0]
 [ 0  2  3  0  2  0  0 89  1  3]
 [ 1  0  1  5  2  3  0  1 86  1]
 [ 0  0  0  1  4  1  0  3  2 89]]
---------------C: 100.000000 -------------
fitting
fitting completed. Took  0.11m
predicting
prediction complete
done

Classification report for classifier SVC(C=100, cache_size=200, class_weight=None, coef0=0.0,
  decision_function_shape=None, degree=3, gamma=0.001, kernel='rbf',
  max_iter=-1, probability=False, random_state=None, shrinking=True,
  tol=0.001, verbose=False):
             precision    recall  f1-score   support

          0       0.96      0.97      0.97       100
          1       0.94      1.00      0.97       100
          2       0.95      0.87      0.91       100
          3       0.88      0.90      0.89       100
          4       0.89      0.95      0.92       100
          5       0.90      0.88      0.89       100
          6       0.95      0.92      0.93       100
          7       0.91      0.90      0.90       100
          8       0.89      0.87      0.88       100
          9       0.89      0.89      0.89       100

avg / total       0.92      0.92      0.91      1000

Accuracy: 0.915
Confusion matrix:
[[ 97   0   0   0   0   1   2   0   0   0]
 [  0 100   0   0   0   0   0   0   0   0]
 [  0   2  87   2   1   0   1   2   4   1]
 [  0   1   0  90   0   4   1   1   2   1]
 [  0   1   0   0  95   0   0   0   0   4]
 [  1   0   0   4   0  88   1   0   4   2]
 [  2   0   1   0   2   2  92   0   1   0]
 [  0   1   4   0   2   0   0  90   0   3]
 [  1   0   0   5   2   2   0   3  87   0]
 [  0   1   0   1   5   1   0   3   0  89]]

==========Hidden Units [1000, 2000] ===========


---------------C: 10.000000 -------------
fitting
fitting completed. Took  0.14m
predicting
prediction complete
done

Classification report for classifier SVC(C=10, cache_size=200, class_weight=None, coef0=0.0,
  decision_function_shape=None, degree=3, gamma=0.001, kernel='rbf',
  max_iter=-1, probability=False, random_state=None, shrinking=True,
  tol=0.001, verbose=False):
             precision    recall  f1-score   support

          0       0.95      0.98      0.97       100
          1       0.97      0.99      0.98       100
          2       0.93      0.90      0.91       100
          3       0.91      0.86      0.88       100
          4       0.90      0.93      0.92       100
          5       0.87      0.91      0.89       100
          6       0.96      0.93      0.94       100
          7       0.91      0.89      0.90       100
          8       0.87      0.86      0.86       100
          9       0.88      0.89      0.89       100

avg / total       0.91      0.91      0.91      1000

Accuracy: 0.914
Confusion matrix:
[[98  0  0  0  0  1  1  0  0  0]
 [ 0 99  0  0  0  0  0  0  1  0]
 [ 0  0 90  0  1  0  1  2  5  1]
 [ 0  0  1 86  0  8  1  2  1  1]
 [ 0  0  1  0 93  0  0  1  0  5]
 [ 1  1  0  3  0 91  1  0  2  1]
 [ 3  0  1  0  1  1 93  0  1  0]
 [ 0  2  3  0  2  0  0 89  1  3]
 [ 1  0  1  5  2  3  0  1 86  1]
 [ 0  0  0  1  4  1  0  3  2 89]]
---------------C: 100.000000 -------------
fitting
fitting completed. Took  0.11m
predicting
prediction complete
done

Classification report for classifier SVC(C=100, cache_size=200, class_weight=None, coef0=0.0,
  decision_function_shape=None, degree=3, gamma=0.001, kernel='rbf',
  max_iter=-1, probability=False, random_state=None, shrinking=True,
  tol=0.001, verbose=False):
             precision    recall  f1-score   support

          0       0.96      0.97      0.97       100
          1       0.94      1.00      0.97       100
          2       0.95      0.87      0.91       100
          3       0.88      0.90      0.89       100
          4       0.89      0.95      0.92       100
          5       0.90      0.88      0.89       100
          6       0.95      0.92      0.93       100
          7       0.91      0.90      0.90       100
          8       0.89      0.87      0.88       100
          9       0.89      0.89      0.89       100

avg / total       0.92      0.92      0.91      1000

Accuracy: 0.915
Confusion matrix:
[[ 97   0   0   0   0   1   2   0   0   0]
 [  0 100   0   0   0   0   0   0   0   0]
 [  0   2  87   2   1   0   1   2   4   1]
 [  0   1   0  90   0   4   1   1   2   1]
 [  0   1   0   0  95   0   0   0   0   4]
 [  1   0   0   4   0  88   1   0   4   2]
 [  2   0   1   0   2   2  92   0   1   0]
 [  0   1   4   0   2   0   0  90   0   3]
 [  1   0   0   5   2   2   0   3  87   0]
 [  0   1   0   1   5   1   0   3   0  89]]_______RUN: 2

==========Hidden Units [1000, 1000] ===========


---------------C: 10.000000 -------------
fitting
fitting completed. Took  0.14m
predicting
prediction complete
done

Classification report for classifier SVC(C=10, cache_size=200, class_weight=None, coef0=0.0,
  decision_function_shape=None, degree=3, gamma=0.001, kernel='rbf',
  max_iter=-1, probability=False, random_state=None, shrinking=True,
  tol=0.001, verbose=False):
             precision    recall  f1-score   support

          0       0.95      0.98      0.97       100
          1       0.97      0.99      0.98       100
          2       0.93      0.90      0.91       100
          3       0.91      0.86      0.88       100
          4       0.90      0.93      0.92       100
          5       0.87      0.91      0.89       100
          6       0.96      0.93      0.94       100
          7       0.91      0.89      0.90       100
          8       0.87      0.86      0.86       100
          9       0.88      0.89      0.89       100

avg / total       0.91      0.91      0.91      1000

Accuracy: 0.914
Confusion matrix:
[[98  0  0  0  0  1  1  0  0  0]
 [ 0 99  0  0  0  0  0  0  1  0]
 [ 0  0 90  0  1  0  1  2  5  1]
 [ 0  0  1 86  0  8  1  2  1  1]
 [ 0  0  1  0 93  0  0  1  0  5]
 [ 1  1  0  3  0 91  1  0  2  1]
 [ 3  0  1  0  1  1 93  0  1  0]
 [ 0  2  3  0  2  0  0 89  1  3]
 [ 1  0  1  5  2  3  0  1 86  1]
 [ 0  0  0  1  4  1  0  3  2 89]]
---------------C: 100.000000 -------------
fitting
fitting completed. Took  0.11m
predicting
prediction complete
done

Classification report for classifier SVC(C=100, cache_size=200, class_weight=None, coef0=0.0,
  decision_function_shape=None, degree=3, gamma=0.001, kernel='rbf',
  max_iter=-1, probability=False, random_state=None, shrinking=True,
  tol=0.001, verbose=False):
             precision    recall  f1-score   support

          0       0.96      0.97      0.97       100
          1       0.94      1.00      0.97       100
          2       0.95      0.87      0.91       100
          3       0.88      0.90      0.89       100
          4       0.89      0.95      0.92       100
          5       0.90      0.88      0.89       100
          6       0.95      0.92      0.93       100
          7       0.91      0.90      0.90       100
          8       0.89      0.87      0.88       100
          9       0.89      0.89      0.89       100

avg / total       0.92      0.92      0.91      1000

Accuracy: 0.915
Confusion matrix:
[[ 97   0   0   0   0   1   2   0   0   0]
 [  0 100   0   0   0   0   0   0   0   0]
 [  0   2  87   2   1   0   1   2   4   1]
 [  0   1   0  90   0   4   1   1   2   1]
 [  0   1   0   0  95   0   0   0   0   4]
 [  1   0   0   4   0  88   1   0   4   2]
 [  2   0   1   0   2   2  92   0   1   0]
 [  0   1   4   0   2   0   0  90   0   3]
 [  1   0   0   5   2   2   0   3  87   0]
 [  0   1   0   1   5   1   0   3   0  89]]

==========Hidden Units [1000, 1500] ===========


---------------C: 10.000000 -------------
fitting
fitting completed. Took  0.14m
predicting
prediction complete
done

Classification report for classifier SVC(C=10, cache_size=200, class_weight=None, coef0=0.0,
  decision_function_shape=None, degree=3, gamma=0.001, kernel='rbf',
  max_iter=-1, probability=False, random_state=None, shrinking=True,
  tol=0.001, verbose=False):
             precision    recall  f1-score   support

          0       0.95      0.98      0.97       100
          1       0.97      0.99      0.98       100
          2       0.93      0.90      0.91       100
          3       0.91      0.86      0.88       100
          4       0.90      0.93      0.92       100
          5       0.87      0.91      0.89       100
          6       0.96      0.93      0.94       100
          7       0.91      0.89      0.90       100
          8       0.87      0.86      0.86       100
          9       0.88      0.89      0.89       100

avg / total       0.91      0.91      0.91      1000

Accuracy: 0.914
Confusion matrix:
[[98  0  0  0  0  1  1  0  0  0]
 [ 0 99  0  0  0  0  0  0  1  0]
 [ 0  0 90  0  1  0  1  2  5  1]
 [ 0  0  1 86  0  8  1  2  1  1]
 [ 0  0  1  0 93  0  0  1  0  5]
 [ 1  1  0  3  0 91  1  0  2  1]
 [ 3  0  1  0  1  1 93  0  1  0]
 [ 0  2  3  0  2  0  0 89  1  3]
 [ 1  0  1  5  2  3  0  1 86  1]
 [ 0  0  0  1  4  1  0  3  2 89]]
---------------C: 100.000000 -------------
fitting
fitting completed. Took  0.11m
predicting
prediction complete
done

Classification report for classifier SVC(C=100, cache_size=200, class_weight=None, coef0=0.0,
  decision_function_shape=None, degree=3, gamma=0.001, kernel='rbf',
  max_iter=-1, probability=False, random_state=None, shrinking=True,
  tol=0.001, verbose=False):
             precision    recall  f1-score   support

          0       0.96      0.97      0.97       100
          1       0.94      1.00      0.97       100
          2       0.95      0.87      0.91       100
          3       0.88      0.90      0.89       100
          4       0.89      0.95      0.92       100
          5       0.90      0.88      0.89       100
          6       0.95      0.92      0.93       100
          7       0.91      0.90      0.90       100
          8       0.89      0.87      0.88       100
          9       0.89      0.89      0.89       100

avg / total       0.92      0.92      0.91      1000

Accuracy: 0.915
Confusion matrix:
[[ 97   0   0   0   0   1   2   0   0   0]
 [  0 100   0   0   0   0   0   0   0   0]
 [  0   2  87   2   1   0   1   2   4   1]
 [  0   1   0  90   0   4   1   1   2   1]
 [  0   1   0   0  95   0   0   0   0   4]
 [  1   0   0   4   0  88   1   0   4   2]
 [  2   0   1   0   2   2  92   0   1   0]
 [  0   1   4   0   2   0   0  90   0   3]
 [  1   0   0   5   2   2   0   3  87   0]
 [  0   1   0   1   5   1   0   3   0  89]]

==========Hidden Units [1000, 2000] ===========


---------------C: 10.000000 -------------
fitting
fitting completed. Took  0.14m
predicting
prediction complete
done

Classification report for classifier SVC(C=10, cache_size=200, class_weight=None, coef0=0.0,
  decision_function_shape=None, degree=3, gamma=0.001, kernel='rbf',
  max_iter=-1, probability=False, random_state=None, shrinking=True,
  tol=0.001, verbose=False):
             precision    recall  f1-score   support

          0       0.95      0.98      0.97       100
          1       0.97      0.99      0.98       100
          2       0.93      0.90      0.91       100
          3       0.91      0.86      0.88       100
          4       0.90      0.93      0.92       100
          5       0.87      0.91      0.89       100
          6       0.96      0.93      0.94       100
          7       0.91      0.89      0.90       100
          8       0.87      0.86      0.86       100
          9       0.88      0.89      0.89       100

avg / total       0.91      0.91      0.91      1000

Accuracy: 0.914
Confusion matrix:
[[98  0  0  0  0  1  1  0  0  0]
 [ 0 99  0  0  0  0  0  0  1  0]
 [ 0  0 90  0  1  0  1  2  5  1]
 [ 0  0  1 86  0  8  1  2  1  1]
 [ 0  0  1  0 93  0  0  1  0  5]
 [ 1  1  0  3  0 91  1  0  2  1]
 [ 3  0  1  0  1  1 93  0  1  0]
 [ 0  2  3  0  2  0  0 89  1  3]
 [ 1  0  1  5  2  3  0  1 86  1]
 [ 0  0  0  1  4  1  0  3  2 89]]
---------------C: 100.000000 -------------
fitting
fitting completed. Took  0.11m
predicting
prediction complete
done

Classification report for classifier SVC(C=100, cache_size=200, class_weight=None, coef0=0.0,
  decision_function_shape=None, degree=3, gamma=0.001, kernel='rbf',
  max_iter=-1, probability=False, random_state=None, shrinking=True,
  tol=0.001, verbose=False):
             precision    recall  f1-score   support

          0       0.96      0.97      0.97       100
          1       0.94      1.00      0.97       100
          2       0.95      0.87      0.91       100
          3       0.88      0.90      0.89       100
          4       0.89      0.95      0.92       100
          5       0.90      0.88      0.89       100
          6       0.95      0.92      0.93       100
          7       0.91      0.90      0.90       100
          8       0.89      0.87      0.88       100
          9       0.89      0.89      0.89       100

avg / total       0.92      0.92      0.91      1000

Accuracy: 0.915
Confusion matrix:
[[ 97   0   0   0   0   1   2   0   0   0]
 [  0 100   0   0   0   0   0   0   0   0]
 [  0   2  87   2   1   0   1   2   4   1]
 [  0   1   0  90   0   4   1   1   2   1]
 [  0   1   0   0  95   0   0   0   0   4]
 [  1   0   0   4   0  88   1   0   4   2]
 [  2   0   1   0   2   2  92   0   1   0]
 [  0   1   4   0   2   0   0  90   0   3]
 [  1   0   0   5   2   2   0   3  87   0]
 [  0   1   0   1   5   1   0   3   0  89]]