

==========Samples: (1000, 500, 500) ===========


---------------C: 0.010000 -------------
fitting
fitting completed. Took  0.04m
predicting
prediction complete
done

Classification report for classifier SVC(C=0.01, cache_size=200, class_weight=None, coef0=0.0,
  decision_function_shape=None, degree=3, gamma=0.001, kernel='rbf',
  max_iter=-1, probability=False, random_state=None, shrinking=True,
  tol=0.001, verbose=False):
             precision    recall  f1-score   support

          0       0.00      0.00      0.00        42
          1       0.00      0.00      0.00        67
          2       0.00      0.00      0.00        55
          3       0.00      0.00      0.00        45
          4       0.00      0.00      0.00        55
          5       0.00      0.00      0.00        50
          6       0.00      0.00      0.00        43
          7       0.10      1.00      0.18        49
          8       0.00      0.00      0.00        40
          9       0.00      0.00      0.00        54

avg / total       0.01      0.10      0.02       500

Accuracy: 0.098
Confusion matrix:
[[ 0  0  0  0  0  0  0 42  0  0]
 [ 0  0  0  0  0  0  0 67  0  0]
 [ 0  0  0  0  0  0  0 55  0  0]
 [ 0  0  0  0  0  0  0 45  0  0]
 [ 0  0  0  0  0  0  0 55  0  0]
 [ 0  0  0  0  0  0  0 50  0  0]
 [ 0  0  0  0  0  0  0 43  0  0]
 [ 0  0  0  0  0  0  0 49  0  0]
 [ 0  0  0  0  0  0  0 40  0  0]
 [ 0  0  0  0  0  0  0 54  0  0]]
---------------C: 0.100000 -------------
fitting
fitting completed. Took  0.04m
predicting
prediction complete
done

Classification report for classifier SVC(C=0.1, cache_size=200, class_weight=None, coef0=0.0,
  decision_function_shape=None, degree=3, gamma=0.001, kernel='rbf',
  max_iter=-1, probability=False, random_state=None, shrinking=True,
  tol=0.001, verbose=False):
             precision    recall  f1-score   support

          0       0.00      0.00      0.00        42
          1       1.00      0.06      0.11        67
          2       0.00      0.00      0.00        55
          3       0.00      0.00      0.00        45
          4       0.00      0.00      0.00        55
          5       0.00      0.00      0.00        50
          6       0.00      0.00      0.00        43
          7       0.10      1.00      0.18        49
          8       0.00      0.00      0.00        40
          9       0.00      0.00      0.00        54

avg / total       0.14      0.11      0.03       500

Accuracy: 0.106
Confusion matrix:
[[ 0  0  0  0  0  0  0 42  0  0]
 [ 0  4  0  0  0  0  0 63  0  0]
 [ 0  0  0  0  0  0  0 55  0  0]
 [ 0  0  0  0  0  0  0 45  0  0]
 [ 0  0  0  0  0  0  0 55  0  0]
 [ 0  0  0  0  0  0  0 50  0  0]
 [ 0  0  0  0  0  0  0 43  0  0]
 [ 0  0  0  0  0  0  0 49  0  0]
 [ 0  0  0  0  0  0  0 40  0  0]
 [ 0  0  0  0  0  0  0 54  0  0]]
---------------C: 1.000000 -------------
fitting
fitting completed. Took  0.02m
predicting
prediction complete
done

Classification report for classifier SVC(C=1, cache_size=200, class_weight=None, coef0=0.0,
  decision_function_shape=None, degree=3, gamma=0.001, kernel='rbf',
  max_iter=-1, probability=False, random_state=None, shrinking=True,
  tol=0.001, verbose=False):
             precision    recall  f1-score   support

          0       0.85      0.93      0.89        42
          1       0.79      1.00      0.88        67
          2       0.83      0.64      0.72        55
          3       0.86      0.56      0.68        45
          4       0.72      0.71      0.72        55
          5       0.62      0.76      0.68        50
          6       1.00      0.65      0.79        43
          7       0.74      0.86      0.79        49
          8       0.90      0.65      0.75        40
          9       0.67      0.85      0.75        54

avg / total       0.79      0.77      0.77       500

Accuracy: 0.77
Confusion matrix:
[[39  0  0  0  1  2  0  0  0  0]
 [ 0 67  0  0  0  0  0  0  0  0]
 [ 1 10 35  1  0  1  0  6  1  0]
 [ 0  2  1 25  0 13  0  4  0  0]
 [ 0  1  1  0 39  0  0  0  0 14]
 [ 2  1  1  2  3 38  0  1  0  2]
 [ 2  0  2  0  7  4 28  0  0  0]
 [ 0  2  1  0  1  0  0 42  0  3]
 [ 2  1  1  0  1  3  0  2 26  4]
 [ 0  1  0  1  2  0  0  2  2 46]]
---------------C: 10.000000 -------------
fitting
fitting completed. Took  0.01m
predicting
prediction complete
done

Classification report for classifier SVC(C=10, cache_size=200, class_weight=None, coef0=0.0,
  decision_function_shape=None, degree=3, gamma=0.001, kernel='rbf',
  max_iter=-1, probability=False, random_state=None, shrinking=True,
  tol=0.001, verbose=False):
             precision    recall  f1-score   support

          0       0.89      0.93      0.91        42
          1       0.97      1.00      0.99        67
          2       0.87      0.84      0.85        55
          3       0.97      0.71      0.82        45
          4       0.84      0.95      0.89        55
          5       0.71      0.80      0.75        50
          6       0.88      0.81      0.84        43
          7       0.76      0.90      0.82        49
          8       0.94      0.78      0.85        40
          9       0.88      0.85      0.87        54

avg / total       0.87      0.86      0.86       500

Accuracy: 0.864
Confusion matrix:
[[39  0  0  0  1  2  0  0  0  0]
 [ 0 67  0  0  0  0  0  0  0  0]
 [ 1  1 46  0  1  0  2  3  1  0]
 [ 0  0  1 32  0  9  0  3  0  0]
 [ 0  0  0  0 52  0  2  0  0  1]
 [ 0  1  1  1  2 40  1  3  0  1]
 [ 2  0  2  0  2  2 35  0  0  0]
 [ 0  0  2  0  2  0  0 44  0  1]
 [ 2  0  1  0  1  1  0  1 31  3]
 [ 0  0  0  0  1  2  0  4  1 46]]
---------------C: 100.000000 -------------
fitting
fitting completed. Took  0.01m
predicting
prediction complete
done

Classification report for classifier SVC(C=100, cache_size=200, class_weight=None, coef0=0.0,
  decision_function_shape=None, degree=3, gamma=0.001, kernel='rbf',
  max_iter=-1, probability=False, random_state=None, shrinking=True,
  tol=0.001, verbose=False):
             precision    recall  f1-score   support

          0       0.91      0.93      0.92        42
          1       0.97      1.00      0.99        67
          2       0.86      0.93      0.89        55
          3       0.88      0.80      0.84        45
          4       0.89      0.87      0.88        55
          5       0.73      0.86      0.79        50
          6       0.95      0.86      0.90        43
          7       0.81      0.86      0.83        49
          8       0.94      0.72      0.82        40
          9       0.81      0.80      0.80        54

avg / total       0.87      0.87      0.87       500

Accuracy: 0.87
Confusion matrix:
[[39  0  0  0  0  2  1  0  0  0]
 [ 0 67  0  0  0  0  0  0  0  0]
 [ 1  0 51  0  1  0  0  2  0  0]
 [ 0  1  1 36  0  7  0  0  0  0]
 [ 0  0  0  0 48  1  1  0  0  5]
 [ 0  1  1  1  0 43  0  2  1  1]
 [ 1  0  2  0  1  2 37  0  0  0]
 [ 0  0  3  0  2  0  0 42  0  2]
 [ 2  0  1  1  1  2  0  2 29  2]
 [ 0  0  0  3  1  2  0  4  1 43]]

==========Samples: (3000, 500, 500) ===========


---------------C: 0.010000 -------------
fitting
fitting completed. Took  0.34m
predicting
prediction complete
done

Classification report for classifier SVC(C=0.01, cache_size=200, class_weight=None, coef0=0.0,
  decision_function_shape=None, degree=3, gamma=0.001, kernel='rbf',
  max_iter=-1, probability=False, random_state=None, shrinking=True,
  tol=0.001, verbose=False):
             precision    recall  f1-score   support

          0       0.00      0.00      0.00        42
          1       0.13      1.00      0.24        67
          2       0.00      0.00      0.00        55
          3       0.00      0.00      0.00        45
          4       0.00      0.00      0.00        55
          5       0.00      0.00      0.00        50
          6       0.00      0.00      0.00        43
          7       0.00      0.00      0.00        49
          8       0.00      0.00      0.00        40
          9       0.00      0.00      0.00        54

avg / total       0.02      0.13      0.03       500

Accuracy: 0.134
Confusion matrix:
[[ 0 42  0  0  0  0  0  0  0  0]
 [ 0 67  0  0  0  0  0  0  0  0]
 [ 0 55  0  0  0  0  0  0  0  0]
 [ 0 45  0  0  0  0  0  0  0  0]
 [ 0 55  0  0  0  0  0  0  0  0]
 [ 0 50  0  0  0  0  0  0  0  0]
 [ 0 43  0  0  0  0  0  0  0  0]
 [ 0 49  0  0  0  0  0  0  0  0]
 [ 0 40  0  0  0  0  0  0  0  0]
 [ 0 54  0  0  0  0  0  0  0  0]]
---------------C: 0.100000 -------------
fitting
fitting completed. Took  0.32m
predicting
prediction complete
done

Classification report for classifier SVC(C=0.1, cache_size=200, class_weight=None, coef0=0.0,
  decision_function_shape=None, degree=3, gamma=0.001, kernel='rbf',
  max_iter=-1, probability=False, random_state=None, shrinking=True,
  tol=0.001, verbose=False):
             precision    recall  f1-score   support

          0       0.90      0.83      0.86        42
          1       0.55      1.00      0.71        67
          2       0.93      0.47      0.63        55
          3       0.44      0.80      0.57        45
          4       0.41      0.96      0.58        55
          5       0.00      0.00      0.00        50
          6       0.78      0.67      0.72        43
          7       0.61      0.80      0.69        49
          8       1.00      0.03      0.05        40
          9       0.00      0.00      0.00        54

avg / total       0.54      0.57      0.49       500

Accuracy: 0.572
Confusion matrix:
[[35  1  0  1  3  0  2  0  0  0]
 [ 0 67  0  0  0  0  0  0  0  0]
 [ 0 19 26  4  1  0  2  3  0  0]
 [ 0  3  1 36  0  0  1  4  0  0]
 [ 0  2  0  0 53  0  0  0  0  0]
 [ 2  8  0 26 10  0  1  3  0  0]
 [ 2  2  0  0 10  0 29  0  0  0]
 [ 0  7  0  0  3  0  0 39  0  0]
 [ 0  7  1 12 11  0  2  6  1  0]
 [ 0  5  0  2 38  0  0  9  0  0]]
---------------C: 1.000000 -------------
fitting
fitting completed. Took  0.14m
predicting
prediction complete
done

Classification report for classifier SVC(C=1, cache_size=200, class_weight=None, coef0=0.0,
  decision_function_shape=None, degree=3, gamma=0.001, kernel='rbf',
  max_iter=-1, probability=False, random_state=None, shrinking=True,
  tol=0.001, verbose=False):
             precision    recall  f1-score   support

          0       0.89      0.95      0.92        42
          1       0.88      1.00      0.94        67
          2       0.90      0.84      0.87        55
          3       0.90      0.80      0.85        45
          4       0.89      0.91      0.90        55
          5       0.81      0.88      0.85        50
          6       0.97      0.84      0.90        43
          7       0.79      0.86      0.82        49
          8       0.94      0.78      0.85        40
          9       0.85      0.87      0.86        54

avg / total       0.88      0.88      0.88       500

Accuracy: 0.878
Confusion matrix:
[[40  0  0  0  0  2  0  0  0  0]
 [ 0 67  0  0  0  0  0  0  0  0]
 [ 1  2 46  0  1  0  1  3  1  0]
 [ 0  1  1 36  0  4  0  3  0  0]
 [ 0  1  1  0 50  0  0  0  0  3]
 [ 1  1  1  2  0 44  0  1  0  0]
 [ 2  0  2  0  1  2 36  0  0  0]
 [ 0  2  0  0  2  0  0 42  0  3]
 [ 1  1  0  0  1  2  0  2 31  2]
 [ 0  1  0  2  1  0  0  2  1 47]]
---------------C: 10.000000 -------------
fitting
fitting completed. Took  0.06m
predicting
prediction complete
done

Classification report for classifier SVC(C=10, cache_size=200, class_weight=None, coef0=0.0,
  decision_function_shape=None, degree=3, gamma=0.001, kernel='rbf',
  max_iter=-1, probability=False, random_state=None, shrinking=True,
  tol=0.001, verbose=False):
             precision    recall  f1-score   support

          0       0.93      0.98      0.95        42
          1       0.97      1.00      0.99        67
          2       0.96      0.93      0.94        55
          3       0.93      0.82      0.87        45
          4       0.92      0.98      0.95        55
          5       0.82      0.90      0.86        50
          6       0.97      0.88      0.93        43
          7       0.84      0.96      0.90        49
          8       0.94      0.80      0.86        40
          9       0.94      0.89      0.91        54

avg / total       0.92      0.92      0.92       500

Accuracy: 0.92
Confusion matrix:
[[41  0  0  0  0  1  0  0  0  0]
 [ 0 67  0  0  0  0  0  0  0  0]
 [ 0  0 51  0  1  0  0  1  1  1]
 [ 0  0  0 37  0  5  0  3  0  0]
 [ 0  0  1  0 54  0  0  0  0  0]
 [ 1  1  0  2  0 45  1  0  0  0]
 [ 2  0  1  0  1  1 38  0  0  0]
 [ 0  0  0  0  2  0  0 47  0  0]
 [ 0  1  0  0  1  2  0  2 32  2]
 [ 0  0  0  1  0  1  0  3  1 48]]
---------------C: 100.000000 -------------
fitting
fitting completed. Took  0.05m
predicting
prediction complete
done

Classification report for classifier SVC(C=100, cache_size=200, class_weight=None, coef0=0.0,
  decision_function_shape=None, degree=3, gamma=0.001, kernel='rbf',
  max_iter=-1, probability=False, random_state=None, shrinking=True,
  tol=0.001, verbose=False):
             precision    recall  f1-score   support

          0       0.95      0.98      0.96        42
          1       0.96      1.00      0.98        67
          2       0.93      0.93      0.93        55
          3       0.91      0.93      0.92        45
          4       0.84      0.98      0.91        55
          5       0.83      0.88      0.85        50
          6       0.97      0.91      0.94        43
          7       0.88      0.88      0.88        49
          8       0.91      0.75      0.82        40
          9       0.94      0.81      0.87        54

avg / total       0.91      0.91      0.91       500

Accuracy: 0.91
Confusion matrix:
[[41  0  0  0  0  1  0  0  0  0]
 [ 0 67  0  0  0  0  0  0  0  0]
 [ 0  1 51  0  1  0  0  1  1  0]
 [ 0  0  0 42  0  2  0  1  0  0]
 [ 0  0  0  0 54  0  0  0  0  1]
 [ 0  1  0  3  0 44  1  0  1  0]
 [ 1  0  1  0  1  1 39  0  0  0]
 [ 0  0  2  0  2  0  0 43  0  2]
 [ 1  1  0  0  2  4  0  2 30  0]
 [ 0  0  1  1  4  1  0  2  1 44]]

==========Samples: (5000, 500, 500) ===========


---------------C: 0.010000 -------------
fitting
fitting completed. Took  0.98m
predicting
prediction complete
done

Classification report for classifier SVC(C=0.01, cache_size=200, class_weight=None, coef0=0.0,
  decision_function_shape=None, degree=3, gamma=0.001, kernel='rbf',
  max_iter=-1, probability=False, random_state=None, shrinking=True,
  tol=0.001, verbose=False):
             precision    recall  f1-score   support

          0       0.00      0.00      0.00        42
          1       0.13      1.00      0.24        67
          2       0.00      0.00      0.00        55
          3       0.00      0.00      0.00        45
          4       0.00      0.00      0.00        55
          5       0.00      0.00      0.00        50
          6       0.00      0.00      0.00        43
          7       0.00      0.00      0.00        49
          8       0.00      0.00      0.00        40
          9       0.00      0.00      0.00        54

avg / total       0.02      0.13      0.03       500

Accuracy: 0.134
Confusion matrix:
[[ 0 42  0  0  0  0  0  0  0  0]
 [ 0 67  0  0  0  0  0  0  0  0]
 [ 0 55  0  0  0  0  0  0  0  0]
 [ 0 45  0  0  0  0  0  0  0  0]
 [ 0 55  0  0  0  0  0  0  0  0]
 [ 0 50  0  0  0  0  0  0  0  0]
 [ 0 43  0  0  0  0  0  0  0  0]
 [ 0 49  0  0  0  0  0  0  0  0]
 [ 0 40  0  0  0  0  0  0  0  0]
 [ 0 54  0  0  0  0  0  0  0  0]]
---------------C: 0.100000 -------------
fitting
fitting completed. Took  0.79m
predicting
prediction complete
done

Classification report for classifier SVC(C=0.1, cache_size=200, class_weight=None, coef0=0.0,
  decision_function_shape=None, degree=3, gamma=0.001, kernel='rbf',
  max_iter=-1, probability=False, random_state=None, shrinking=True,
  tol=0.001, verbose=False):
             precision    recall  f1-score   support

          0       0.90      0.86      0.88        42
          1       0.69      1.00      0.82        67
          2       0.94      0.56      0.70        55
          3       0.56      0.84      0.67        45
          4       0.52      0.96      0.68        55
          5       0.72      0.26      0.38        50
          6       0.86      0.74      0.80        43
          7       0.67      0.84      0.75        49
          8       0.81      0.72      0.76        40
          9       1.00      0.17      0.29        54

avg / total       0.76      0.70      0.67       500

Accuracy: 0.698
Confusion matrix:
[[36  0  0  0  1  3  1  0  1  0]
 [ 0 67  0  0  0  0  0  0  0  0]
 [ 0 13 31  4  0  0  1  5  1  0]
 [ 0  2  1 38  0  0  1  3  0  0]
 [ 0  2  0  0 53  0  0  0  0  0]
 [ 2  4  0 21  4 13  1  3  2  0]
 [ 2  0  1  0  6  2 32  0  0  0]
 [ 0  5  0  0  2  0  0 41  1  0]
 [ 0  1  0  4  3  0  1  2 29  0]
 [ 0  3  0  1 32  0  0  7  2  9]]
---------------C: 1.000000 -------------
fitting
fitting completed. Took  0.31m
predicting
prediction complete
done

Classification report for classifier SVC(C=1, cache_size=200, class_weight=None, coef0=0.0,
  decision_function_shape=None, degree=3, gamma=0.001, kernel='rbf',
  max_iter=-1, probability=False, random_state=None, shrinking=True,
  tol=0.001, verbose=False):
             precision    recall  f1-score   support

          0       0.91      0.93      0.92        42
          1       0.94      1.00      0.97        67
          2       0.94      0.87      0.91        55
          3       0.90      0.82      0.86        45
          4       0.87      0.95      0.90        55
          5       0.80      0.88      0.84        50
          6       0.95      0.86      0.90        43
          7       0.84      0.86      0.85        49
          8       0.89      0.85      0.87        40
          9       0.90      0.87      0.89        54

avg / total       0.90      0.89      0.89       500

Accuracy: 0.894
Confusion matrix:
[[39  0  0  0  0  2  1  0  0  0]
 [ 0 67  0  0  0  0  0  0  0  0]
 [ 1  0 48  1  1  0  0  3  1  0]
 [ 0  0  0 37  0  5  0  3  0  0]
 [ 0  1  1  0 52  0  0  0  0  1]
 [ 1  0  0  2  1 44  1  1  0  0]
 [ 2  0  1  0  1  2 37  0  0  0]
 [ 0  2  0  0  2  0  0 42  0  3]
 [ 0  0  1  0  1  2  0  1 34  1]
 [ 0  1  0  1  2  0  0  0  3 47]]
---------------C: 10.000000 -------------
fitting
fitting completed. Took  0.14m
predicting
prediction complete
done

Classification report for classifier SVC(C=10, cache_size=200, class_weight=None, coef0=0.0,
  decision_function_shape=None, degree=3, gamma=0.001, kernel='rbf',
  max_iter=-1, probability=False, random_state=None, shrinking=True,
  tol=0.001, verbose=False):
             precision    recall  f1-score   support

          0       0.91      0.98      0.94        42
          1       1.00      1.00      1.00        67
          2       0.98      0.93      0.95        55
          3       0.93      0.89      0.91        45
          4       0.89      0.98      0.93        55
          5       0.87      0.92      0.89        50
          6       0.95      0.91      0.93        43
          7       0.90      0.96      0.93        49
          8       0.90      0.90      0.90        40
          9       1.00      0.85      0.92        54

avg / total       0.94      0.93      0.93       500

Accuracy: 0.934
Confusion matrix:
[[41  0  0  0  0  1  0  0  0  0]
 [ 0 67  0  0  0  0  0  0  0  0]
 [ 0  0 51  0  1  0  0  2  1  0]
 [ 0  0  0 40  0  4  0  1  0  0]
 [ 0  0  0  0 54  0  1  0  0  0]
 [ 1  0  0  2  0 46  1  0  0  0]
 [ 2  0  1  0  1  0 39  0  0  0]
 [ 0  0  0  0  2  0  0 47  0  0]
 [ 1  0  0  0  1  2  0  0 36  0]
 [ 0  0  0  1  2  0  0  2  3 46]]
---------------C: 100.000000 -------------
fitting
fitting completed. Took  0.11m
predicting
prediction complete
done

Classification report for classifier SVC(C=100, cache_size=200, class_weight=None, coef0=0.0,
  decision_function_shape=None, degree=3, gamma=0.001, kernel='rbf',
  max_iter=-1, probability=False, random_state=None, shrinking=True,
  tol=0.001, verbose=False):
             precision    recall  f1-score   support

          0       0.95      0.95      0.95        42
          1       0.97      1.00      0.99        67
          2       0.94      0.89      0.92        55
          3       0.89      0.93      0.91        45
          4       0.89      0.98      0.93        55
          5       0.87      0.90      0.88        50
          6       0.95      0.93      0.94        43
          7       0.88      0.92      0.90        49
          8       0.94      0.82      0.88        40
          9       0.96      0.87      0.91        54

avg / total       0.93      0.92      0.92       500

Accuracy: 0.924
Confusion matrix:
[[40  0  0  0  0  1  1  0  0  0]
 [ 0 67  0  0  0  0  0  0  0  0]
 [ 0  1 49  1  1  1  0  1  1  0]
 [ 0  0  0 42  0  2  0  1  0  0]
 [ 0  0  1  0 54  0  0  0  0  0]
 [ 0  0  0  2  0 45  1  0  1  1]
 [ 1  0  1  0  1  0 40  0  0  0]
 [ 0  0  1  0  2  0  0 45  0  1]
 [ 1  0  0  1  1  2  0  2 33  0]
 [ 0  1  0  1  2  1  0  2  0 47]]

==========Samples: (10000, 500, 500) ===========


---------------C: 0.010000 -------------
fitting
fitting completed. Took  3.94m
predicting
prediction complete
done

Classification report for classifier SVC(C=0.01, cache_size=200, class_weight=None, coef0=0.0,
  decision_function_shape=None, degree=3, gamma=0.001, kernel='rbf',
  max_iter=-1, probability=False, random_state=None, shrinking=True,
  tol=0.001, verbose=False):
             precision    recall  f1-score   support

          0       1.00      0.10      0.17        42
          1       0.14      1.00      0.24        67
          2       0.00      0.00      0.00        55
          3       0.00      0.00      0.00        45
          4       0.00      0.00      0.00        55
          5       0.00      0.00      0.00        50
          6       0.00      0.00      0.00        43
          7       1.00      0.02      0.04        49
          8       0.00      0.00      0.00        40
          9       0.00      0.00      0.00        54

avg / total       0.20      0.14      0.05       500

Accuracy: 0.144
Confusion matrix:
[[ 4 38  0  0  0  0  0  0  0  0]
 [ 0 67  0  0  0  0  0  0  0  0]
 [ 0 55  0  0  0  0  0  0  0  0]
 [ 0 45  0  0  0  0  0  0  0  0]
 [ 0 55  0  0  0  0  0  0  0  0]
 [ 0 50  0  0  0  0  0  0  0  0]
 [ 0 43  0  0  0  0  0  0  0  0]
 [ 0 48  0  0  0  0  0  1  0  0]
 [ 0 40  0  0  0  0  0  0  0  0]
 [ 0 54  0  0  0  0  0  0  0  0]]
---------------C: 0.100000 -------------
fitting
fitting completed. Took  2.47m
predicting
prediction complete
done

Classification report for classifier SVC(C=0.1, cache_size=200, class_weight=None, coef0=0.0,
  decision_function_shape=None, degree=3, gamma=0.001, kernel='rbf',
  max_iter=-1, probability=False, random_state=None, shrinking=True,
  tol=0.001, verbose=False):
             precision    recall  f1-score   support

          0       0.88      0.90      0.89        42
          1       0.78      0.99      0.87        67
          2       0.84      0.69      0.76        55
          3       0.69      0.80      0.74        45
          4       0.88      0.80      0.84        55
          5       0.80      0.72      0.76        50
          6       0.90      0.81      0.85        43
          7       0.85      0.82      0.83        49
          8       0.91      0.78      0.84        40
          9       0.80      0.89      0.84        54

avg / total       0.83      0.82      0.82       500

Accuracy: 0.824
Confusion matrix:
[[38  0  0  0  0  3  1  0  0  0]
 [ 0 66  0  1  0  0  0  0  0  0]
 [ 1  9 38  2  0  0  1  3  1  0]
 [ 0  2  1 36  0  3  0  3  0  0]
 [ 0  1  1  0 44  0  1  0  0  8]
 [ 2  1  0  9  1 36  1  0  0  0]
 [ 2  0  3  0  1  2 35  0  0  0]
 [ 0  4  1  0  2  0  0 40  0  2]
 [ 0  1  1  2  1  1  0  1 31  2]
 [ 0  1  0  2  1  0  0  0  2 48]]
---------------C: 1.000000 -------------
fitting
fitting completed. Took  0.91m
predicting
prediction complete
done

Classification report for classifier SVC(C=1, cache_size=200, class_weight=None, coef0=0.0,
  decision_function_shape=None, degree=3, gamma=0.001, kernel='rbf',
  max_iter=-1, probability=False, random_state=None, shrinking=True,
  tol=0.001, verbose=False):
             precision    recall  f1-score   support

          0       0.91      0.95      0.93        42
          1       0.96      1.00      0.98        67
          2       0.94      0.89      0.92        55
          3       0.93      0.84      0.88        45
          4       0.90      0.96      0.93        55
          5       0.85      0.92      0.88        50
          6       0.95      0.86      0.90        43
          7       0.86      0.90      0.88        49
          8       0.90      0.88      0.89        40
          9       0.94      0.89      0.91        54

avg / total       0.92      0.91      0.91       500

Accuracy: 0.914
Confusion matrix:
[[40  0  0  0  0  2  0  0  0  0]
 [ 0 67  0  0  0  0  0  0  0  0]
 [ 1  0 49  0  1  0  0  3  1  0]
 [ 0  0  0 38  0  3  1  3  0  0]
 [ 0  1  1  0 53  0  0  0  0  0]
 [ 1  0  0  2  0 46  1  0  0  0]
 [ 2  0  1  0  1  2 37  0  0  0]
 [ 0  1  0  0  2  0  0 44  0  2]
 [ 0  0  1  0  1  1  0  1 35  1]
 [ 0  1  0  1  1  0  0  0  3 48]]
---------------C: 10.000000 -------------
fitting
fitting completed. Took  0.42m
predicting
prediction complete
done

Classification report for classifier SVC(C=10, cache_size=200, class_weight=None, coef0=0.0,
  decision_function_shape=None, degree=3, gamma=0.001, kernel='rbf',
  max_iter=-1, probability=False, random_state=None, shrinking=True,
  tol=0.001, verbose=False):
             precision    recall  f1-score   support

          0       0.91      0.98      0.94        42
          1       1.00      1.00      1.00        67
          2       0.94      0.93      0.94        55
          3       0.91      0.91      0.91        45
          4       0.95      0.98      0.96        55
          5       0.92      0.92      0.92        50
          6       0.97      0.88      0.93        43
          7       0.92      0.96      0.94        49
          8       0.93      0.95      0.94        40
          9       0.96      0.91      0.93        54

avg / total       0.94      0.94      0.94       500

Accuracy: 0.944
Confusion matrix:
[[41  0  0  0  0  1  0  0  0  0]
 [ 0 67  0  0  0  0  0  0  0  0]
 [ 0  0 51  0  0  0  0  2  1  1]
 [ 0  0  0 41  0  3  0  1  0  0]
 [ 0  0  1  0 54  0  0  0  0  0]
 [ 1  0  0  2  0 46  1  0  0  0]
 [ 2  0  2  0  1  0 38  0  0  0]
 [ 0  0  0  0  1  0  0 47  0  1]
 [ 1  0  0  0  1  0  0  0 38  0]
 [ 0  0  0  2  0  0  0  1  2 49]]
---------------C: 100.000000 -------------
fitting
fitting completed. Took  0.34m
predicting
prediction complete
done

Classification report for classifier SVC(C=100, cache_size=200, class_weight=None, coef0=0.0,
  decision_function_shape=None, degree=3, gamma=0.001, kernel='rbf',
  max_iter=-1, probability=False, random_state=None, shrinking=True,
  tol=0.001, verbose=False):
             precision    recall  f1-score   support

          0       0.93      1.00      0.97        42
          1       0.99      1.00      0.99        67
          2       0.93      0.95      0.94        55
          3       0.91      0.93      0.92        45
          4       0.92      0.98      0.95        55
          5       0.96      0.94      0.95        50
          6       0.97      0.91      0.94        43
          7       0.92      0.96      0.94        49
          8       0.97      0.90      0.94        40
          9       0.96      0.87      0.91        54

avg / total       0.95      0.95      0.95       500

Accuracy: 0.946
Confusion matrix:
[[42  0  0  0  0  0  0  0  0  0]
 [ 0 67  0  0  0  0  0  0  0  0]
 [ 0  0 52  0  0  0  0  1  1  1]
 [ 0  0  0 42  0  2  0  1  0  0]
 [ 0  0  1  0 54  0  0  0  0  0]
 [ 1  0  0  1  0 47  1  0  0  0]
 [ 2  0  1  0  1  0 39  0  0  0]
 [ 0  0  0  0  1  0  0 47  0  1]
 [ 0  0  2  1  1  0  0  0 36  0]
 [ 0  1  0  2  2  0  0  2  0 47]]

==========Samples: (15000, 500, 500) ===========


---------------C: 0.010000 -------------
fitting
fitting completed. Took  8.89m
predicting
prediction complete
done

Classification report for classifier SVC(C=0.01, cache_size=200, class_weight=None, coef0=0.0,
  decision_function_shape=None, degree=3, gamma=0.001, kernel='rbf',
  max_iter=-1, probability=False, random_state=None, shrinking=True,
  tol=0.001, verbose=False):
             precision    recall  f1-score   support

          0       0.83      0.71      0.77        42
          1       0.18      1.00      0.30        67
          2       0.00      0.00      0.00        55
          3       0.50      0.20      0.29        45
          4       0.00      0.00      0.00        55
          5       0.00      0.00      0.00        50
          6       0.91      0.23      0.37        43
          7       0.37      0.43      0.40        49
          8       0.00      0.00      0.00        40
          9       0.00      0.00      0.00        54

avg / total       0.25      0.27      0.20       500

Accuracy: 0.274
Confusion matrix:
[[30 11  0  0  0  0  0  1  0  0]
 [ 0 67  0  0  0  0  0  0  0  0]
 [ 4 46  0  1  0  0  1  3  0  0]
 [ 0 36  0  9  0  0  0  0  0  0]
 [ 0 44  0  0  0  0  0 11  0  0]
 [ 1 41  0  7  0  0  0  1  0  0]
 [ 1 28  0  0  0  0 10  4  0  0]
 [ 0 28  0  0  0  0  0 21  0  0]
 [ 0 38  0  1  0  0  0  1  0  0]
 [ 0 39  0  0  0  0  0 15  0  0]]
---------------C: 0.100000 -------------
fitting
fitting completed. Took  4.68m
predicting
prediction complete
done

Classification report for classifier SVC(C=0.1, cache_size=200, class_weight=None, coef0=0.0,
  decision_function_shape=None, degree=3, gamma=0.001, kernel='rbf',
  max_iter=-1, probability=False, random_state=None, shrinking=True,
  tol=0.001, verbose=False):
             precision    recall  f1-score   support

          0       0.89      0.93      0.91        42
          1       0.82      0.99      0.90        67
          2       0.89      0.75      0.81        55
          3       0.78      0.80      0.79        45
          4       0.92      0.80      0.85        55
          5       0.82      0.82      0.82        50
          6       0.92      0.84      0.88        43
          7       0.85      0.82      0.83        49
          8       0.92      0.82      0.87        40
          9       0.77      0.91      0.83        54

avg / total       0.86      0.85      0.85       500

Accuracy: 0.85
Confusion matrix:
[[39  0  0  0  0  2  1  0  0  0]
 [ 0 66  0  1  0  0  0  0  0  0]
 [ 1  8 41  1  0  0  0  3  1  0]
 [ 0  1  1 36  0  4  0  3  0  0]
 [ 0  1  1  0 44  0  1  0  0  8]
 [ 2  1  0  5  0 41  1  0  0  0]
 [ 2  0  2  0  1  2 36  0  0  0]
 [ 0  2  0  0  2  0  0 40  0  5]
 [ 0  0  1  1  1  1  0  1 33  2]
 [ 0  1  0  2  0  0  0  0  2 49]]
---------------C: 1.000000 -------------
fitting
fitting completed. Took  1.76m
predicting
prediction complete
done

Classification report for classifier SVC(C=1, cache_size=200, class_weight=None, coef0=0.0,
  decision_function_shape=None, degree=3, gamma=0.001, kernel='rbf',
  max_iter=-1, probability=False, random_state=None, shrinking=True,
  tol=0.001, verbose=False):
             precision    recall  f1-score   support

          0       0.91      0.95      0.93        42
          1       0.97      1.00      0.99        67
          2       0.96      0.89      0.92        55
          3       0.93      0.84      0.88        45
          4       0.91      0.96      0.94        55
          5       0.87      0.92      0.89        50
          6       0.97      0.88      0.93        43
          7       0.87      0.92      0.89        49
          8       0.90      0.95      0.93        40
          9       0.94      0.89      0.91        54

avg / total       0.93      0.92      0.92       500

Accuracy: 0.924
Confusion matrix:
[[40  0  0  0  0  2  0  0  0  0]
 [ 0 67  0  0  0  0  0  0  0  0]
 [ 1  0 49  0  1  0  0  3  1  0]
 [ 0  0  0 38  0  4  0  3  0  0]
 [ 0  1  1  0 53  0  0  0  0  0]
 [ 1  0  0  2  0 46  1  0  0  0]
 [ 2  0  1  0  1  1 38  0  0  0]
 [ 0  0  0  0  2  0  0 45  0  2]
 [ 0  0  0  0  0  0  0  1 38  1]
 [ 0  1  0  1  1  0  0  0  3 48]]
---------------C: 10.000000 -------------
fitting
fitting completed. Took  0.83m
predicting
prediction complete
done

Classification report for classifier SVC(C=10, cache_size=200, class_weight=None, coef0=0.0,
  decision_function_shape=None, degree=3, gamma=0.001, kernel='rbf',
  max_iter=-1, probability=False, random_state=None, shrinking=True,
  tol=0.001, verbose=False):
             precision    recall  f1-score   support

          0       0.91      1.00      0.95        42
          1       1.00      1.00      1.00        67
          2       0.95      0.96      0.95        55
          3       0.91      0.89      0.90        45
          4       0.95      0.98      0.96        55
          5       0.90      0.92      0.91        50
          6       0.97      0.88      0.93        43
          7       0.92      0.94      0.93        49
          8       0.95      0.95      0.95        40
          9       0.96      0.89      0.92        54

avg / total       0.94      0.94      0.94       500

Accuracy: 0.944
Confusion matrix:
[[42  0  0  0  0  0  0  0  0  0]
 [ 0 67  0  0  0  0  0  0  0  0]
 [ 0  0 53  0  0  0  0  1  0  1]
 [ 0  0  0 40  0  3  0  2  0  0]
 [ 0  0  1  0 54  0  0  0  0  0]
 [ 1  0  0  2  0 46  1  0  0  0]
 [ 2  0  1  0  1  1 38  0  0  0]
 [ 0  0  1  0  1  0  0 46  0  1]
 [ 1  0  0  0  0  1  0  0 38  0]
 [ 0  0  0  2  1  0  0  1  2 48]]
---------------C: 100.000000 -------------
fitting
fitting completed. Took  0.65m
predicting
prediction complete
done

Classification report for classifier SVC(C=100, cache_size=200, class_weight=None, coef0=0.0,
  decision_function_shape=None, degree=3, gamma=0.001, kernel='rbf',
  max_iter=-1, probability=False, random_state=None, shrinking=True,
  tol=0.001, verbose=False):
             precision    recall  f1-score   support

          0       0.93      0.98      0.95        42
          1       0.99      1.00      0.99        67
          2       0.95      0.96      0.95        55
          3       0.95      0.93      0.94        45
          4       0.95      0.98      0.96        55
          5       0.94      0.94      0.94        50
          6       0.98      0.93      0.95        43
          7       0.96      0.96      0.96        49
          8       0.97      0.95      0.96        40
          9       0.96      0.93      0.94        54

avg / total       0.96      0.96      0.96       500

Accuracy: 0.958
Confusion matrix:
[[41  0  0  0  0  1  0  0  0  0]
 [ 0 67  0  0  0  0  0  0  0  0]
 [ 0  0 53  0  0  0  0  1  0  1]
 [ 0  0  1 42  0  1  0  1  0  0]
 [ 0  0  1  0 54  0  0  0  0  0]
 [ 1  0  0  1  0 47  1  0  0  0]
 [ 2  0  0  0  1  0 40  0  0  0]
 [ 0  0  0  0  1  0  0 47  0  1]
 [ 0  0  1  0  0  1  0  0 38  0]
 [ 0  1  0  1  1  0  0  0  1 50]]