fitting
fitting completed. Took  14.99m
predicting
prediction complete
done

Classification report for classifier SVC(C=1, cache_size=200, class_weight=None, coef0=0.0,
  decision_function_shape=None, degree=3, gamma=0.001, kernel='rbf',
  max_iter=-1, probability=False, random_state=None, shrinking=True,
  tol=0.001, verbose=False):
             precision    recall  f1-score   support

          0       0.96      0.99      0.97       980
          1       0.97      0.99      0.98      1135
          2       0.94      0.93      0.93      1032
          3       0.92      0.94      0.93      1010
          4       0.92      0.95      0.93       982
          5       0.92      0.90      0.91       892
          6       0.94      0.96      0.95       958
          7       0.95      0.93      0.94      1028
          8       0.93      0.91      0.92       974
          9       0.93      0.91      0.92      1009

avg / total       0.94      0.94      0.94     10000

Accuracy: 0.9401
Confusion matrix:
[[ 966    0    1    0    1    6    4    1    1    0]
 [   0 1119    2    3    0    1    3    1    6    0]
 [   8    0  956    8   11    1   14   10   22    2]
 [   1    1   14  948    1   17    1   10   13    4]
 [   1    2    7    0  928    0    8    2    2   32]
 [   7    5    5   34    8  804   12    3   10    4]
 [   9    3    4    1    6   11  923    0    1    0]
 [   2   14   22    5    7    1    0  953    4   20]
 [   4    7    6   13    8   25   11    8  888    4]
 [  10    6    0   13   34    7    1   16    6  916]]