_______RUN: 0

==========Pre Train: 0.1 ===========


---------------C: 10.000000 -------------
fitting
fitting completed. Took  0.10m
predicting
prediction complete
done

Classification report for classifier SVC(C=10, cache_size=200, class_weight=None, coef0=0.0,
  decision_function_shape=None, degree=3, gamma=0.001, kernel='rbf',
  max_iter=-1, probability=False, random_state=None, shrinking=True,
  tol=0.001, verbose=False):
             precision    recall  f1-score   support

          0       0.95      0.98      0.97        85
          1       0.98      0.98      0.98       126
          2       0.92      0.92      0.92       116
          3       0.91      0.81      0.86       107
          4       0.90      0.95      0.92       110
          5       0.84      0.92      0.88        87
          6       0.94      0.92      0.93        87
          7       0.88      0.89      0.88        99
          8       0.88      0.85      0.87        89
          9       0.88      0.87      0.88        94

avg / total       0.91      0.91      0.91      1000

Accuracy: 0.911
Confusion matrix:
[[ 83   0   0   0   0   1   1   0   0   0]
 [  0 124   0   0   0   0   1   0   1   0]
 [  0   0 107   1   1   0   0   2   4   1]
 [  0   0   1  87   0  11   1   3   3   1]
 [  0   0   1   0 104   0   0   1   0   4]
 [  1   1   0   2   0  80   1   0   1   1]
 [  3   0   2   0   1   1  80   0   0   0]
 [  0   2   2   1   3   0   0  88   0   3]
 [  0   0   3   4   2   1   1   1  76   1]
 [  0   0   0   1   4   1   0   5   1  82]]
---------------C: 100.000000 -------------
fitting
fitting completed. Took  0.08m
predicting
prediction complete
done

Classification report for classifier SVC(C=100, cache_size=200, class_weight=None, coef0=0.0,
  decision_function_shape=None, degree=3, gamma=0.001, kernel='rbf',
  max_iter=-1, probability=False, random_state=None, shrinking=True,
  tol=0.001, verbose=False):
             precision    recall  f1-score   support

          0       0.95      0.96      0.96        85
          1       0.95      0.99      0.97       126
          2       0.96      0.92      0.94       116
          3       0.91      0.90      0.90       107
          4       0.91      0.96      0.94       110
          5       0.87      0.89      0.88        87
          6       0.94      0.93      0.94        87
          7       0.90      0.89      0.89        99
          8       0.96      0.88      0.92        89
          9       0.89      0.90      0.90        94

avg / total       0.93      0.93      0.92      1000

Accuracy: 0.925
Confusion matrix:
[[ 82   0   0   0   0   1   2   0   0   0]
 [  0 125   0   0   0   0   1   0   0   0]
 [  1   3 107   1   1   0   0   2   0   1]
 [  0   1   0  96   0   7   1   1   1   0]
 [  0   1   0   0 106   0   0   0   0   3]
 [  1   0   0   4   0  77   1   0   2   2]
 [  2   0   2   0   2   0  81   0   0   0]
 [  0   1   2   1   2   1   0  88   0   4]
 [  0   0   0   3   2   2   0   4  78   0]
 [  0   1   0   1   3   1   0   3   0  85]]

==========Pre Train: 0.03 ===========


---------------C: 10.000000 -------------
fitting
fitting completed. Took  0.10m
predicting
prediction complete
done

Classification report for classifier SVC(C=10, cache_size=200, class_weight=None, coef0=0.0,
  decision_function_shape=None, degree=3, gamma=0.001, kernel='rbf',
  max_iter=-1, probability=False, random_state=None, shrinking=True,
  tol=0.001, verbose=False):
             precision    recall  f1-score   support

          0       0.95      0.98      0.97        85
          1       0.98      0.98      0.98       126
          2       0.92      0.92      0.92       116
          3       0.91      0.81      0.86       107
          4       0.90      0.95      0.92       110
          5       0.84      0.92      0.88        87
          6       0.94      0.92      0.93        87
          7       0.88      0.89      0.88        99
          8       0.88      0.85      0.87        89
          9       0.88      0.87      0.88        94

avg / total       0.91      0.91      0.91      1000

Accuracy: 0.911
Confusion matrix:
[[ 83   0   0   0   0   1   1   0   0   0]
 [  0 124   0   0   0   0   1   0   1   0]
 [  0   0 107   1   1   0   0   2   4   1]
 [  0   0   1  87   0  11   1   3   3   1]
 [  0   0   1   0 104   0   0   1   0   4]
 [  1   1   0   2   0  80   1   0   1   1]
 [  3   0   2   0   1   1  80   0   0   0]
 [  0   2   2   1   3   0   0  88   0   3]
 [  0   0   3   4   2   1   1   1  76   1]
 [  0   0   0   1   4   1   0   5   1  82]]
---------------C: 100.000000 -------------
fitting
fitting completed. Took  0.08m
predicting
prediction complete
done

Classification report for classifier SVC(C=100, cache_size=200, class_weight=None, coef0=0.0,
  decision_function_shape=None, degree=3, gamma=0.001, kernel='rbf',
  max_iter=-1, probability=False, random_state=None, shrinking=True,
  tol=0.001, verbose=False):
             precision    recall  f1-score   support

          0       0.95      0.96      0.96        85
          1       0.95      0.99      0.97       126
          2       0.96      0.92      0.94       116
          3       0.91      0.90      0.90       107
          4       0.91      0.96      0.94       110
          5       0.87      0.89      0.88        87
          6       0.94      0.93      0.94        87
          7       0.90      0.89      0.89        99
          8       0.96      0.88      0.92        89
          9       0.89      0.90      0.90        94

avg / total       0.93      0.93      0.92      1000

Accuracy: 0.925
Confusion matrix:
[[ 82   0   0   0   0   1   2   0   0   0]
 [  0 125   0   0   0   0   1   0   0   0]
 [  1   3 107   1   1   0   0   2   0   1]
 [  0   1   0  96   0   7   1   1   1   0]
 [  0   1   0   0 106   0   0   0   0   3]
 [  1   0   0   4   0  77   1   0   2   2]
 [  2   0   2   0   2   0  81   0   0   0]
 [  0   1   2   1   2   1   0  88   0   4]
 [  0   0   0   3   2   2   0   4  78   0]
 [  0   1   0   1   3   1   0   3   0  85]]

==========Pre Train: 0.01 ===========


---------------C: 10.000000 -------------
fitting
fitting completed. Took  0.10m
predicting
prediction complete
done

Classification report for classifier SVC(C=10, cache_size=200, class_weight=None, coef0=0.0,
  decision_function_shape=None, degree=3, gamma=0.001, kernel='rbf',
  max_iter=-1, probability=False, random_state=None, shrinking=True,
  tol=0.001, verbose=False):
             precision    recall  f1-score   support

          0       0.95      0.98      0.97        85
          1       0.98      0.98      0.98       126
          2       0.92      0.92      0.92       116
          3       0.91      0.81      0.86       107
          4       0.90      0.95      0.92       110
          5       0.84      0.92      0.88        87
          6       0.94      0.92      0.93        87
          7       0.88      0.89      0.88        99
          8       0.88      0.85      0.87        89
          9       0.88      0.87      0.88        94

avg / total       0.91      0.91      0.91      1000

Accuracy: 0.911
Confusion matrix:
[[ 83   0   0   0   0   1   1   0   0   0]
 [  0 124   0   0   0   0   1   0   1   0]
 [  0   0 107   1   1   0   0   2   4   1]
 [  0   0   1  87   0  11   1   3   3   1]
 [  0   0   1   0 104   0   0   1   0   4]
 [  1   1   0   2   0  80   1   0   1   1]
 [  3   0   2   0   1   1  80   0   0   0]
 [  0   2   2   1   3   0   0  88   0   3]
 [  0   0   3   4   2   1   1   1  76   1]
 [  0   0   0   1   4   1   0   5   1  82]]
---------------C: 100.000000 -------------
fitting
fitting completed. Took  0.08m
predicting
prediction complete
done

Classification report for classifier SVC(C=100, cache_size=200, class_weight=None, coef0=0.0,
  decision_function_shape=None, degree=3, gamma=0.001, kernel='rbf',
  max_iter=-1, probability=False, random_state=None, shrinking=True,
  tol=0.001, verbose=False):
             precision    recall  f1-score   support

          0       0.95      0.96      0.96        85
          1       0.95      0.99      0.97       126
          2       0.96      0.92      0.94       116
          3       0.91      0.90      0.90       107
          4       0.91      0.96      0.94       110
          5       0.87      0.89      0.88        87
          6       0.94      0.93      0.94        87
          7       0.90      0.89      0.89        99
          8       0.96      0.88      0.92        89
          9       0.89      0.90      0.90        94

avg / total       0.93      0.93      0.92      1000

Accuracy: 0.925
Confusion matrix:
[[ 82   0   0   0   0   1   2   0   0   0]
 [  0 125   0   0   0   0   1   0   0   0]
 [  1   3 107   1   1   0   0   2   0   1]
 [  0   1   0  96   0   7   1   1   1   0]
 [  0   1   0   0 106   0   0   0   0   3]
 [  1   0   0   4   0  77   1   0   2   2]
 [  2   0   2   0   2   0  81   0   0   0]
 [  0   1   2   1   2   1   0  88   0   4]
 [  0   0   0   3   2   2   0   4  78   0]
 [  0   1   0   1   3   1   0   3   0  85]]

==========Pre Train: 0.003 ===========


---------------C: 10.000000 -------------
fitting
fitting completed. Took  0.10m
predicting
prediction complete
done

Classification report for classifier SVC(C=10, cache_size=200, class_weight=None, coef0=0.0,
  decision_function_shape=None, degree=3, gamma=0.001, kernel='rbf',
  max_iter=-1, probability=False, random_state=None, shrinking=True,
  tol=0.001, verbose=False):
             precision    recall  f1-score   support

          0       0.95      0.98      0.97        85
          1       0.98      0.98      0.98       126
          2       0.92      0.92      0.92       116
          3       0.91      0.81      0.86       107
          4       0.90      0.95      0.92       110
          5       0.84      0.92      0.88        87
          6       0.94      0.92      0.93        87
          7       0.88      0.89      0.88        99
          8       0.88      0.85      0.87        89
          9       0.88      0.87      0.88        94

avg / total       0.91      0.91      0.91      1000

Accuracy: 0.911
Confusion matrix:
[[ 83   0   0   0   0   1   1   0   0   0]
 [  0 124   0   0   0   0   1   0   1   0]
 [  0   0 107   1   1   0   0   2   4   1]
 [  0   0   1  87   0  11   1   3   3   1]
 [  0   0   1   0 104   0   0   1   0   4]
 [  1   1   0   2   0  80   1   0   1   1]
 [  3   0   2   0   1   1  80   0   0   0]
 [  0   2   2   1   3   0   0  88   0   3]
 [  0   0   3   4   2   1   1   1  76   1]
 [  0   0   0   1   4   1   0   5   1  82]]
---------------C: 100.000000 -------------
fitting
fitting completed. Took  0.08m
predicting
prediction complete
done

Classification report for classifier SVC(C=100, cache_size=200, class_weight=None, coef0=0.0,
  decision_function_shape=None, degree=3, gamma=0.001, kernel='rbf',
  max_iter=-1, probability=False, random_state=None, shrinking=True,
  tol=0.001, verbose=False):
             precision    recall  f1-score   support

          0       0.95      0.96      0.96        85
          1       0.95      0.99      0.97       126
          2       0.96      0.92      0.94       116
          3       0.91      0.90      0.90       107
          4       0.91      0.96      0.94       110
          5       0.87      0.89      0.88        87
          6       0.94      0.93      0.94        87
          7       0.90      0.89      0.89        99
          8       0.96      0.88      0.92        89
          9       0.89      0.90      0.90        94

avg / total       0.93      0.93      0.92      1000

Accuracy: 0.925
Confusion matrix:
[[ 82   0   0   0   0   1   2   0   0   0]
 [  0 125   0   0   0   0   1   0   0   0]
 [  1   3 107   1   1   0   0   2   0   1]
 [  0   1   0  96   0   7   1   1   1   0]
 [  0   1   0   0 106   0   0   0   0   3]
 [  1   0   0   4   0  77   1   0   2   2]
 [  2   0   2   0   2   0  81   0   0   0]
 [  0   1   2   1   2   1   0  88   0   4]
 [  0   0   0   3   2   2   0   4  78   0]
 [  0   1   0   1   3   1   0   3   0  85]]_______RUN: 1

==========Pre Train: 0.1 ===========


---------------C: 10.000000 -------------
fitting
fitting completed. Took  0.10m
predicting
prediction complete
done

Classification report for classifier SVC(C=10, cache_size=200, class_weight=None, coef0=0.0,
  decision_function_shape=None, degree=3, gamma=0.001, kernel='rbf',
  max_iter=-1, probability=False, random_state=None, shrinking=True,
  tol=0.001, verbose=False):
             precision    recall  f1-score   support

          0       0.95      0.98      0.97        85
          1       0.98      0.98      0.98       126
          2       0.92      0.92      0.92       116
          3       0.91      0.81      0.86       107
          4       0.90      0.95      0.92       110
          5       0.84      0.92      0.88        87
          6       0.94      0.92      0.93        87
          7       0.88      0.89      0.88        99
          8       0.88      0.85      0.87        89
          9       0.88      0.87      0.88        94

avg / total       0.91      0.91      0.91      1000

Accuracy: 0.911
Confusion matrix:
[[ 83   0   0   0   0   1   1   0   0   0]
 [  0 124   0   0   0   0   1   0   1   0]
 [  0   0 107   1   1   0   0   2   4   1]
 [  0   0   1  87   0  11   1   3   3   1]
 [  0   0   1   0 104   0   0   1   0   4]
 [  1   1   0   2   0  80   1   0   1   1]
 [  3   0   2   0   1   1  80   0   0   0]
 [  0   2   2   1   3   0   0  88   0   3]
 [  0   0   3   4   2   1   1   1  76   1]
 [  0   0   0   1   4   1   0   5   1  82]]
---------------C: 100.000000 -------------
fitting
fitting completed. Took  0.08m
predicting
prediction complete
done

Classification report for classifier SVC(C=100, cache_size=200, class_weight=None, coef0=0.0,
  decision_function_shape=None, degree=3, gamma=0.001, kernel='rbf',
  max_iter=-1, probability=False, random_state=None, shrinking=True,
  tol=0.001, verbose=False):
             precision    recall  f1-score   support

          0       0.95      0.96      0.96        85
          1       0.95      0.99      0.97       126
          2       0.96      0.92      0.94       116
          3       0.91      0.90      0.90       107
          4       0.91      0.96      0.94       110
          5       0.87      0.89      0.88        87
          6       0.94      0.93      0.94        87
          7       0.90      0.89      0.89        99
          8       0.96      0.88      0.92        89
          9       0.89      0.90      0.90        94

avg / total       0.93      0.93      0.92      1000

Accuracy: 0.925
Confusion matrix:
[[ 82   0   0   0   0   1   2   0   0   0]
 [  0 125   0   0   0   0   1   0   0   0]
 [  1   3 107   1   1   0   0   2   0   1]
 [  0   1   0  96   0   7   1   1   1   0]
 [  0   1   0   0 106   0   0   0   0   3]
 [  1   0   0   4   0  77   1   0   2   2]
 [  2   0   2   0   2   0  81   0   0   0]
 [  0   1   2   1   2   1   0  88   0   4]
 [  0   0   0   3   2   2   0   4  78   0]
 [  0   1   0   1   3   1   0   3   0  85]]

==========Pre Train: 0.03 ===========


---------------C: 10.000000 -------------
fitting
fitting completed. Took  0.10m
predicting
prediction complete
done

Classification report for classifier SVC(C=10, cache_size=200, class_weight=None, coef0=0.0,
  decision_function_shape=None, degree=3, gamma=0.001, kernel='rbf',
  max_iter=-1, probability=False, random_state=None, shrinking=True,
  tol=0.001, verbose=False):
             precision    recall  f1-score   support

          0       0.95      0.98      0.97        85
          1       0.98      0.98      0.98       126
          2       0.92      0.92      0.92       116
          3       0.91      0.81      0.86       107
          4       0.90      0.95      0.92       110
          5       0.84      0.92      0.88        87
          6       0.94      0.92      0.93        87
          7       0.88      0.89      0.88        99
          8       0.88      0.85      0.87        89
          9       0.88      0.87      0.88        94

avg / total       0.91      0.91      0.91      1000

Accuracy: 0.911
Confusion matrix:
[[ 83   0   0   0   0   1   1   0   0   0]
 [  0 124   0   0   0   0   1   0   1   0]
 [  0   0 107   1   1   0   0   2   4   1]
 [  0   0   1  87   0  11   1   3   3   1]
 [  0   0   1   0 104   0   0   1   0   4]
 [  1   1   0   2   0  80   1   0   1   1]
 [  3   0   2   0   1   1  80   0   0   0]
 [  0   2   2   1   3   0   0  88   0   3]
 [  0   0   3   4   2   1   1   1  76   1]
 [  0   0   0   1   4   1   0   5   1  82]]
---------------C: 100.000000 -------------
fitting
fitting completed. Took  0.08m
predicting
prediction complete
done

Classification report for classifier SVC(C=100, cache_size=200, class_weight=None, coef0=0.0,
  decision_function_shape=None, degree=3, gamma=0.001, kernel='rbf',
  max_iter=-1, probability=False, random_state=None, shrinking=True,
  tol=0.001, verbose=False):
             precision    recall  f1-score   support

          0       0.95      0.96      0.96        85
          1       0.95      0.99      0.97       126
          2       0.96      0.92      0.94       116
          3       0.91      0.90      0.90       107
          4       0.91      0.96      0.94       110
          5       0.87      0.89      0.88        87
          6       0.94      0.93      0.94        87
          7       0.90      0.89      0.89        99
          8       0.96      0.88      0.92        89
          9       0.89      0.90      0.90        94

avg / total       0.93      0.93      0.92      1000

Accuracy: 0.925
Confusion matrix:
[[ 82   0   0   0   0   1   2   0   0   0]
 [  0 125   0   0   0   0   1   0   0   0]
 [  1   3 107   1   1   0   0   2   0   1]
 [  0   1   0  96   0   7   1   1   1   0]
 [  0   1   0   0 106   0   0   0   0   3]
 [  1   0   0   4   0  77   1   0   2   2]
 [  2   0   2   0   2   0  81   0   0   0]
 [  0   1   2   1   2   1   0  88   0   4]
 [  0   0   0   3   2   2   0   4  78   0]
 [  0   1   0   1   3   1   0   3   0  85]]

==========Pre Train: 0.01 ===========


---------------C: 10.000000 -------------
fitting
fitting completed. Took  0.10m
predicting
prediction complete
done

Classification report for classifier SVC(C=10, cache_size=200, class_weight=None, coef0=0.0,
  decision_function_shape=None, degree=3, gamma=0.001, kernel='rbf',
  max_iter=-1, probability=False, random_state=None, shrinking=True,
  tol=0.001, verbose=False):
             precision    recall  f1-score   support

          0       0.95      0.98      0.97        85
          1       0.98      0.98      0.98       126
          2       0.92      0.92      0.92       116
          3       0.91      0.81      0.86       107
          4       0.90      0.95      0.92       110
          5       0.84      0.92      0.88        87
          6       0.94      0.92      0.93        87
          7       0.88      0.89      0.88        99
          8       0.88      0.85      0.87        89
          9       0.88      0.87      0.88        94

avg / total       0.91      0.91      0.91      1000

Accuracy: 0.911
Confusion matrix:
[[ 83   0   0   0   0   1   1   0   0   0]
 [  0 124   0   0   0   0   1   0   1   0]
 [  0   0 107   1   1   0   0   2   4   1]
 [  0   0   1  87   0  11   1   3   3   1]
 [  0   0   1   0 104   0   0   1   0   4]
 [  1   1   0   2   0  80   1   0   1   1]
 [  3   0   2   0   1   1  80   0   0   0]
 [  0   2   2   1   3   0   0  88   0   3]
 [  0   0   3   4   2   1   1   1  76   1]
 [  0   0   0   1   4   1   0   5   1  82]]
---------------C: 100.000000 -------------
fitting
fitting completed. Took  0.08m
predicting
prediction complete
done

Classification report for classifier SVC(C=100, cache_size=200, class_weight=None, coef0=0.0,
  decision_function_shape=None, degree=3, gamma=0.001, kernel='rbf',
  max_iter=-1, probability=False, random_state=None, shrinking=True,
  tol=0.001, verbose=False):
             precision    recall  f1-score   support

          0       0.95      0.96      0.96        85
          1       0.95      0.99      0.97       126
          2       0.96      0.92      0.94       116
          3       0.91      0.90      0.90       107
          4       0.91      0.96      0.94       110
          5       0.87      0.89      0.88        87
          6       0.94      0.93      0.94        87
          7       0.90      0.89      0.89        99
          8       0.96      0.88      0.92        89
          9       0.89      0.90      0.90        94

avg / total       0.93      0.93      0.92      1000

Accuracy: 0.925
Confusion matrix:
[[ 82   0   0   0   0   1   2   0   0   0]
 [  0 125   0   0   0   0   1   0   0   0]
 [  1   3 107   1   1   0   0   2   0   1]
 [  0   1   0  96   0   7   1   1   1   0]
 [  0   1   0   0 106   0   0   0   0   3]
 [  1   0   0   4   0  77   1   0   2   2]
 [  2   0   2   0   2   0  81   0   0   0]
 [  0   1   2   1   2   1   0  88   0   4]
 [  0   0   0   3   2   2   0   4  78   0]
 [  0   1   0   1   3   1   0   3   0  85]]

==========Pre Train: 0.003 ===========


---------------C: 10.000000 -------------
fitting
fitting completed. Took  0.10m
predicting
prediction complete
done

Classification report for classifier SVC(C=10, cache_size=200, class_weight=None, coef0=0.0,
  decision_function_shape=None, degree=3, gamma=0.001, kernel='rbf',
  max_iter=-1, probability=False, random_state=None, shrinking=True,
  tol=0.001, verbose=False):
             precision    recall  f1-score   support

          0       0.95      0.98      0.97        85
          1       0.98      0.98      0.98       126
          2       0.92      0.92      0.92       116
          3       0.91      0.81      0.86       107
          4       0.90      0.95      0.92       110
          5       0.84      0.92      0.88        87
          6       0.94      0.92      0.93        87
          7       0.88      0.89      0.88        99
          8       0.88      0.85      0.87        89
          9       0.88      0.87      0.88        94

avg / total       0.91      0.91      0.91      1000

Accuracy: 0.911
Confusion matrix:
[[ 83   0   0   0   0   1   1   0   0   0]
 [  0 124   0   0   0   0   1   0   1   0]
 [  0   0 107   1   1   0   0   2   4   1]
 [  0   0   1  87   0  11   1   3   3   1]
 [  0   0   1   0 104   0   0   1   0   4]
 [  1   1   0   2   0  80   1   0   1   1]
 [  3   0   2   0   1   1  80   0   0   0]
 [  0   2   2   1   3   0   0  88   0   3]
 [  0   0   3   4   2   1   1   1  76   1]
 [  0   0   0   1   4   1   0   5   1  82]]
---------------C: 100.000000 -------------
fitting
fitting completed. Took  0.08m
predicting
prediction complete
done

Classification report for classifier SVC(C=100, cache_size=200, class_weight=None, coef0=0.0,
  decision_function_shape=None, degree=3, gamma=0.001, kernel='rbf',
  max_iter=-1, probability=False, random_state=None, shrinking=True,
  tol=0.001, verbose=False):
             precision    recall  f1-score   support

          0       0.95      0.96      0.96        85
          1       0.95      0.99      0.97       126
          2       0.96      0.92      0.94       116
          3       0.91      0.90      0.90       107
          4       0.91      0.96      0.94       110
          5       0.87      0.89      0.88        87
          6       0.94      0.93      0.94        87
          7       0.90      0.89      0.89        99
          8       0.96      0.88      0.92        89
          9       0.89      0.90      0.90        94

avg / total       0.93      0.93      0.92      1000

Accuracy: 0.925
Confusion matrix:
[[ 82   0   0   0   0   1   2   0   0   0]
 [  0 125   0   0   0   0   1   0   0   0]
 [  1   3 107   1   1   0   0   2   0   1]
 [  0   1   0  96   0   7   1   1   1   0]
 [  0   1   0   0 106   0   0   0   0   3]
 [  1   0   0   4   0  77   1   0   2   2]
 [  2   0   2   0   2   0  81   0   0   0]
 [  0   1   2   1   2   1   0  88   0   4]
 [  0   0   0   3   2   2   0   4  78   0]
 [  0   1   0   1   3   1   0   3   0  85]]