

==========Samples: (25000, 4000, 4000) ===========


---------------C: 10.000000 -------------
fitting
fitting completed. Took  2.37m
predicting
prediction complete
done

Classification report for classifier SVC(C=10, cache_size=200, class_weight=None, coef0=0.0,
  decision_function_shape=None, degree=3, gamma=0.001, kernel='rbf',
  max_iter=-1, probability=False, random_state=None, shrinking=True,
  tol=0.001, verbose=False):
             precision    recall  f1-score   support

          0       0.94      0.99      0.96       370
          1       0.96      0.99      0.97       450
          2       0.91      0.94      0.93       418
          3       0.89      0.93      0.91       408
          4       0.93      0.94      0.93       418
          5       0.91      0.90      0.90       372
          6       0.97      0.93      0.95       378
          7       0.95      0.90      0.93       411
          8       0.93      0.89      0.91       384
          9       0.92      0.89      0.90       391

avg / total       0.93      0.93      0.93      4000

Accuracy: 0.9305
Confusion matrix:
[[367   0   0   0   0   2   1   0   0   0]
 [  0 444   3   1   0   1   0   0   1   0]
 [  3   1 393   4   2   1   3   4   6   1]
 [  0   0   5 381   0  10   0   6   4   2]
 [  0   0   5   0 392   0   4   1   1  15]
 [  6   0   0  15   1 335   3   0   8   4]
 [  8   3   6   1   2   5 352   0   1   0]
 [  1   8  12   5   5   1   0 370   1   8]
 [  4   1   6  11   3  13   1   4 340   1]
 [  3   6   1   8  16   2   0   4   3 348]]
---------------C: 100.000000 -------------
fitting
fitting completed. Took  1.54m
predicting
prediction complete
done

Classification report for classifier SVC(C=100, cache_size=200, class_weight=None, coef0=0.0,
  decision_function_shape=None, degree=3, gamma=0.001, kernel='rbf',
  max_iter=-1, probability=False, random_state=None, shrinking=True,
  tol=0.001, verbose=False):
             precision    recall  f1-score   support

          0       0.94      0.99      0.96       370
          1       0.96      0.99      0.97       450
          2       0.93      0.95      0.94       418
          3       0.93      0.95      0.94       408
          4       0.95      0.95      0.95       418
          5       0.94      0.92      0.93       372
          6       0.97      0.93      0.95       378
          7       0.95      0.92      0.94       411
          8       0.95      0.93      0.94       384
          9       0.92      0.92      0.92       391

avg / total       0.95      0.95      0.95      4000

Accuracy: 0.9455
Confusion matrix:
[[365   0   1   0   0   1   3   0   0   0]
 [  0 445   4   0   0   0   1   0   0   0]
 [  3   1 397   2   0   1   2   4   6   2]
 [  0   1   2 387   1   5   0   9   1   2]
 [  0   0   6   0 396   0   3   0   1  12]
 [  5   0   2   7   3 342   2   1   7   3]
 [  6   3   5   0   3   6 352   1   2   0]
 [  1   7   7   4   2   0   0 380   0  10]
 [  3   1   3   9   2   6   0   2 357   1]
 [  4   5   1   6   8   1   0   3   2 361]]

==========Samples: (25000, 4000, 4000) ===========


---------------C: 10.000000 -------------
fitting
fitting completed. Took  1.90m
predicting
prediction complete
done

Classification report for classifier SVC(C=10, cache_size=200, class_weight=None, coef0=0.0,
  decision_function_shape=None, degree=3, gamma=0.001, kernel='rbf',
  max_iter=-1, probability=False, random_state=None, shrinking=True,
  tol=0.001, verbose=False):
             precision    recall  f1-score   support

          0       0.94      0.99      0.96       370
          1       0.96      0.99      0.97       450
          2       0.91      0.94      0.93       418
          3       0.89      0.93      0.91       408
          4       0.93      0.94      0.93       418
          5       0.91      0.90      0.90       372
          6       0.97      0.93      0.95       378
          7       0.95      0.90      0.93       411
          8       0.93      0.89      0.91       384
          9       0.92      0.89      0.90       391

avg / total       0.93      0.93      0.93      4000

Accuracy: 0.9305
Confusion matrix:
[[367   0   0   0   0   2   1   0   0   0]
 [  0 444   3   1   0   1   0   0   1   0]
 [  3   1 393   4   2   1   3   4   6   1]
 [  0   0   5 381   0  10   0   6   4   2]
 [  0   0   5   0 392   0   4   1   1  15]
 [  6   0   0  15   1 335   3   0   8   4]
 [  8   3   6   1   2   5 352   0   1   0]
 [  1   8  12   5   5   1   0 370   1   8]
 [  4   1   6  11   3  13   1   4 340   1]
 [  3   6   1   8  16   2   0   4   3 348]]
---------------C: 100.000000 -------------
fitting
fitting completed. Took  1.54m
predicting
prediction complete
done

Classification report for classifier SVC(C=100, cache_size=200, class_weight=None, coef0=0.0,
  decision_function_shape=None, degree=3, gamma=0.001, kernel='rbf',
  max_iter=-1, probability=False, random_state=None, shrinking=True,
  tol=0.001, verbose=False):
             precision    recall  f1-score   support

          0       0.94      0.99      0.96       370
          1       0.96      0.99      0.97       450
          2       0.93      0.95      0.94       418
          3       0.93      0.95      0.94       408
          4       0.95      0.95      0.95       418
          5       0.94      0.92      0.93       372
          6       0.97      0.93      0.95       378
          7       0.95      0.92      0.94       411
          8       0.95      0.93      0.94       384
          9       0.92      0.92      0.92       391

avg / total       0.95      0.95      0.95      4000

Accuracy: 0.9455
Confusion matrix:
[[365   0   1   0   0   1   3   0   0   0]
 [  0 445   4   0   0   0   1   0   0   0]
 [  3   1 397   2   0   1   2   4   6   2]
 [  0   1   2 387   1   5   0   9   1   2]
 [  0   0   6   0 396   0   3   0   1  12]
 [  5   0   2   7   3 342   2   1   7   3]
 [  6   3   5   0   3   6 352   1   2   0]
 [  1   7   7   4   2   0   0 380   0  10]
 [  3   1   3   9   2   6   0   2 357   1]
 [  4   5   1   6   8   1   0   3   2 361]]

==========Samples: (25000, 4000, 4000) ===========


---------------C: 10.000000 -------------
fitting
fitting completed. Took  1.91m
predicting
prediction complete
done

Classification report for classifier SVC(C=10, cache_size=200, class_weight=None, coef0=0.0,
  decision_function_shape=None, degree=3, gamma=0.001, kernel='rbf',
  max_iter=-1, probability=False, random_state=None, shrinking=True,
  tol=0.001, verbose=False):
             precision    recall  f1-score   support

          0       0.94      0.99      0.96       370
          1       0.96      0.99      0.97       450
          2       0.91      0.94      0.93       418
          3       0.89      0.93      0.91       408
          4       0.93      0.94      0.93       418
          5       0.91      0.90      0.90       372
          6       0.97      0.93      0.95       378
          7       0.95      0.90      0.93       411
          8       0.93      0.89      0.91       384
          9       0.92      0.89      0.90       391

avg / total       0.93      0.93      0.93      4000

Accuracy: 0.9305
Confusion matrix:
[[367   0   0   0   0   2   1   0   0   0]
 [  0 444   3   1   0   1   0   0   1   0]
 [  3   1 393   4   2   1   3   4   6   1]
 [  0   0   5 381   0  10   0   6   4   2]
 [  0   0   5   0 392   0   4   1   1  15]
 [  6   0   0  15   1 335   3   0   8   4]
 [  8   3   6   1   2   5 352   0   1   0]
 [  1   8  12   5   5   1   0 370   1   8]
 [  4   1   6  11   3  13   1   4 340   1]
 [  3   6   1   8  16   2   0   4   3 348]]
---------------C: 100.000000 -------------
fitting
fitting completed. Took  1.53m
predicting
prediction complete
done

Classification report for classifier SVC(C=100, cache_size=200, class_weight=None, coef0=0.0,
  decision_function_shape=None, degree=3, gamma=0.001, kernel='rbf',
  max_iter=-1, probability=False, random_state=None, shrinking=True,
  tol=0.001, verbose=False):
             precision    recall  f1-score   support

          0       0.94      0.99      0.96       370
          1       0.96      0.99      0.97       450
          2       0.93      0.95      0.94       418
          3       0.93      0.95      0.94       408
          4       0.95      0.95      0.95       418
          5       0.94      0.92      0.93       372
          6       0.97      0.93      0.95       378
          7       0.95      0.92      0.94       411
          8       0.95      0.93      0.94       384
          9       0.92      0.92      0.92       391

avg / total       0.95      0.95      0.95      4000

Accuracy: 0.9455
Confusion matrix:
[[365   0   1   0   0   1   3   0   0   0]
 [  0 445   4   0   0   0   1   0   0   0]
 [  3   1 397   2   0   1   2   4   6   2]
 [  0   1   2 387   1   5   0   9   1   2]
 [  0   0   6   0 396   0   3   0   1  12]
 [  5   0   2   7   3 342   2   1   7   3]
 [  6   3   5   0   3   6 352   1   2   0]
 [  1   7   7   4   2   0   0 380   0  10]
 [  3   1   3   9   2   6   0   2 357   1]
 [  4   5   1   6   8   1   0   3   2 361]]

==========Samples: (25000, 4000, 4000) ===========


---------------C: 10.000000 -------------
fitting
fitting completed. Took  1.91m
predicting
prediction complete
done

Classification report for classifier SVC(C=10, cache_size=200, class_weight=None, coef0=0.0,
  decision_function_shape=None, degree=3, gamma=0.001, kernel='rbf',
  max_iter=-1, probability=False, random_state=None, shrinking=True,
  tol=0.001, verbose=False):
             precision    recall  f1-score   support

          0       0.94      0.99      0.96       370
          1       0.96      0.99      0.97       450
          2       0.91      0.94      0.93       418
          3       0.89      0.93      0.91       408
          4       0.93      0.94      0.93       418
          5       0.91      0.90      0.90       372
          6       0.97      0.93      0.95       378
          7       0.95      0.90      0.93       411
          8       0.93      0.89      0.91       384
          9       0.92      0.89      0.90       391

avg / total       0.93      0.93      0.93      4000

Accuracy: 0.9305
Confusion matrix:
[[367   0   0   0   0   2   1   0   0   0]
 [  0 444   3   1   0   1   0   0   1   0]
 [  3   1 393   4   2   1   3   4   6   1]
 [  0   0   5 381   0  10   0   6   4   2]
 [  0   0   5   0 392   0   4   1   1  15]
 [  6   0   0  15   1 335   3   0   8   4]
 [  8   3   6   1   2   5 352   0   1   0]
 [  1   8  12   5   5   1   0 370   1   8]
 [  4   1   6  11   3  13   1   4 340   1]
 [  3   6   1   8  16   2   0   4   3 348]]
---------------C: 100.000000 -------------
fitting
fitting completed. Took  1.52m
predicting
prediction complete
done

Classification report for classifier SVC(C=100, cache_size=200, class_weight=None, coef0=0.0,
  decision_function_shape=None, degree=3, gamma=0.001, kernel='rbf',
  max_iter=-1, probability=False, random_state=None, shrinking=True,
  tol=0.001, verbose=False):
             precision    recall  f1-score   support

          0       0.94      0.99      0.96       370
          1       0.96      0.99      0.97       450
          2       0.93      0.95      0.94       418
          3       0.93      0.95      0.94       408
          4       0.95      0.95      0.95       418
          5       0.94      0.92      0.93       372
          6       0.97      0.93      0.95       378
          7       0.95      0.92      0.94       411
          8       0.95      0.93      0.94       384
          9       0.92      0.92      0.92       391

avg / total       0.95      0.95      0.95      4000

Accuracy: 0.9455
Confusion matrix:
[[365   0   1   0   0   1   3   0   0   0]
 [  0 445   4   0   0   0   1   0   0   0]
 [  3   1 397   2   0   1   2   4   6   2]
 [  0   1   2 387   1   5   0   9   1   2]
 [  0   0   6   0 396   0   3   0   1  12]
 [  5   0   2   7   3 342   2   1   7   3]
 [  6   3   5   0   3   6 352   1   2   0]
 [  1   7   7   4   2   0   0 380   0  10]
 [  3   1   3   9   2   6   0   2 357   1]
 [  4   5   1   6   8   1   0   3   2 361]]

==========Samples: (25000, 4000, 4000) ===========


---------------C: 10.000000 -------------
fitting
fitting completed. Took  1.93m
predicting
prediction complete
done

Classification report for classifier SVC(C=10, cache_size=200, class_weight=None, coef0=0.0,
  decision_function_shape=None, degree=3, gamma=0.001, kernel='rbf',
  max_iter=-1, probability=False, random_state=None, shrinking=True,
  tol=0.001, verbose=False):
             precision    recall  f1-score   support

          0       0.94      0.99      0.96       370
          1       0.96      0.99      0.97       450
          2       0.91      0.94      0.93       418
          3       0.89      0.93      0.91       408
          4       0.93      0.94      0.93       418
          5       0.91      0.90      0.90       372
          6       0.97      0.93      0.95       378
          7       0.95      0.90      0.93       411
          8       0.93      0.89      0.91       384
          9       0.92      0.89      0.90       391

avg / total       0.93      0.93      0.93      4000

Accuracy: 0.9305
Confusion matrix:
[[367   0   0   0   0   2   1   0   0   0]
 [  0 444   3   1   0   1   0   0   1   0]
 [  3   1 393   4   2   1   3   4   6   1]
 [  0   0   5 381   0  10   0   6   4   2]
 [  0   0   5   0 392   0   4   1   1  15]
 [  6   0   0  15   1 335   3   0   8   4]
 [  8   3   6   1   2   5 352   0   1   0]
 [  1   8  12   5   5   1   0 370   1   8]
 [  4   1   6  11   3  13   1   4 340   1]
 [  3   6   1   8  16   2   0   4   3 348]]
---------------C: 100.000000 -------------
fitting
fitting completed. Took  1.54m
predicting
prediction complete
done

Classification report for classifier SVC(C=100, cache_size=200, class_weight=None, coef0=0.0,
  decision_function_shape=None, degree=3, gamma=0.001, kernel='rbf',
  max_iter=-1, probability=False, random_state=None, shrinking=True,
  tol=0.001, verbose=False):
             precision    recall  f1-score   support

          0       0.94      0.99      0.96       370
          1       0.96      0.99      0.97       450
          2       0.93      0.95      0.94       418
          3       0.93      0.95      0.94       408
          4       0.95      0.95      0.95       418
          5       0.94      0.92      0.93       372
          6       0.97      0.93      0.95       378
          7       0.95      0.92      0.94       411
          8       0.95      0.93      0.94       384
          9       0.92      0.92      0.92       391

avg / total       0.95      0.95      0.95      4000

Accuracy: 0.9455
Confusion matrix:
[[365   0   1   0   0   1   3   0   0   0]
 [  0 445   4   0   0   0   1   0   0   0]
 [  3   1 397   2   0   1   2   4   6   2]
 [  0   1   2 387   1   5   0   9   1   2]
 [  0   0   6   0 396   0   3   0   1  12]
 [  5   0   2   7   3 342   2   1   7   3]
 [  6   3   5   0   3   6 352   1   2   0]
 [  1   7   7   4   2   0   0 380   0  10]
 [  3   1   3   9   2   6   0   2 357   1]
 [  4   5   1   6   8   1   0   3   2 361]]

==========Samples: (25000, 4000, 4000) ===========


---------------C: 10.000000 -------------
fitting
fitting completed. Took  1.93m
predicting
prediction complete
done

Classification report for classifier SVC(C=10, cache_size=200, class_weight=None, coef0=0.0,
  decision_function_shape=None, degree=3, gamma=0.001, kernel='rbf',
  max_iter=-1, probability=False, random_state=None, shrinking=True,
  tol=0.001, verbose=False):
             precision    recall  f1-score   support

          0       0.94      0.99      0.96       370
          1       0.96      0.99      0.97       450
          2       0.91      0.94      0.93       418
          3       0.89      0.93      0.91       408
          4       0.93      0.94      0.93       418
          5       0.91      0.90      0.90       372
          6       0.97      0.93      0.95       378
          7       0.95      0.90      0.93       411
          8       0.93      0.89      0.91       384
          9       0.92      0.89      0.90       391

avg / total       0.93      0.93      0.93      4000

Accuracy: 0.9305
Confusion matrix:
[[367   0   0   0   0   2   1   0   0   0]
 [  0 444   3   1   0   1   0   0   1   0]
 [  3   1 393   4   2   1   3   4   6   1]
 [  0   0   5 381   0  10   0   6   4   2]
 [  0   0   5   0 392   0   4   1   1  15]
 [  6   0   0  15   1 335   3   0   8   4]
 [  8   3   6   1   2   5 352   0   1   0]
 [  1   8  12   5   5   1   0 370   1   8]
 [  4   1   6  11   3  13   1   4 340   1]
 [  3   6   1   8  16   2   0   4   3 348]]
---------------C: 100.000000 -------------
fitting
fitting completed. Took  1.53m
predicting
prediction complete
done

Classification report for classifier SVC(C=100, cache_size=200, class_weight=None, coef0=0.0,
  decision_function_shape=None, degree=3, gamma=0.001, kernel='rbf',
  max_iter=-1, probability=False, random_state=None, shrinking=True,
  tol=0.001, verbose=False):
             precision    recall  f1-score   support

          0       0.94      0.99      0.96       370
          1       0.96      0.99      0.97       450
          2       0.93      0.95      0.94       418
          3       0.93      0.95      0.94       408
          4       0.95      0.95      0.95       418
          5       0.94      0.92      0.93       372
          6       0.97      0.93      0.95       378
          7       0.95      0.92      0.94       411
          8       0.95      0.93      0.94       384
          9       0.92      0.92      0.92       391

avg / total       0.95      0.95      0.95      4000

Accuracy: 0.9455
Confusion matrix:
[[365   0   1   0   0   1   3   0   0   0]
 [  0 445   4   0   0   0   1   0   0   0]
 [  3   1 397   2   0   1   2   4   6   2]
 [  0   1   2 387   1   5   0   9   1   2]
 [  0   0   6   0 396   0   3   0   1  12]
 [  5   0   2   7   3 342   2   1   7   3]
 [  6   3   5   0   3   6 352   1   2   0]
 [  1   7   7   4   2   0   0 380   0  10]
 [  3   1   3   9   2   6   0   2 357   1]
 [  4   5   1   6   8   1   0   3   2 361]]

==========Samples: (25000, 4000, 4000) ===========


---------------C: 10.000000 -------------
fitting
fitting completed. Took  1.92m
predicting
prediction complete
done

Classification report for classifier SVC(C=10, cache_size=200, class_weight=None, coef0=0.0,
  decision_function_shape=None, degree=3, gamma=0.001, kernel='rbf',
  max_iter=-1, probability=False, random_state=None, shrinking=True,
  tol=0.001, verbose=False):
             precision    recall  f1-score   support

          0       0.94      0.99      0.96       370
          1       0.96      0.99      0.97       450
          2       0.91      0.94      0.93       418
          3       0.89      0.93      0.91       408
          4       0.93      0.94      0.93       418
          5       0.91      0.90      0.90       372
          6       0.97      0.93      0.95       378
          7       0.95      0.90      0.93       411
          8       0.93      0.89      0.91       384
          9       0.92      0.89      0.90       391

avg / total       0.93      0.93      0.93      4000

Accuracy: 0.9305
Confusion matrix:
[[367   0   0   0   0   2   1   0   0   0]
 [  0 444   3   1   0   1   0   0   1   0]
 [  3   1 393   4   2   1   3   4   6   1]
 [  0   0   5 381   0  10   0   6   4   2]
 [  0   0   5   0 392   0   4   1   1  15]
 [  6   0   0  15   1 335   3   0   8   4]
 [  8   3   6   1   2   5 352   0   1   0]
 [  1   8  12   5   5   1   0 370   1   8]
 [  4   1   6  11   3  13   1   4 340   1]
 [  3   6   1   8  16   2   0   4   3 348]]
---------------C: 100.000000 -------------
fitting
fitting completed. Took  1.54m
predicting
prediction complete
done

Classification report for classifier SVC(C=100, cache_size=200, class_weight=None, coef0=0.0,
  decision_function_shape=None, degree=3, gamma=0.001, kernel='rbf',
  max_iter=-1, probability=False, random_state=None, shrinking=True,
  tol=0.001, verbose=False):
             precision    recall  f1-score   support

          0       0.94      0.99      0.96       370
          1       0.96      0.99      0.97       450
          2       0.93      0.95      0.94       418
          3       0.93      0.95      0.94       408
          4       0.95      0.95      0.95       418
          5       0.94      0.92      0.93       372
          6       0.97      0.93      0.95       378
          7       0.95      0.92      0.94       411
          8       0.95      0.93      0.94       384
          9       0.92      0.92      0.92       391

avg / total       0.95      0.95      0.95      4000

Accuracy: 0.9455
Confusion matrix:
[[365   0   1   0   0   1   3   0   0   0]
 [  0 445   4   0   0   0   1   0   0   0]
 [  3   1 397   2   0   1   2   4   6   2]
 [  0   1   2 387   1   5   0   9   1   2]
 [  0   0   6   0 396   0   3   0   1  12]
 [  5   0   2   7   3 342   2   1   7   3]
 [  6   3   5   0   3   6 352   1   2   0]
 [  1   7   7   4   2   0   0 380   0  10]
 [  3   1   3   9   2   6   0   2 357   1]
 [  4   5   1   6   8   1   0   3   2 361]]

==========Samples: (25000, 4000, 4000) ===========


---------------C: 10.000000 -------------
fitting
fitting completed. Took  1.90m
predicting
prediction complete
done

Classification report for classifier SVC(C=10, cache_size=200, class_weight=None, coef0=0.0,
  decision_function_shape=None, degree=3, gamma=0.001, kernel='rbf',
  max_iter=-1, probability=False, random_state=None, shrinking=True,
  tol=0.001, verbose=False):
             precision    recall  f1-score   support

          0       0.94      0.99      0.96       370
          1       0.96      0.99      0.97       450
          2       0.91      0.94      0.93       418
          3       0.89      0.93      0.91       408
          4       0.93      0.94      0.93       418
          5       0.91      0.90      0.90       372
          6       0.97      0.93      0.95       378
          7       0.95      0.90      0.93       411
          8       0.93      0.89      0.91       384
          9       0.92      0.89      0.90       391

avg / total       0.93      0.93      0.93      4000

Accuracy: 0.9305
Confusion matrix:
[[367   0   0   0   0   2   1   0   0   0]
 [  0 444   3   1   0   1   0   0   1   0]
 [  3   1 393   4   2   1   3   4   6   1]
 [  0   0   5 381   0  10   0   6   4   2]
 [  0   0   5   0 392   0   4   1   1  15]
 [  6   0   0  15   1 335   3   0   8   4]
 [  8   3   6   1   2   5 352   0   1   0]
 [  1   8  12   5   5   1   0 370   1   8]
 [  4   1   6  11   3  13   1   4 340   1]
 [  3   6   1   8  16   2   0   4   3 348]]
---------------C: 100.000000 -------------
fitting
fitting completed. Took  1.51m
predicting
prediction complete
done

Classification report for classifier SVC(C=100, cache_size=200, class_weight=None, coef0=0.0,
  decision_function_shape=None, degree=3, gamma=0.001, kernel='rbf',
  max_iter=-1, probability=False, random_state=None, shrinking=True,
  tol=0.001, verbose=False):
             precision    recall  f1-score   support

          0       0.94      0.99      0.96       370
          1       0.96      0.99      0.97       450
          2       0.93      0.95      0.94       418
          3       0.93      0.95      0.94       408
          4       0.95      0.95      0.95       418
          5       0.94      0.92      0.93       372
          6       0.97      0.93      0.95       378
          7       0.95      0.92      0.94       411
          8       0.95      0.93      0.94       384
          9       0.92      0.92      0.92       391

avg / total       0.95      0.95      0.95      4000

Accuracy: 0.9455
Confusion matrix:
[[365   0   1   0   0   1   3   0   0   0]
 [  0 445   4   0   0   0   1   0   0   0]
 [  3   1 397   2   0   1   2   4   6   2]
 [  0   1   2 387   1   5   0   9   1   2]
 [  0   0   6   0 396   0   3   0   1  12]
 [  5   0   2   7   3 342   2   1   7   3]
 [  6   3   5   0   3   6 352   1   2   0]
 [  1   7   7   4   2   0   0 380   0  10]
 [  3   1   3   9   2   6   0   2 357   1]
 [  4   5   1   6   8   1   0   3   2 361]]

==========Samples: (25000, 4000, 4000) ===========


---------------C: 10.000000 -------------
fitting
fitting completed. Took  1.92m
predicting
prediction complete
done

Classification report for classifier SVC(C=10, cache_size=200, class_weight=None, coef0=0.0,
  decision_function_shape=None, degree=3, gamma=0.001, kernel='rbf',
  max_iter=-1, probability=False, random_state=None, shrinking=True,
  tol=0.001, verbose=False):
             precision    recall  f1-score   support

          0       0.94      0.99      0.96       370
          1       0.96      0.99      0.97       450
          2       0.91      0.94      0.93       418
          3       0.89      0.93      0.91       408
          4       0.93      0.94      0.93       418
          5       0.91      0.90      0.90       372
          6       0.97      0.93      0.95       378
          7       0.95      0.90      0.93       411
          8       0.93      0.89      0.91       384
          9       0.92      0.89      0.90       391

avg / total       0.93      0.93      0.93      4000

Accuracy: 0.9305
Confusion matrix:
[[367   0   0   0   0   2   1   0   0   0]
 [  0 444   3   1   0   1   0   0   1   0]
 [  3   1 393   4   2   1   3   4   6   1]
 [  0   0   5 381   0  10   0   6   4   2]
 [  0   0   5   0 392   0   4   1   1  15]
 [  6   0   0  15   1 335   3   0   8   4]
 [  8   3   6   1   2   5 352   0   1   0]
 [  1   8  12   5   5   1   0 370   1   8]
 [  4   1   6  11   3  13   1   4 340   1]
 [  3   6   1   8  16   2   0   4   3 348]]
---------------C: 100.000000 -------------
fitting
fitting completed. Took  1.54m
predicting
prediction complete
done

Classification report for classifier SVC(C=100, cache_size=200, class_weight=None, coef0=0.0,
  decision_function_shape=None, degree=3, gamma=0.001, kernel='rbf',
  max_iter=-1, probability=False, random_state=None, shrinking=True,
  tol=0.001, verbose=False):
             precision    recall  f1-score   support

          0       0.94      0.99      0.96       370
          1       0.96      0.99      0.97       450
          2       0.93      0.95      0.94       418
          3       0.93      0.95      0.94       408
          4       0.95      0.95      0.95       418
          5       0.94      0.92      0.93       372
          6       0.97      0.93      0.95       378
          7       0.95      0.92      0.94       411
          8       0.95      0.93      0.94       384
          9       0.92      0.92      0.92       391

avg / total       0.95      0.95      0.95      4000

Accuracy: 0.9455
Confusion matrix:
[[365   0   1   0   0   1   3   0   0   0]
 [  0 445   4   0   0   0   1   0   0   0]
 [  3   1 397   2   0   1   2   4   6   2]
 [  0   1   2 387   1   5   0   9   1   2]
 [  0   0   6   0 396   0   3   0   1  12]
 [  5   0   2   7   3 342   2   1   7   3]
 [  6   3   5   0   3   6 352   1   2   0]
 [  1   7   7   4   2   0   0 380   0  10]
 [  3   1   3   9   2   6   0   2 357   1]
 [  4   5   1   6   8   1   0   3   2 361]]

==========Samples: (25000, 4000, 4000) ===========


---------------C: 10.000000 -------------
fitting
fitting completed. Took  1.92m
predicting
prediction complete
done

Classification report for classifier SVC(C=10, cache_size=200, class_weight=None, coef0=0.0,
  decision_function_shape=None, degree=3, gamma=0.001, kernel='rbf',
  max_iter=-1, probability=False, random_state=None, shrinking=True,
  tol=0.001, verbose=False):
             precision    recall  f1-score   support

          0       0.94      0.99      0.96       370
          1       0.96      0.99      0.97       450
          2       0.91      0.94      0.93       418
          3       0.89      0.93      0.91       408
          4       0.93      0.94      0.93       418
          5       0.91      0.90      0.90       372
          6       0.97      0.93      0.95       378
          7       0.95      0.90      0.93       411
          8       0.93      0.89      0.91       384
          9       0.92      0.89      0.90       391

avg / total       0.93      0.93      0.93      4000

Accuracy: 0.9305
Confusion matrix:
[[367   0   0   0   0   2   1   0   0   0]
 [  0 444   3   1   0   1   0   0   1   0]
 [  3   1 393   4   2   1   3   4   6   1]
 [  0   0   5 381   0  10   0   6   4   2]
 [  0   0   5   0 392   0   4   1   1  15]
 [  6   0   0  15   1 335   3   0   8   4]
 [  8   3   6   1   2   5 352   0   1   0]
 [  1   8  12   5   5   1   0 370   1   8]
 [  4   1   6  11   3  13   1   4 340   1]
 [  3   6   1   8  16   2   0   4   3 348]]
---------------C: 100.000000 -------------
fitting
fitting completed. Took  1.52m
predicting
prediction complete
done

Classification report for classifier SVC(C=100, cache_size=200, class_weight=None, coef0=0.0,
  decision_function_shape=None, degree=3, gamma=0.001, kernel='rbf',
  max_iter=-1, probability=False, random_state=None, shrinking=True,
  tol=0.001, verbose=False):
             precision    recall  f1-score   support

          0       0.94      0.99      0.96       370
          1       0.96      0.99      0.97       450
          2       0.93      0.95      0.94       418
          3       0.93      0.95      0.94       408
          4       0.95      0.95      0.95       418
          5       0.94      0.92      0.93       372
          6       0.97      0.93      0.95       378
          7       0.95      0.92      0.94       411
          8       0.95      0.93      0.94       384
          9       0.92      0.92      0.92       391

avg / total       0.95      0.95      0.95      4000

Accuracy: 0.9455
Confusion matrix:
[[365   0   1   0   0   1   3   0   0   0]
 [  0 445   4   0   0   0   1   0   0   0]
 [  3   1 397   2   0   1   2   4   6   2]
 [  0   1   2 387   1   5   0   9   1   2]
 [  0   0   6   0 396   0   3   0   1  12]
 [  5   0   2   7   3 342   2   1   7   3]
 [  6   3   5   0   3   6 352   1   2   0]
 [  1   7   7   4   2   0   0 380   0  10]
 [  3   1   3   9   2   6   0   2 357   1]
 [  4   5   1   6   8   1   0   3   2 361]]

==========Samples: (25000, 4000, 4000) ===========


---------------C: 10.000000 -------------
fitting
fitting completed. Took  1.90m
predicting
prediction complete
done

Classification report for classifier SVC(C=10, cache_size=200, class_weight=None, coef0=0.0,
  decision_function_shape=None, degree=3, gamma=0.001, kernel='rbf',
  max_iter=-1, probability=False, random_state=None, shrinking=True,
  tol=0.001, verbose=False):
             precision    recall  f1-score   support

          0       0.94      0.99      0.96       370
          1       0.96      0.99      0.97       450
          2       0.91      0.94      0.93       418
          3       0.89      0.93      0.91       408
          4       0.93      0.94      0.93       418
          5       0.91      0.90      0.90       372
          6       0.97      0.93      0.95       378
          7       0.95      0.90      0.93       411
          8       0.93      0.89      0.91       384
          9       0.92      0.89      0.90       391

avg / total       0.93      0.93      0.93      4000

Accuracy: 0.9305
Confusion matrix:
[[367   0   0   0   0   2   1   0   0   0]
 [  0 444   3   1   0   1   0   0   1   0]
 [  3   1 393   4   2   1   3   4   6   1]
 [  0   0   5 381   0  10   0   6   4   2]
 [  0   0   5   0 392   0   4   1   1  15]
 [  6   0   0  15   1 335   3   0   8   4]
 [  8   3   6   1   2   5 352   0   1   0]
 [  1   8  12   5   5   1   0 370   1   8]
 [  4   1   6  11   3  13   1   4 340   1]
 [  3   6   1   8  16   2   0   4   3 348]]
---------------C: 100.000000 -------------
fitting
fitting completed. Took  1.51m
predicting
prediction complete
done

Classification report for classifier SVC(C=100, cache_size=200, class_weight=None, coef0=0.0,
  decision_function_shape=None, degree=3, gamma=0.001, kernel='rbf',
  max_iter=-1, probability=False, random_state=None, shrinking=True,
  tol=0.001, verbose=False):
             precision    recall  f1-score   support

          0       0.94      0.99      0.96       370
          1       0.96      0.99      0.97       450
          2       0.93      0.95      0.94       418
          3       0.93      0.95      0.94       408
          4       0.95      0.95      0.95       418
          5       0.94      0.92      0.93       372
          6       0.97      0.93      0.95       378
          7       0.95      0.92      0.94       411
          8       0.95      0.93      0.94       384
          9       0.92      0.92      0.92       391

avg / total       0.95      0.95      0.95      4000

Accuracy: 0.9455
Confusion matrix:
[[365   0   1   0   0   1   3   0   0   0]
 [  0 445   4   0   0   0   1   0   0   0]
 [  3   1 397   2   0   1   2   4   6   2]
 [  0   1   2 387   1   5   0   9   1   2]
 [  0   0   6   0 396   0   3   0   1  12]
 [  5   0   2   7   3 342   2   1   7   3]
 [  6   3   5   0   3   6 352   1   2   0]
 [  1   7   7   4   2   0   0 380   0  10]
 [  3   1   3   9   2   6   0   2 357   1]
 [  4   5   1   6   8   1   0   3   2 361]]

==========Samples: (25000, 4000, 4000) ===========


---------------C: 10.000000 -------------
fitting
fitting completed. Took  1.91m
predicting
prediction complete
done

Classification report for classifier SVC(C=10, cache_size=200, class_weight=None, coef0=0.0,
  decision_function_shape=None, degree=3, gamma=0.001, kernel='rbf',
  max_iter=-1, probability=False, random_state=None, shrinking=True,
  tol=0.001, verbose=False):
             precision    recall  f1-score   support

          0       0.94      0.99      0.96       370
          1       0.96      0.99      0.97       450
          2       0.91      0.94      0.93       418
          3       0.89      0.93      0.91       408
          4       0.93      0.94      0.93       418
          5       0.91      0.90      0.90       372
          6       0.97      0.93      0.95       378
          7       0.95      0.90      0.93       411
          8       0.93      0.89      0.91       384
          9       0.92      0.89      0.90       391

avg / total       0.93      0.93      0.93      4000

Accuracy: 0.9305
Confusion matrix:
[[367   0   0   0   0   2   1   0   0   0]
 [  0 444   3   1   0   1   0   0   1   0]
 [  3   1 393   4   2   1   3   4   6   1]
 [  0   0   5 381   0  10   0   6   4   2]
 [  0   0   5   0 392   0   4   1   1  15]
 [  6   0   0  15   1 335   3   0   8   4]
 [  8   3   6   1   2   5 352   0   1   0]
 [  1   8  12   5   5   1   0 370   1   8]
 [  4   1   6  11   3  13   1   4 340   1]
 [  3   6   1   8  16   2   0   4   3 348]]
---------------C: 100.000000 -------------
fitting
fitting completed. Took  1.51m
predicting
prediction complete
done

Classification report for classifier SVC(C=100, cache_size=200, class_weight=None, coef0=0.0,
  decision_function_shape=None, degree=3, gamma=0.001, kernel='rbf',
  max_iter=-1, probability=False, random_state=None, shrinking=True,
  tol=0.001, verbose=False):
             precision    recall  f1-score   support

          0       0.94      0.99      0.96       370
          1       0.96      0.99      0.97       450
          2       0.93      0.95      0.94       418
          3       0.93      0.95      0.94       408
          4       0.95      0.95      0.95       418
          5       0.94      0.92      0.93       372
          6       0.97      0.93      0.95       378
          7       0.95      0.92      0.94       411
          8       0.95      0.93      0.94       384
          9       0.92      0.92      0.92       391

avg / total       0.95      0.95      0.95      4000

Accuracy: 0.9455
Confusion matrix:
[[365   0   1   0   0   1   3   0   0   0]
 [  0 445   4   0   0   0   1   0   0   0]
 [  3   1 397   2   0   1   2   4   6   2]
 [  0   1   2 387   1   5   0   9   1   2]
 [  0   0   6   0 396   0   3   0   1  12]
 [  5   0   2   7   3 342   2   1   7   3]
 [  6   3   5   0   3   6 352   1   2   0]
 [  1   7   7   4   2   0   0 380   0  10]
 [  3   1   3   9   2   6   0   2 357   1]
 [  4   5   1   6   8   1   0   3   2 361]]