_______RUN: 0

==========Pre Train: 0.01 ===========


---------------C: 10.000000 -------------
fitting
fitting completed. Took  0.01m
predicting
prediction complete
done

Classification report for classifier SVC(C=10, cache_size=200, class_weight=None, coef0=0.0,
  decision_function_shape=None, degree=3, gamma=0.001, kernel='rbf',
  max_iter=-1, probability=False, random_state=None, shrinking=True,
  tol=0.001, verbose=False):
             precision    recall  f1-score   support

          0       0.93      0.95      0.94       100
          1       0.95      0.99      0.97       100
          2       0.85      0.84      0.84       100
          3       0.93      0.70      0.80       100
          4       0.84      0.85      0.85       100
          5       0.72      0.84      0.78       100
          6       0.89      0.89      0.89       100
          7       0.82      0.84      0.83       100
          8       0.87      0.78      0.82       100
          9       0.80      0.89      0.84       100

avg / total       0.86      0.86      0.86      1000

Accuracy: 0.857
Confusion matrix:
[[95  0  0  0  2  2  1  0  0  0]
 [ 0 99  0  0  0  0  0  0  1  0]
 [ 1  1 84  0  1  0  4  4  5  0]
 [ 0  0  2 70  0 21  1  2  3  1]
 [ 0  1  0  0 85  0  3  0  0 11]
 [ 1  1  1  1  3 84  1  4  2  2]
 [ 3  0  4  0  1  3 89  0  0  0]
 [ 0  2  6  1  4  0  0 84  0  3]
 [ 2  0  2  3  3  4  1  2 78  5]
 [ 0  0  0  0  2  2  0  6  1 89]]
---------------C: 100.000000 -------------
fitting
fitting completed. Took  0.01m
predicting
prediction complete
done

Classification report for classifier SVC(C=100, cache_size=200, class_weight=None, coef0=0.0,
  decision_function_shape=None, degree=3, gamma=0.001, kernel='rbf',
  max_iter=-1, probability=False, random_state=None, shrinking=True,
  tol=0.001, verbose=False):
             precision    recall  f1-score   support

          0       0.94      0.94      0.94       100
          1       0.97      1.00      0.99       100
          2       0.85      0.92      0.88       100
          3       0.85      0.73      0.78       100
          4       0.89      0.85      0.87       100
          5       0.70      0.81      0.75       100
          6       0.92      0.89      0.90       100
          7       0.86      0.81      0.84       100
          8       0.90      0.77      0.83       100
          9       0.77      0.88      0.82       100

avg / total       0.86      0.86      0.86      1000

Accuracy: 0.86
Confusion matrix:
[[ 94   0   0   0   1   2   3   0   0   0]
 [  0 100   0   0   0   0   0   0   0   0]
 [  1   0  92   0   1   0   1   3   2   0]
 [  0   0   3  73   0  19   1   0   3   1]
 [  0   1   0   0  85   1   2   0   0  11]
 [  1   1   1   1   2  81   1   4   3   5]
 [  2   0   4   0   1   4  89   0   0   0]
 [  0   0   6   3   3   1   0  81   0   6]
 [  2   1   2   6   1   6   0   2  77   3]
 [  0   0   0   3   2   2   0   4   1  88]]

==========Pre Train: 0.01 ===========


---------------C: 10.000000 -------------
fitting
fitting completed. Took  0.03m
predicting
prediction complete
done

Classification report for classifier SVC(C=10, cache_size=200, class_weight=None, coef0=0.0,
  decision_function_shape=None, degree=3, gamma=0.001, kernel='rbf',
  max_iter=-1, probability=False, random_state=None, shrinking=True,
  tol=0.001, verbose=False):
             precision    recall  f1-score   support

          0       0.96      0.96      0.96       100
          1       0.95      0.99      0.97       100
          2       0.84      0.88      0.86       100
          3       0.93      0.78      0.85       100
          4       0.89      0.89      0.89       100
          5       0.80      0.90      0.85       100
          6       0.95      0.88      0.91       100
          7       0.86      0.85      0.85       100
          8       0.87      0.81      0.84       100
          9       0.83      0.91      0.87       100

avg / total       0.89      0.89      0.88      1000

Accuracy: 0.885
Confusion matrix:
[[96  0  0  0  1  2  1  0  0  0]
 [ 0 99  0  0  0  0  0  0  1  0]
 [ 0  0 88  0  2  0  2  2  5  1]
 [ 0  0  3 78  0 13  1  2  1  2]
 [ 0  0  1  0 89  0  0  1  1  8]
 [ 1  1  1  1  0 90  0  3  1  2]
 [ 2  0  4  0  1  4 88  0  1  0]
 [ 0  2  5  1  4  0  0 85  0  3]
 [ 1  2  3  3  2  4  1  1 81  2]
 [ 0  0  0  1  1  0  0  5  2 91]]
---------------C: 100.000000 -------------
fitting
fitting completed. Took  0.03m
predicting
prediction complete
done

Classification report for classifier SVC(C=100, cache_size=200, class_weight=None, coef0=0.0,
  decision_function_shape=None, degree=3, gamma=0.001, kernel='rbf',
  max_iter=-1, probability=False, random_state=None, shrinking=True,
  tol=0.001, verbose=False):
             precision    recall  f1-score   support

          0       0.95      0.97      0.96       100
          1       0.93      1.00      0.97       100
          2       0.86      0.89      0.87       100
          3       0.89      0.81      0.85       100
          4       0.91      0.92      0.92       100
          5       0.83      0.87      0.85       100
          6       0.93      0.88      0.90       100
          7       0.86      0.88      0.87       100
          8       0.88      0.80      0.84       100
          9       0.89      0.91      0.90       100

avg / total       0.89      0.89      0.89      1000

Accuracy: 0.893
Confusion matrix:
[[ 97   0   1   0   0   1   1   0   0   0]
 [  0 100   0   0   0   0   0   0   0   0]
 [  0   1  89   1   2   0   1   2   4   0]
 [  0   2   2  81   0   9   1   2   2   1]
 [  0   0   0   0  92   0   2   0   1   5]
 [  0   1   1   2   1  87   1   3   2   2]
 [  3   0   4   0   1   3  88   0   1   0]
 [  0   2   4   0   1   1   0  88   1   3]
 [  2   1   3   4   3   3   1   3  80   0]
 [  0   0   0   3   1   1   0   4   0  91]]

==========Pre Train: 0.01 ===========


---------------C: 10.000000 -------------
fitting
fitting completed. Took  0.06m
predicting
prediction complete
done

Classification report for classifier SVC(C=10, cache_size=200, class_weight=None, coef0=0.0,
  decision_function_shape=None, degree=3, gamma=0.001, kernel='rbf',
  max_iter=-1, probability=False, random_state=None, shrinking=True,
  tol=0.001, verbose=False):
             precision    recall  f1-score   support

          0       0.96      0.98      0.97       100
          1       0.96      0.99      0.98       100
          2       0.90      0.92      0.91       100
          3       0.90      0.82      0.86       100
          4       0.90      0.95      0.93       100
          5       0.84      0.92      0.88       100
          6       0.96      0.89      0.92       100
          7       0.89      0.88      0.88       100
          8       0.88      0.82      0.85       100
          9       0.88      0.91      0.90       100

avg / total       0.91      0.91      0.91      1000

Accuracy: 0.908
Confusion matrix:
[[98  0  0  0  0  1  1  0  0  0]
 [ 0 99  0  0  0  0  0  0  1  0]
 [ 0  0 92  0  1  0  0  1  4  2]
 [ 0  0  1 82  0  9  1  4  2  1]
 [ 0  1  0  0 95  0  0  0  0  4]
 [ 1  0  0  4  0 92  1  0  1  1]
 [ 3  0  3  0  1  3 89  0  1  0]
 [ 0  2  4  0  3  0  0 88  0  3]
 [ 0  1  2  4  3  4  1  2 82  1]
 [ 0  0  0  1  2  0  0  4  2 91]]
---------------C: 100.000000 -------------
fitting
fitting completed. Took  0.05m
predicting
prediction complete
done

Classification report for classifier SVC(C=100, cache_size=200, class_weight=None, coef0=0.0,
  decision_function_shape=None, degree=3, gamma=0.001, kernel='rbf',
  max_iter=-1, probability=False, random_state=None, shrinking=True,
  tol=0.001, verbose=False):
             precision    recall  f1-score   support

          0       0.97      0.97      0.97       100
          1       0.94      1.00      0.97       100
          2       0.88      0.91      0.89       100
          3       0.91      0.86      0.89       100
          4       0.89      0.95      0.92       100
          5       0.83      0.91      0.87       100
          6       0.96      0.90      0.93       100
          7       0.90      0.86      0.88       100
          8       0.89      0.83      0.86       100
          9       0.90      0.87      0.88       100

avg / total       0.91      0.91      0.91      1000

Accuracy: 0.906
Confusion matrix:
[[ 97   0   0   0   0   1   2   0   0   0]
 [  0 100   0   0   0   0   0   0   0   0]
 [  0   2  91   0   2   0   0   1   3   1]
 [  0   1   1  86   0   7   1   1   2   1]
 [  0   0   0   0  95   0   0   0   1   4]
 [  0   1   1   3   0  91   1   1   2   0]
 [  2   0   3   0   1   3  90   0   1   0]
 [  0   1   7   0   1   1   0  86   0   4]
 [  1   1   1   4   2   5   0   3  83   0]
 [  0   0   0   1   6   1   0   4   1  87]]

==========Pre Train: 0.01 ===========


---------------C: 10.000000 -------------
fitting
fitting completed. Took  0.10m
predicting
prediction complete
done

Classification report for classifier SVC(C=10, cache_size=200, class_weight=None, coef0=0.0,
  decision_function_shape=None, degree=3, gamma=0.001, kernel='rbf',
  max_iter=-1, probability=False, random_state=None, shrinking=True,
  tol=0.001, verbose=False):
             precision    recall  f1-score   support

          0       0.94      0.98      0.96       100
          1       0.97      0.99      0.98       100
          2       0.93      0.93      0.93       100
          3       0.89      0.82      0.85       100
          4       0.89      0.93      0.91       100
          5       0.86      0.90      0.88       100
          6       0.95      0.90      0.92       100
          7       0.91      0.88      0.89       100
          8       0.89      0.87      0.88       100
          9       0.87      0.89      0.88       100

avg / total       0.91      0.91      0.91      1000

Accuracy: 0.909
Confusion matrix:
[[98  0  0  0  0  1  1  0  0  0]
 [ 0 99  0  0  0  0  0  0  1  0]
 [ 0  0 93  0  1  0  0  1  4  1]
 [ 0  0  1 82  0 10  2  2  2  1]
 [ 0  0  0  0 93  0  1  0  0  6]
 [ 1  1  0  4  0 90  1  0  2  1]
 [ 3  0  3  0  1  2 90  0  1  0]
 [ 0  2  2  1  3  0  0 88  0  4]
 [ 2  0  1  4  3  1  0  2 87  0]
 [ 0  0  0  1  4  1  0  4  1 89]]
---------------C: 100.000000 -------------
fitting
fitting completed. Took  0.08m
predicting
prediction complete
done

Classification report for classifier SVC(C=100, cache_size=200, class_weight=None, coef0=0.0,
  decision_function_shape=None, degree=3, gamma=0.001, kernel='rbf',
  max_iter=-1, probability=False, random_state=None, shrinking=True,
  tol=0.001, verbose=False):
             precision    recall  f1-score   support

          0       0.98      0.98      0.98       100
          1       0.95      1.00      0.98       100
          2       0.92      0.91      0.91       100
          3       0.90      0.88      0.89       100
          4       0.90      0.93      0.92       100
          5       0.87      0.91      0.89       100
          6       0.96      0.92      0.94       100
          7       0.87      0.90      0.89       100
          8       0.93      0.84      0.88       100
          9       0.88      0.89      0.89       100

avg / total       0.92      0.92      0.92      1000

Accuracy: 0.916
Confusion matrix:
[[ 98   0   0   0   0   1   1   0   0   0]
 [  0 100   0   0   0   0   0   0   0   0]
 [  0   3  91   1   1   0   0   2   1   1]
 [  0   1   1  88   0   7   1   1   1   0]
 [  0   0   1   0  93   0   1   1   0   4]
 [  0   0   0   3   0  91   1   0   3   2]
 [  2   0   2   0   2   1  92   0   1   0]
 [  0   1   2   1   1   1   0  90   0   4]
 [  0   0   2   4   2   3   0   4  84   1]
 [  0   0   0   1   4   1   0   5   0  89]]

==========Pre Train: 0.01 ===========


---------------C: 10.000000 -------------
fitting
fitting completed. Took  0.14m
predicting
prediction complete
done

Classification report for classifier SVC(C=10, cache_size=200, class_weight=None, coef0=0.0,
  decision_function_shape=None, degree=3, gamma=0.001, kernel='rbf',
  max_iter=-1, probability=False, random_state=None, shrinking=True,
  tol=0.001, verbose=False):
             precision    recall  f1-score   support

          0       0.95      0.98      0.97       100
          1       0.97      0.99      0.98       100
          2       0.93      0.90      0.91       100
          3       0.91      0.86      0.88       100
          4       0.90      0.93      0.92       100
          5       0.87      0.91      0.89       100
          6       0.96      0.93      0.94       100
          7       0.91      0.89      0.90       100
          8       0.87      0.86      0.86       100
          9       0.88      0.89      0.89       100

avg / total       0.91      0.91      0.91      1000

Accuracy: 0.914
Confusion matrix:
[[98  0  0  0  0  1  1  0  0  0]
 [ 0 99  0  0  0  0  0  0  1  0]
 [ 0  0 90  0  1  0  1  2  5  1]
 [ 0  0  1 86  0  8  1  2  1  1]
 [ 0  0  1  0 93  0  0  1  0  5]
 [ 1  1  0  3  0 91  1  0  2  1]
 [ 3  0  1  0  1  1 93  0  1  0]
 [ 0  2  3  0  2  0  0 89  1  3]
 [ 1  0  1  5  2  3  0  1 86  1]
 [ 0  0  0  1  4  1  0  3  2 89]]
---------------C: 100.000000 -------------
fitting
fitting completed. Took  0.11m
predicting
prediction complete
done

Classification report for classifier SVC(C=100, cache_size=200, class_weight=None, coef0=0.0,
  decision_function_shape=None, degree=3, gamma=0.001, kernel='rbf',
  max_iter=-1, probability=False, random_state=None, shrinking=True,
  tol=0.001, verbose=False):
             precision    recall  f1-score   support

          0       0.96      0.97      0.97       100
          1       0.94      1.00      0.97       100
          2       0.95      0.87      0.91       100
          3       0.88      0.90      0.89       100
          4       0.89      0.95      0.92       100
          5       0.90      0.88      0.89       100
          6       0.95      0.92      0.93       100
          7       0.91      0.90      0.90       100
          8       0.89      0.87      0.88       100
          9       0.89      0.89      0.89       100

avg / total       0.92      0.92      0.91      1000

Accuracy: 0.915
Confusion matrix:
[[ 97   0   0   0   0   1   2   0   0   0]
 [  0 100   0   0   0   0   0   0   0   0]
 [  0   2  87   2   1   0   1   2   4   1]
 [  0   1   0  90   0   4   1   1   2   1]
 [  0   1   0   0  95   0   0   0   0   4]
 [  1   0   0   4   0  88   1   0   4   2]
 [  2   0   1   0   2   2  92   0   1   0]
 [  0   1   4   0   2   0   0  90   0   3]
 [  1   0   0   5   2   2   0   3  87   0]
 [  0   1   0   1   5   1   0   3   0  89]]_______RUN: 1

==========Pre Train: 0.01 ===========


---------------C: 10.000000 -------------
fitting
fitting completed. Took  0.01m
predicting
prediction complete
done

Classification report for classifier SVC(C=10, cache_size=200, class_weight=None, coef0=0.0,
  decision_function_shape=None, degree=3, gamma=0.001, kernel='rbf',
  max_iter=-1, probability=False, random_state=None, shrinking=True,
  tol=0.001, verbose=False):
             precision    recall  f1-score   support

          0       0.93      0.95      0.94       100
          1       0.95      0.99      0.97       100
          2       0.85      0.84      0.84       100
          3       0.93      0.70      0.80       100
          4       0.84      0.85      0.85       100
          5       0.72      0.84      0.78       100
          6       0.89      0.89      0.89       100
          7       0.82      0.84      0.83       100
          8       0.87      0.78      0.82       100
          9       0.80      0.89      0.84       100

avg / total       0.86      0.86      0.86      1000

Accuracy: 0.857
Confusion matrix:
[[95  0  0  0  2  2  1  0  0  0]
 [ 0 99  0  0  0  0  0  0  1  0]
 [ 1  1 84  0  1  0  4  4  5  0]
 [ 0  0  2 70  0 21  1  2  3  1]
 [ 0  1  0  0 85  0  3  0  0 11]
 [ 1  1  1  1  3 84  1  4  2  2]
 [ 3  0  4  0  1  3 89  0  0  0]
 [ 0  2  6  1  4  0  0 84  0  3]
 [ 2  0  2  3  3  4  1  2 78  5]
 [ 0  0  0  0  2  2  0  6  1 89]]
---------------C: 100.000000 -------------
fitting
fitting completed. Took  0.01m
predicting
prediction complete
done

Classification report for classifier SVC(C=100, cache_size=200, class_weight=None, coef0=0.0,
  decision_function_shape=None, degree=3, gamma=0.001, kernel='rbf',
  max_iter=-1, probability=False, random_state=None, shrinking=True,
  tol=0.001, verbose=False):
             precision    recall  f1-score   support

          0       0.94      0.94      0.94       100
          1       0.97      1.00      0.99       100
          2       0.85      0.92      0.88       100
          3       0.85      0.73      0.78       100
          4       0.89      0.85      0.87       100
          5       0.70      0.81      0.75       100
          6       0.92      0.89      0.90       100
          7       0.86      0.81      0.84       100
          8       0.90      0.77      0.83       100
          9       0.77      0.88      0.82       100

avg / total       0.86      0.86      0.86      1000

Accuracy: 0.86
Confusion matrix:
[[ 94   0   0   0   1   2   3   0   0   0]
 [  0 100   0   0   0   0   0   0   0   0]
 [  1   0  92   0   1   0   1   3   2   0]
 [  0   0   3  73   0  19   1   0   3   1]
 [  0   1   0   0  85   1   2   0   0  11]
 [  1   1   1   1   2  81   1   4   3   5]
 [  2   0   4   0   1   4  89   0   0   0]
 [  0   0   6   3   3   1   0  81   0   6]
 [  2   1   2   6   1   6   0   2  77   3]
 [  0   0   0   3   2   2   0   4   1  88]]

==========Pre Train: 0.01 ===========


---------------C: 10.000000 -------------
fitting
fitting completed. Took  0.03m
predicting
prediction complete
done

Classification report for classifier SVC(C=10, cache_size=200, class_weight=None, coef0=0.0,
  decision_function_shape=None, degree=3, gamma=0.001, kernel='rbf',
  max_iter=-1, probability=False, random_state=None, shrinking=True,
  tol=0.001, verbose=False):
             precision    recall  f1-score   support

          0       0.96      0.96      0.96       100
          1       0.95      0.99      0.97       100
          2       0.84      0.88      0.86       100
          3       0.93      0.78      0.85       100
          4       0.89      0.89      0.89       100
          5       0.80      0.90      0.85       100
          6       0.95      0.88      0.91       100
          7       0.86      0.85      0.85       100
          8       0.87      0.81      0.84       100
          9       0.83      0.91      0.87       100

avg / total       0.89      0.89      0.88      1000

Accuracy: 0.885
Confusion matrix:
[[96  0  0  0  1  2  1  0  0  0]
 [ 0 99  0  0  0  0  0  0  1  0]
 [ 0  0 88  0  2  0  2  2  5  1]
 [ 0  0  3 78  0 13  1  2  1  2]
 [ 0  0  1  0 89  0  0  1  1  8]
 [ 1  1  1  1  0 90  0  3  1  2]
 [ 2  0  4  0  1  4 88  0  1  0]
 [ 0  2  5  1  4  0  0 85  0  3]
 [ 1  2  3  3  2  4  1  1 81  2]
 [ 0  0  0  1  1  0  0  5  2 91]]
---------------C: 100.000000 -------------
fitting
fitting completed. Took  0.03m
predicting
prediction complete
done

Classification report for classifier SVC(C=100, cache_size=200, class_weight=None, coef0=0.0,
  decision_function_shape=None, degree=3, gamma=0.001, kernel='rbf',
  max_iter=-1, probability=False, random_state=None, shrinking=True,
  tol=0.001, verbose=False):
             precision    recall  f1-score   support

          0       0.95      0.97      0.96       100
          1       0.93      1.00      0.97       100
          2       0.86      0.89      0.87       100
          3       0.89      0.81      0.85       100
          4       0.91      0.92      0.92       100
          5       0.83      0.87      0.85       100
          6       0.93      0.88      0.90       100
          7       0.86      0.88      0.87       100
          8       0.88      0.80      0.84       100
          9       0.89      0.91      0.90       100

avg / total       0.89      0.89      0.89      1000

Accuracy: 0.893
Confusion matrix:
[[ 97   0   1   0   0   1   1   0   0   0]
 [  0 100   0   0   0   0   0   0   0   0]
 [  0   1  89   1   2   0   1   2   4   0]
 [  0   2   2  81   0   9   1   2   2   1]
 [  0   0   0   0  92   0   2   0   1   5]
 [  0   1   1   2   1  87   1   3   2   2]
 [  3   0   4   0   1   3  88   0   1   0]
 [  0   2   4   0   1   1   0  88   1   3]
 [  2   1   3   4   3   3   1   3  80   0]
 [  0   0   0   3   1   1   0   4   0  91]]

==========Pre Train: 0.01 ===========


---------------C: 10.000000 -------------
fitting
fitting completed. Took  0.06m
predicting
prediction complete
done

Classification report for classifier SVC(C=10, cache_size=200, class_weight=None, coef0=0.0,
  decision_function_shape=None, degree=3, gamma=0.001, kernel='rbf',
  max_iter=-1, probability=False, random_state=None, shrinking=True,
  tol=0.001, verbose=False):
             precision    recall  f1-score   support

          0       0.96      0.98      0.97       100
          1       0.96      0.99      0.98       100
          2       0.90      0.92      0.91       100
          3       0.90      0.82      0.86       100
          4       0.90      0.95      0.93       100
          5       0.84      0.92      0.88       100
          6       0.96      0.89      0.92       100
          7       0.89      0.88      0.88       100
          8       0.88      0.82      0.85       100
          9       0.88      0.91      0.90       100

avg / total       0.91      0.91      0.91      1000

Accuracy: 0.908
Confusion matrix:
[[98  0  0  0  0  1  1  0  0  0]
 [ 0 99  0  0  0  0  0  0  1  0]
 [ 0  0 92  0  1  0  0  1  4  2]
 [ 0  0  1 82  0  9  1  4  2  1]
 [ 0  1  0  0 95  0  0  0  0  4]
 [ 1  0  0  4  0 92  1  0  1  1]
 [ 3  0  3  0  1  3 89  0  1  0]
 [ 0  2  4  0  3  0  0 88  0  3]
 [ 0  1  2  4  3  4  1  2 82  1]
 [ 0  0  0  1  2  0  0  4  2 91]]
---------------C: 100.000000 -------------
fitting
fitting completed. Took  0.05m
predicting
prediction complete
done

Classification report for classifier SVC(C=100, cache_size=200, class_weight=None, coef0=0.0,
  decision_function_shape=None, degree=3, gamma=0.001, kernel='rbf',
  max_iter=-1, probability=False, random_state=None, shrinking=True,
  tol=0.001, verbose=False):
             precision    recall  f1-score   support

          0       0.97      0.97      0.97       100
          1       0.94      1.00      0.97       100
          2       0.88      0.91      0.89       100
          3       0.91      0.86      0.89       100
          4       0.89      0.95      0.92       100
          5       0.83      0.91      0.87       100
          6       0.96      0.90      0.93       100
          7       0.90      0.86      0.88       100
          8       0.89      0.83      0.86       100
          9       0.90      0.87      0.88       100

avg / total       0.91      0.91      0.91      1000

Accuracy: 0.906
Confusion matrix:
[[ 97   0   0   0   0   1   2   0   0   0]
 [  0 100   0   0   0   0   0   0   0   0]
 [  0   2  91   0   2   0   0   1   3   1]
 [  0   1   1  86   0   7   1   1   2   1]
 [  0   0   0   0  95   0   0   0   1   4]
 [  0   1   1   3   0  91   1   1   2   0]
 [  2   0   3   0   1   3  90   0   1   0]
 [  0   1   7   0   1   1   0  86   0   4]
 [  1   1   1   4   2   5   0   3  83   0]
 [  0   0   0   1   6   1   0   4   1  87]]

==========Pre Train: 0.01 ===========


---------------C: 10.000000 -------------
fitting
fitting completed. Took  0.10m
predicting
prediction complete
done

Classification report for classifier SVC(C=10, cache_size=200, class_weight=None, coef0=0.0,
  decision_function_shape=None, degree=3, gamma=0.001, kernel='rbf',
  max_iter=-1, probability=False, random_state=None, shrinking=True,
  tol=0.001, verbose=False):
             precision    recall  f1-score   support

          0       0.94      0.98      0.96       100
          1       0.97      0.99      0.98       100
          2       0.93      0.93      0.93       100
          3       0.89      0.82      0.85       100
          4       0.89      0.93      0.91       100
          5       0.86      0.90      0.88       100
          6       0.95      0.90      0.92       100
          7       0.91      0.88      0.89       100
          8       0.89      0.87      0.88       100
          9       0.87      0.89      0.88       100

avg / total       0.91      0.91      0.91      1000

Accuracy: 0.909
Confusion matrix:
[[98  0  0  0  0  1  1  0  0  0]
 [ 0 99  0  0  0  0  0  0  1  0]
 [ 0  0 93  0  1  0  0  1  4  1]
 [ 0  0  1 82  0 10  2  2  2  1]
 [ 0  0  0  0 93  0  1  0  0  6]
 [ 1  1  0  4  0 90  1  0  2  1]
 [ 3  0  3  0  1  2 90  0  1  0]
 [ 0  2  2  1  3  0  0 88  0  4]
 [ 2  0  1  4  3  1  0  2 87  0]
 [ 0  0  0  1  4  1  0  4  1 89]]
---------------C: 100.000000 -------------
fitting
fitting completed. Took  0.08m
predicting
prediction complete
done

Classification report for classifier SVC(C=100, cache_size=200, class_weight=None, coef0=0.0,
  decision_function_shape=None, degree=3, gamma=0.001, kernel='rbf',
  max_iter=-1, probability=False, random_state=None, shrinking=True,
  tol=0.001, verbose=False):
             precision    recall  f1-score   support

          0       0.98      0.98      0.98       100
          1       0.95      1.00      0.98       100
          2       0.92      0.91      0.91       100
          3       0.90      0.88      0.89       100
          4       0.90      0.93      0.92       100
          5       0.87      0.91      0.89       100
          6       0.96      0.92      0.94       100
          7       0.87      0.90      0.89       100
          8       0.93      0.84      0.88       100
          9       0.88      0.89      0.89       100

avg / total       0.92      0.92      0.92      1000

Accuracy: 0.916
Confusion matrix:
[[ 98   0   0   0   0   1   1   0   0   0]
 [  0 100   0   0   0   0   0   0   0   0]
 [  0   3  91   1   1   0   0   2   1   1]
 [  0   1   1  88   0   7   1   1   1   0]
 [  0   0   1   0  93   0   1   1   0   4]
 [  0   0   0   3   0  91   1   0   3   2]
 [  2   0   2   0   2   1  92   0   1   0]
 [  0   1   2   1   1   1   0  90   0   4]
 [  0   0   2   4   2   3   0   4  84   1]
 [  0   0   0   1   4   1   0   5   0  89]]

==========Pre Train: 0.01 ===========


---------------C: 10.000000 -------------
fitting
fitting completed. Took  0.14m
predicting
prediction complete
done

Classification report for classifier SVC(C=10, cache_size=200, class_weight=None, coef0=0.0,
  decision_function_shape=None, degree=3, gamma=0.001, kernel='rbf',
  max_iter=-1, probability=False, random_state=None, shrinking=True,
  tol=0.001, verbose=False):
             precision    recall  f1-score   support

          0       0.95      0.98      0.97       100
          1       0.97      0.99      0.98       100
          2       0.93      0.90      0.91       100
          3       0.91      0.86      0.88       100
          4       0.90      0.93      0.92       100
          5       0.87      0.91      0.89       100
          6       0.96      0.93      0.94       100
          7       0.91      0.89      0.90       100
          8       0.87      0.86      0.86       100
          9       0.88      0.89      0.89       100

avg / total       0.91      0.91      0.91      1000

Accuracy: 0.914
Confusion matrix:
[[98  0  0  0  0  1  1  0  0  0]
 [ 0 99  0  0  0  0  0  0  1  0]
 [ 0  0 90  0  1  0  1  2  5  1]
 [ 0  0  1 86  0  8  1  2  1  1]
 [ 0  0  1  0 93  0  0  1  0  5]
 [ 1  1  0  3  0 91  1  0  2  1]
 [ 3  0  1  0  1  1 93  0  1  0]
 [ 0  2  3  0  2  0  0 89  1  3]
 [ 1  0  1  5  2  3  0  1 86  1]
 [ 0  0  0  1  4  1  0  3  2 89]]
---------------C: 100.000000 -------------
fitting
fitting completed. Took  0.11m
predicting
prediction complete
done

Classification report for classifier SVC(C=100, cache_size=200, class_weight=None, coef0=0.0,
  decision_function_shape=None, degree=3, gamma=0.001, kernel='rbf',
  max_iter=-1, probability=False, random_state=None, shrinking=True,
  tol=0.001, verbose=False):
             precision    recall  f1-score   support

          0       0.96      0.97      0.97       100
          1       0.94      1.00      0.97       100
          2       0.95      0.87      0.91       100
          3       0.88      0.90      0.89       100
          4       0.89      0.95      0.92       100
          5       0.90      0.88      0.89       100
          6       0.95      0.92      0.93       100
          7       0.91      0.90      0.90       100
          8       0.89      0.87      0.88       100
          9       0.89      0.89      0.89       100

avg / total       0.92      0.92      0.91      1000

Accuracy: 0.915
Confusion matrix:
[[ 97   0   0   0   0   1   2   0   0   0]
 [  0 100   0   0   0   0   0   0   0   0]
 [  0   2  87   2   1   0   1   2   4   1]
 [  0   1   0  90   0   4   1   1   2   1]
 [  0   1   0   0  95   0   0   0   0   4]
 [  1   0   0   4   0  88   1   0   4   2]
 [  2   0   1   0   2   2  92   0   1   0]
 [  0   1   4   0   2   0   0  90   0   3]
 [  1   0   0   5   2   2   0   3  87   0]
 [  0   1   0   1   5   1   0   3   0  89]]_______RUN: 2

==========Pre Train: 0.01 ===========


---------------C: 10.000000 -------------
fitting
fitting completed. Took  0.01m
predicting
prediction complete
done

Classification report for classifier SVC(C=10, cache_size=200, class_weight=None, coef0=0.0,
  decision_function_shape=None, degree=3, gamma=0.001, kernel='rbf',
  max_iter=-1, probability=False, random_state=None, shrinking=True,
  tol=0.001, verbose=False):
             precision    recall  f1-score   support

          0       0.93      0.95      0.94       100
          1       0.95      0.99      0.97       100
          2       0.85      0.84      0.84       100
          3       0.93      0.70      0.80       100
          4       0.84      0.85      0.85       100
          5       0.72      0.84      0.78       100
          6       0.89      0.89      0.89       100
          7       0.82      0.84      0.83       100
          8       0.87      0.78      0.82       100
          9       0.80      0.89      0.84       100

avg / total       0.86      0.86      0.86      1000

Accuracy: 0.857
Confusion matrix:
[[95  0  0  0  2  2  1  0  0  0]
 [ 0 99  0  0  0  0  0  0  1  0]
 [ 1  1 84  0  1  0  4  4  5  0]
 [ 0  0  2 70  0 21  1  2  3  1]
 [ 0  1  0  0 85  0  3  0  0 11]
 [ 1  1  1  1  3 84  1  4  2  2]
 [ 3  0  4  0  1  3 89  0  0  0]
 [ 0  2  6  1  4  0  0 84  0  3]
 [ 2  0  2  3  3  4  1  2 78  5]
 [ 0  0  0  0  2  2  0  6  1 89]]
---------------C: 100.000000 -------------
fitting
fitting completed. Took  0.01m
predicting
prediction complete
done

Classification report for classifier SVC(C=100, cache_size=200, class_weight=None, coef0=0.0,
  decision_function_shape=None, degree=3, gamma=0.001, kernel='rbf',
  max_iter=-1, probability=False, random_state=None, shrinking=True,
  tol=0.001, verbose=False):
             precision    recall  f1-score   support

          0       0.94      0.94      0.94       100
          1       0.97      1.00      0.99       100
          2       0.85      0.92      0.88       100
          3       0.85      0.73      0.78       100
          4       0.89      0.85      0.87       100
          5       0.70      0.81      0.75       100
          6       0.92      0.89      0.90       100
          7       0.86      0.81      0.84       100
          8       0.90      0.77      0.83       100
          9       0.77      0.88      0.82       100

avg / total       0.86      0.86      0.86      1000

Accuracy: 0.86
Confusion matrix:
[[ 94   0   0   0   1   2   3   0   0   0]
 [  0 100   0   0   0   0   0   0   0   0]
 [  1   0  92   0   1   0   1   3   2   0]
 [  0   0   3  73   0  19   1   0   3   1]
 [  0   1   0   0  85   1   2   0   0  11]
 [  1   1   1   1   2  81   1   4   3   5]
 [  2   0   4   0   1   4  89   0   0   0]
 [  0   0   6   3   3   1   0  81   0   6]
 [  2   1   2   6   1   6   0   2  77   3]
 [  0   0   0   3   2   2   0   4   1  88]]

==========Pre Train: 0.01 ===========


---------------C: 10.000000 -------------
fitting
fitting completed. Took  0.03m
predicting
prediction complete
done

Classification report for classifier SVC(C=10, cache_size=200, class_weight=None, coef0=0.0,
  decision_function_shape=None, degree=3, gamma=0.001, kernel='rbf',
  max_iter=-1, probability=False, random_state=None, shrinking=True,
  tol=0.001, verbose=False):
             precision    recall  f1-score   support

          0       0.96      0.96      0.96       100
          1       0.95      0.99      0.97       100
          2       0.84      0.88      0.86       100
          3       0.93      0.78      0.85       100
          4       0.89      0.89      0.89       100
          5       0.80      0.90      0.85       100
          6       0.95      0.88      0.91       100
          7       0.86      0.85      0.85       100
          8       0.87      0.81      0.84       100
          9       0.83      0.91      0.87       100

avg / total       0.89      0.89      0.88      1000

Accuracy: 0.885
Confusion matrix:
[[96  0  0  0  1  2  1  0  0  0]
 [ 0 99  0  0  0  0  0  0  1  0]
 [ 0  0 88  0  2  0  2  2  5  1]
 [ 0  0  3 78  0 13  1  2  1  2]
 [ 0  0  1  0 89  0  0  1  1  8]
 [ 1  1  1  1  0 90  0  3  1  2]
 [ 2  0  4  0  1  4 88  0  1  0]
 [ 0  2  5  1  4  0  0 85  0  3]
 [ 1  2  3  3  2  4  1  1 81  2]
 [ 0  0  0  1  1  0  0  5  2 91]]
---------------C: 100.000000 -------------
fitting
fitting completed. Took  0.03m
predicting
prediction complete
done

Classification report for classifier SVC(C=100, cache_size=200, class_weight=None, coef0=0.0,
  decision_function_shape=None, degree=3, gamma=0.001, kernel='rbf',
  max_iter=-1, probability=False, random_state=None, shrinking=True,
  tol=0.001, verbose=False):
             precision    recall  f1-score   support

          0       0.95      0.97      0.96       100
          1       0.93      1.00      0.97       100
          2       0.86      0.89      0.87       100
          3       0.89      0.81      0.85       100
          4       0.91      0.92      0.92       100
          5       0.83      0.87      0.85       100
          6       0.93      0.88      0.90       100
          7       0.86      0.88      0.87       100
          8       0.88      0.80      0.84       100
          9       0.89      0.91      0.90       100

avg / total       0.89      0.89      0.89      1000

Accuracy: 0.893
Confusion matrix:
[[ 97   0   1   0   0   1   1   0   0   0]
 [  0 100   0   0   0   0   0   0   0   0]
 [  0   1  89   1   2   0   1   2   4   0]
 [  0   2   2  81   0   9   1   2   2   1]
 [  0   0   0   0  92   0   2   0   1   5]
 [  0   1   1   2   1  87   1   3   2   2]
 [  3   0   4   0   1   3  88   0   1   0]
 [  0   2   4   0   1   1   0  88   1   3]
 [  2   1   3   4   3   3   1   3  80   0]
 [  0   0   0   3   1   1   0   4   0  91]]

==========Pre Train: 0.01 ===========


---------------C: 10.000000 -------------
fitting
fitting completed. Took  0.06m
predicting
prediction complete
done

Classification report for classifier SVC(C=10, cache_size=200, class_weight=None, coef0=0.0,
  decision_function_shape=None, degree=3, gamma=0.001, kernel='rbf',
  max_iter=-1, probability=False, random_state=None, shrinking=True,
  tol=0.001, verbose=False):
             precision    recall  f1-score   support

          0       0.96      0.98      0.97       100
          1       0.96      0.99      0.98       100
          2       0.90      0.92      0.91       100
          3       0.90      0.82      0.86       100
          4       0.90      0.95      0.93       100
          5       0.84      0.92      0.88       100
          6       0.96      0.89      0.92       100
          7       0.89      0.88      0.88       100
          8       0.88      0.82      0.85       100
          9       0.88      0.91      0.90       100

avg / total       0.91      0.91      0.91      1000

Accuracy: 0.908
Confusion matrix:
[[98  0  0  0  0  1  1  0  0  0]
 [ 0 99  0  0  0  0  0  0  1  0]
 [ 0  0 92  0  1  0  0  1  4  2]
 [ 0  0  1 82  0  9  1  4  2  1]
 [ 0  1  0  0 95  0  0  0  0  4]
 [ 1  0  0  4  0 92  1  0  1  1]
 [ 3  0  3  0  1  3 89  0  1  0]
 [ 0  2  4  0  3  0  0 88  0  3]
 [ 0  1  2  4  3  4  1  2 82  1]
 [ 0  0  0  1  2  0  0  4  2 91]]
---------------C: 100.000000 -------------
fitting
fitting completed. Took  0.05m
predicting
prediction complete
done

Classification report for classifier SVC(C=100, cache_size=200, class_weight=None, coef0=0.0,
  decision_function_shape=None, degree=3, gamma=0.001, kernel='rbf',
  max_iter=-1, probability=False, random_state=None, shrinking=True,
  tol=0.001, verbose=False):
             precision    recall  f1-score   support

          0       0.97      0.97      0.97       100
          1       0.94      1.00      0.97       100
          2       0.88      0.91      0.89       100
          3       0.91      0.86      0.89       100
          4       0.89      0.95      0.92       100
          5       0.83      0.91      0.87       100
          6       0.96      0.90      0.93       100
          7       0.90      0.86      0.88       100
          8       0.89      0.83      0.86       100
          9       0.90      0.87      0.88       100

avg / total       0.91      0.91      0.91      1000

Accuracy: 0.906
Confusion matrix:
[[ 97   0   0   0   0   1   2   0   0   0]
 [  0 100   0   0   0   0   0   0   0   0]
 [  0   2  91   0   2   0   0   1   3   1]
 [  0   1   1  86   0   7   1   1   2   1]
 [  0   0   0   0  95   0   0   0   1   4]
 [  0   1   1   3   0  91   1   1   2   0]
 [  2   0   3   0   1   3  90   0   1   0]
 [  0   1   7   0   1   1   0  86   0   4]
 [  1   1   1   4   2   5   0   3  83   0]
 [  0   0   0   1   6   1   0   4   1  87]]

==========Pre Train: 0.01 ===========


---------------C: 10.000000 -------------
fitting
fitting completed. Took  0.10m
predicting
prediction complete
done

Classification report for classifier SVC(C=10, cache_size=200, class_weight=None, coef0=0.0,
  decision_function_shape=None, degree=3, gamma=0.001, kernel='rbf',
  max_iter=-1, probability=False, random_state=None, shrinking=True,
  tol=0.001, verbose=False):
             precision    recall  f1-score   support

          0       0.94      0.98      0.96       100
          1       0.97      0.99      0.98       100
          2       0.93      0.93      0.93       100
          3       0.89      0.82      0.85       100
          4       0.89      0.93      0.91       100
          5       0.86      0.90      0.88       100
          6       0.95      0.90      0.92       100
          7       0.91      0.88      0.89       100
          8       0.89      0.87      0.88       100
          9       0.87      0.89      0.88       100

avg / total       0.91      0.91      0.91      1000

Accuracy: 0.909
Confusion matrix:
[[98  0  0  0  0  1  1  0  0  0]
 [ 0 99  0  0  0  0  0  0  1  0]
 [ 0  0 93  0  1  0  0  1  4  1]
 [ 0  0  1 82  0 10  2  2  2  1]
 [ 0  0  0  0 93  0  1  0  0  6]
 [ 1  1  0  4  0 90  1  0  2  1]
 [ 3  0  3  0  1  2 90  0  1  0]
 [ 0  2  2  1  3  0  0 88  0  4]
 [ 2  0  1  4  3  1  0  2 87  0]
 [ 0  0  0  1  4  1  0  4  1 89]]
---------------C: 100.000000 -------------
fitting
fitting completed. Took  0.08m
predicting
prediction complete
done

Classification report for classifier SVC(C=100, cache_size=200, class_weight=None, coef0=0.0,
  decision_function_shape=None, degree=3, gamma=0.001, kernel='rbf',
  max_iter=-1, probability=False, random_state=None, shrinking=True,
  tol=0.001, verbose=False):
             precision    recall  f1-score   support

          0       0.98      0.98      0.98       100
          1       0.95      1.00      0.98       100
          2       0.92      0.91      0.91       100
          3       0.90      0.88      0.89       100
          4       0.90      0.93      0.92       100
          5       0.87      0.91      0.89       100
          6       0.96      0.92      0.94       100
          7       0.87      0.90      0.89       100
          8       0.93      0.84      0.88       100
          9       0.88      0.89      0.89       100

avg / total       0.92      0.92      0.92      1000

Accuracy: 0.916
Confusion matrix:
[[ 98   0   0   0   0   1   1   0   0   0]
 [  0 100   0   0   0   0   0   0   0   0]
 [  0   3  91   1   1   0   0   2   1   1]
 [  0   1   1  88   0   7   1   1   1   0]
 [  0   0   1   0  93   0   1   1   0   4]
 [  0   0   0   3   0  91   1   0   3   2]
 [  2   0   2   0   2   1  92   0   1   0]
 [  0   1   2   1   1   1   0  90   0   4]
 [  0   0   2   4   2   3   0   4  84   1]
 [  0   0   0   1   4   1   0   5   0  89]]

==========Pre Train: 0.01 ===========


---------------C: 10.000000 -------------
fitting
fitting completed. Took  0.14m
predicting
prediction complete
done

Classification report for classifier SVC(C=10, cache_size=200, class_weight=None, coef0=0.0,
  decision_function_shape=None, degree=3, gamma=0.001, kernel='rbf',
  max_iter=-1, probability=False, random_state=None, shrinking=True,
  tol=0.001, verbose=False):
             precision    recall  f1-score   support

          0       0.95      0.98      0.97       100
          1       0.97      0.99      0.98       100
          2       0.93      0.90      0.91       100
          3       0.91      0.86      0.88       100
          4       0.90      0.93      0.92       100
          5       0.87      0.91      0.89       100
          6       0.96      0.93      0.94       100
          7       0.91      0.89      0.90       100
          8       0.87      0.86      0.86       100
          9       0.88      0.89      0.89       100

avg / total       0.91      0.91      0.91      1000

Accuracy: 0.914
Confusion matrix:
[[98  0  0  0  0  1  1  0  0  0]
 [ 0 99  0  0  0  0  0  0  1  0]
 [ 0  0 90  0  1  0  1  2  5  1]
 [ 0  0  1 86  0  8  1  2  1  1]
 [ 0  0  1  0 93  0  0  1  0  5]
 [ 1  1  0  3  0 91  1  0  2  1]
 [ 3  0  1  0  1  1 93  0  1  0]
 [ 0  2  3  0  2  0  0 89  1  3]
 [ 1  0  1  5  2  3  0  1 86  1]
 [ 0  0  0  1  4  1  0  3  2 89]]
---------------C: 100.000000 -------------
fitting
fitting completed. Took  0.11m
predicting
prediction complete
done

Classification report for classifier SVC(C=100, cache_size=200, class_weight=None, coef0=0.0,
  decision_function_shape=None, degree=3, gamma=0.001, kernel='rbf',
  max_iter=-1, probability=False, random_state=None, shrinking=True,
  tol=0.001, verbose=False):
             precision    recall  f1-score   support

          0       0.96      0.97      0.97       100
          1       0.94      1.00      0.97       100
          2       0.95      0.87      0.91       100
          3       0.88      0.90      0.89       100
          4       0.89      0.95      0.92       100
          5       0.90      0.88      0.89       100
          6       0.95      0.92      0.93       100
          7       0.91      0.90      0.90       100
          8       0.89      0.87      0.88       100
          9       0.89      0.89      0.89       100

avg / total       0.92      0.92      0.91      1000

Accuracy: 0.915
Confusion matrix:
[[ 97   0   0   0   0   1   2   0   0   0]
 [  0 100   0   0   0   0   0   0   0   0]
 [  0   2  87   2   1   0   1   2   4   1]
 [  0   1   0  90   0   4   1   1   2   1]
 [  0   1   0   0  95   0   0   0   0   4]
 [  1   0   0   4   0  88   1   0   4   2]
 [  2   0   1   0   2   2  92   0   1   0]
 [  0   1   4   0   2   0   0  90   0   3]
 [  1   0   0   5   2   2   0   3  87   0]
 [  0   1   0   1   5   1   0   3   0  89]]_______RUN: 3

==========Pre Train: 0.01 ===========


---------------C: 10.000000 -------------
fitting
fitting completed. Took  0.01m
predicting
prediction complete
done

Classification report for classifier SVC(C=10, cache_size=200, class_weight=None, coef0=0.0,
  decision_function_shape=None, degree=3, gamma=0.001, kernel='rbf',
  max_iter=-1, probability=False, random_state=None, shrinking=True,
  tol=0.001, verbose=False):
             precision    recall  f1-score   support

          0       0.93      0.95      0.94       100
          1       0.95      0.99      0.97       100
          2       0.85      0.84      0.84       100
          3       0.93      0.70      0.80       100
          4       0.84      0.85      0.85       100
          5       0.72      0.84      0.78       100
          6       0.89      0.89      0.89       100
          7       0.82      0.84      0.83       100
          8       0.87      0.78      0.82       100
          9       0.80      0.89      0.84       100

avg / total       0.86      0.86      0.86      1000

Accuracy: 0.857
Confusion matrix:
[[95  0  0  0  2  2  1  0  0  0]
 [ 0 99  0  0  0  0  0  0  1  0]
 [ 1  1 84  0  1  0  4  4  5  0]
 [ 0  0  2 70  0 21  1  2  3  1]
 [ 0  1  0  0 85  0  3  0  0 11]
 [ 1  1  1  1  3 84  1  4  2  2]
 [ 3  0  4  0  1  3 89  0  0  0]
 [ 0  2  6  1  4  0  0 84  0  3]
 [ 2  0  2  3  3  4  1  2 78  5]
 [ 0  0  0  0  2  2  0  6  1 89]]
---------------C: 100.000000 -------------
fitting
fitting completed. Took  0.01m
predicting
prediction complete
done

Classification report for classifier SVC(C=100, cache_size=200, class_weight=None, coef0=0.0,
  decision_function_shape=None, degree=3, gamma=0.001, kernel='rbf',
  max_iter=-1, probability=False, random_state=None, shrinking=True,
  tol=0.001, verbose=False):
             precision    recall  f1-score   support

          0       0.94      0.94      0.94       100
          1       0.97      1.00      0.99       100
          2       0.85      0.92      0.88       100
          3       0.85      0.73      0.78       100
          4       0.89      0.85      0.87       100
          5       0.70      0.81      0.75       100
          6       0.92      0.89      0.90       100
          7       0.86      0.81      0.84       100
          8       0.90      0.77      0.83       100
          9       0.77      0.88      0.82       100

avg / total       0.86      0.86      0.86      1000

Accuracy: 0.86
Confusion matrix:
[[ 94   0   0   0   1   2   3   0   0   0]
 [  0 100   0   0   0   0   0   0   0   0]
 [  1   0  92   0   1   0   1   3   2   0]
 [  0   0   3  73   0  19   1   0   3   1]
 [  0   1   0   0  85   1   2   0   0  11]
 [  1   1   1   1   2  81   1   4   3   5]
 [  2   0   4   0   1   4  89   0   0   0]
 [  0   0   6   3   3   1   0  81   0   6]
 [  2   1   2   6   1   6   0   2  77   3]
 [  0   0   0   3   2   2   0   4   1  88]]

==========Pre Train: 0.01 ===========


---------------C: 10.000000 -------------
fitting
fitting completed. Took  0.03m
predicting
prediction complete
done

Classification report for classifier SVC(C=10, cache_size=200, class_weight=None, coef0=0.0,
  decision_function_shape=None, degree=3, gamma=0.001, kernel='rbf',
  max_iter=-1, probability=False, random_state=None, shrinking=True,
  tol=0.001, verbose=False):
             precision    recall  f1-score   support

          0       0.96      0.96      0.96       100
          1       0.95      0.99      0.97       100
          2       0.84      0.88      0.86       100
          3       0.93      0.78      0.85       100
          4       0.89      0.89      0.89       100
          5       0.80      0.90      0.85       100
          6       0.95      0.88      0.91       100
          7       0.86      0.85      0.85       100
          8       0.87      0.81      0.84       100
          9       0.83      0.91      0.87       100

avg / total       0.89      0.89      0.88      1000

Accuracy: 0.885
Confusion matrix:
[[96  0  0  0  1  2  1  0  0  0]
 [ 0 99  0  0  0  0  0  0  1  0]
 [ 0  0 88  0  2  0  2  2  5  1]
 [ 0  0  3 78  0 13  1  2  1  2]
 [ 0  0  1  0 89  0  0  1  1  8]
 [ 1  1  1  1  0 90  0  3  1  2]
 [ 2  0  4  0  1  4 88  0  1  0]
 [ 0  2  5  1  4  0  0 85  0  3]
 [ 1  2  3  3  2  4  1  1 81  2]
 [ 0  0  0  1  1  0  0  5  2 91]]
---------------C: 100.000000 -------------
fitting
fitting completed. Took  0.03m
predicting
prediction complete
done

Classification report for classifier SVC(C=100, cache_size=200, class_weight=None, coef0=0.0,
  decision_function_shape=None, degree=3, gamma=0.001, kernel='rbf',
  max_iter=-1, probability=False, random_state=None, shrinking=True,
  tol=0.001, verbose=False):
             precision    recall  f1-score   support

          0       0.95      0.97      0.96       100
          1       0.93      1.00      0.97       100
          2       0.86      0.89      0.87       100
          3       0.89      0.81      0.85       100
          4       0.91      0.92      0.92       100
          5       0.83      0.87      0.85       100
          6       0.93      0.88      0.90       100
          7       0.86      0.88      0.87       100
          8       0.88      0.80      0.84       100
          9       0.89      0.91      0.90       100

avg / total       0.89      0.89      0.89      1000

Accuracy: 0.893
Confusion matrix:
[[ 97   0   1   0   0   1   1   0   0   0]
 [  0 100   0   0   0   0   0   0   0   0]
 [  0   1  89   1   2   0   1   2   4   0]
 [  0   2   2  81   0   9   1   2   2   1]
 [  0   0   0   0  92   0   2   0   1   5]
 [  0   1   1   2   1  87   1   3   2   2]
 [  3   0   4   0   1   3  88   0   1   0]
 [  0   2   4   0   1   1   0  88   1   3]
 [  2   1   3   4   3   3   1   3  80   0]
 [  0   0   0   3   1   1   0   4   0  91]]

==========Pre Train: 0.01 ===========


---------------C: 10.000000 -------------
fitting
fitting completed. Took  0.06m
predicting
prediction complete
done

Classification report for classifier SVC(C=10, cache_size=200, class_weight=None, coef0=0.0,
  decision_function_shape=None, degree=3, gamma=0.001, kernel='rbf',
  max_iter=-1, probability=False, random_state=None, shrinking=True,
  tol=0.001, verbose=False):
             precision    recall  f1-score   support

          0       0.96      0.98      0.97       100
          1       0.96      0.99      0.98       100
          2       0.90      0.92      0.91       100
          3       0.90      0.82      0.86       100
          4       0.90      0.95      0.93       100
          5       0.84      0.92      0.88       100
          6       0.96      0.89      0.92       100
          7       0.89      0.88      0.88       100
          8       0.88      0.82      0.85       100
          9       0.88      0.91      0.90       100

avg / total       0.91      0.91      0.91      1000

Accuracy: 0.908
Confusion matrix:
[[98  0  0  0  0  1  1  0  0  0]
 [ 0 99  0  0  0  0  0  0  1  0]
 [ 0  0 92  0  1  0  0  1  4  2]
 [ 0  0  1 82  0  9  1  4  2  1]
 [ 0  1  0  0 95  0  0  0  0  4]
 [ 1  0  0  4  0 92  1  0  1  1]
 [ 3  0  3  0  1  3 89  0  1  0]
 [ 0  2  4  0  3  0  0 88  0  3]
 [ 0  1  2  4  3  4  1  2 82  1]
 [ 0  0  0  1  2  0  0  4  2 91]]
---------------C: 100.000000 -------------
fitting
fitting completed. Took  0.05m
predicting
prediction complete
done

Classification report for classifier SVC(C=100, cache_size=200, class_weight=None, coef0=0.0,
  decision_function_shape=None, degree=3, gamma=0.001, kernel='rbf',
  max_iter=-1, probability=False, random_state=None, shrinking=True,
  tol=0.001, verbose=False):
             precision    recall  f1-score   support

          0       0.97      0.97      0.97       100
          1       0.94      1.00      0.97       100
          2       0.88      0.91      0.89       100
          3       0.91      0.86      0.89       100
          4       0.89      0.95      0.92       100
          5       0.83      0.91      0.87       100
          6       0.96      0.90      0.93       100
          7       0.90      0.86      0.88       100
          8       0.89      0.83      0.86       100
          9       0.90      0.87      0.88       100

avg / total       0.91      0.91      0.91      1000

Accuracy: 0.906
Confusion matrix:
[[ 97   0   0   0   0   1   2   0   0   0]
 [  0 100   0   0   0   0   0   0   0   0]
 [  0   2  91   0   2   0   0   1   3   1]
 [  0   1   1  86   0   7   1   1   2   1]
 [  0   0   0   0  95   0   0   0   1   4]
 [  0   1   1   3   0  91   1   1   2   0]
 [  2   0   3   0   1   3  90   0   1   0]
 [  0   1   7   0   1   1   0  86   0   4]
 [  1   1   1   4   2   5   0   3  83   0]
 [  0   0   0   1   6   1   0   4   1  87]]

==========Pre Train: 0.01 ===========


---------------C: 10.000000 -------------
fitting
fitting completed. Took  0.10m
predicting
prediction complete
done

Classification report for classifier SVC(C=10, cache_size=200, class_weight=None, coef0=0.0,
  decision_function_shape=None, degree=3, gamma=0.001, kernel='rbf',
  max_iter=-1, probability=False, random_state=None, shrinking=True,
  tol=0.001, verbose=False):
             precision    recall  f1-score   support

          0       0.94      0.98      0.96       100
          1       0.97      0.99      0.98       100
          2       0.93      0.93      0.93       100
          3       0.89      0.82      0.85       100
          4       0.89      0.93      0.91       100
          5       0.86      0.90      0.88       100
          6       0.95      0.90      0.92       100
          7       0.91      0.88      0.89       100
          8       0.89      0.87      0.88       100
          9       0.87      0.89      0.88       100

avg / total       0.91      0.91      0.91      1000

Accuracy: 0.909
Confusion matrix:
[[98  0  0  0  0  1  1  0  0  0]
 [ 0 99  0  0  0  0  0  0  1  0]
 [ 0  0 93  0  1  0  0  1  4  1]
 [ 0  0  1 82  0 10  2  2  2  1]
 [ 0  0  0  0 93  0  1  0  0  6]
 [ 1  1  0  4  0 90  1  0  2  1]
 [ 3  0  3  0  1  2 90  0  1  0]
 [ 0  2  2  1  3  0  0 88  0  4]
 [ 2  0  1  4  3  1  0  2 87  0]
 [ 0  0  0  1  4  1  0  4  1 89]]
---------------C: 100.000000 -------------
fitting
fitting completed. Took  0.08m
predicting
prediction complete
done

Classification report for classifier SVC(C=100, cache_size=200, class_weight=None, coef0=0.0,
  decision_function_shape=None, degree=3, gamma=0.001, kernel='rbf',
  max_iter=-1, probability=False, random_state=None, shrinking=True,
  tol=0.001, verbose=False):
             precision    recall  f1-score   support

          0       0.98      0.98      0.98       100
          1       0.95      1.00      0.98       100
          2       0.92      0.91      0.91       100
          3       0.90      0.88      0.89       100
          4       0.90      0.93      0.92       100
          5       0.87      0.91      0.89       100
          6       0.96      0.92      0.94       100
          7       0.87      0.90      0.89       100
          8       0.93      0.84      0.88       100
          9       0.88      0.89      0.89       100

avg / total       0.92      0.92      0.92      1000

Accuracy: 0.916
Confusion matrix:
[[ 98   0   0   0   0   1   1   0   0   0]
 [  0 100   0   0   0   0   0   0   0   0]
 [  0   3  91   1   1   0   0   2   1   1]
 [  0   1   1  88   0   7   1   1   1   0]
 [  0   0   1   0  93   0   1   1   0   4]
 [  0   0   0   3   0  91   1   0   3   2]
 [  2   0   2   0   2   1  92   0   1   0]
 [  0   1   2   1   1   1   0  90   0   4]
 [  0   0   2   4   2   3   0   4  84   1]
 [  0   0   0   1   4   1   0   5   0  89]]

==========Pre Train: 0.01 ===========


---------------C: 10.000000 -------------
fitting
fitting completed. Took  0.14m
predicting
prediction complete
done

Classification report for classifier SVC(C=10, cache_size=200, class_weight=None, coef0=0.0,
  decision_function_shape=None, degree=3, gamma=0.001, kernel='rbf',
  max_iter=-1, probability=False, random_state=None, shrinking=True,
  tol=0.001, verbose=False):
             precision    recall  f1-score   support

          0       0.95      0.98      0.97       100
          1       0.97      0.99      0.98       100
          2       0.93      0.90      0.91       100
          3       0.91      0.86      0.88       100
          4       0.90      0.93      0.92       100
          5       0.87      0.91      0.89       100
          6       0.96      0.93      0.94       100
          7       0.91      0.89      0.90       100
          8       0.87      0.86      0.86       100
          9       0.88      0.89      0.89       100

avg / total       0.91      0.91      0.91      1000

Accuracy: 0.914
Confusion matrix:
[[98  0  0  0  0  1  1  0  0  0]
 [ 0 99  0  0  0  0  0  0  1  0]
 [ 0  0 90  0  1  0  1  2  5  1]
 [ 0  0  1 86  0  8  1  2  1  1]
 [ 0  0  1  0 93  0  0  1  0  5]
 [ 1  1  0  3  0 91  1  0  2  1]
 [ 3  0  1  0  1  1 93  0  1  0]
 [ 0  2  3  0  2  0  0 89  1  3]
 [ 1  0  1  5  2  3  0  1 86  1]
 [ 0  0  0  1  4  1  0  3  2 89]]
---------------C: 100.000000 -------------
fitting
fitting completed. Took  0.11m
predicting
prediction complete
done

Classification report for classifier SVC(C=100, cache_size=200, class_weight=None, coef0=0.0,
  decision_function_shape=None, degree=3, gamma=0.001, kernel='rbf',
  max_iter=-1, probability=False, random_state=None, shrinking=True,
  tol=0.001, verbose=False):
             precision    recall  f1-score   support

          0       0.96      0.97      0.97       100
          1       0.94      1.00      0.97       100
          2       0.95      0.87      0.91       100
          3       0.88      0.90      0.89       100
          4       0.89      0.95      0.92       100
          5       0.90      0.88      0.89       100
          6       0.95      0.92      0.93       100
          7       0.91      0.90      0.90       100
          8       0.89      0.87      0.88       100
          9       0.89      0.89      0.89       100

avg / total       0.92      0.92      0.91      1000

Accuracy: 0.915
Confusion matrix:
[[ 97   0   0   0   0   1   2   0   0   0]
 [  0 100   0   0   0   0   0   0   0   0]
 [  0   2  87   2   1   0   1   2   4   1]
 [  0   1   0  90   0   4   1   1   2   1]
 [  0   1   0   0  95   0   0   0   0   4]
 [  1   0   0   4   0  88   1   0   4   2]
 [  2   0   1   0   2   2  92   0   1   0]
 [  0   1   4   0   2   0   0  90   0   3]
 [  1   0   0   5   2   2   0   3  87   0]
 [  0   1   0   1   5   1   0   3   0  89]]_______RUN: 4

==========Pre Train: 0.01 ===========


---------------C: 10.000000 -------------
fitting
fitting completed. Took  0.01m
predicting
prediction complete
done

Classification report for classifier SVC(C=10, cache_size=200, class_weight=None, coef0=0.0,
  decision_function_shape=None, degree=3, gamma=0.001, kernel='rbf',
  max_iter=-1, probability=False, random_state=None, shrinking=True,
  tol=0.001, verbose=False):
             precision    recall  f1-score   support

          0       0.93      0.95      0.94       100
          1       0.95      0.99      0.97       100
          2       0.85      0.84      0.84       100
          3       0.93      0.70      0.80       100
          4       0.84      0.85      0.85       100
          5       0.72      0.84      0.78       100
          6       0.89      0.89      0.89       100
          7       0.82      0.84      0.83       100
          8       0.87      0.78      0.82       100
          9       0.80      0.89      0.84       100

avg / total       0.86      0.86      0.86      1000

Accuracy: 0.857
Confusion matrix:
[[95  0  0  0  2  2  1  0  0  0]
 [ 0 99  0  0  0  0  0  0  1  0]
 [ 1  1 84  0  1  0  4  4  5  0]
 [ 0  0  2 70  0 21  1  2  3  1]
 [ 0  1  0  0 85  0  3  0  0 11]
 [ 1  1  1  1  3 84  1  4  2  2]
 [ 3  0  4  0  1  3 89  0  0  0]
 [ 0  2  6  1  4  0  0 84  0  3]
 [ 2  0  2  3  3  4  1  2 78  5]
 [ 0  0  0  0  2  2  0  6  1 89]]
---------------C: 100.000000 -------------
fitting
fitting completed. Took  0.01m
predicting
prediction complete
done

Classification report for classifier SVC(C=100, cache_size=200, class_weight=None, coef0=0.0,
  decision_function_shape=None, degree=3, gamma=0.001, kernel='rbf',
  max_iter=-1, probability=False, random_state=None, shrinking=True,
  tol=0.001, verbose=False):
             precision    recall  f1-score   support

          0       0.94      0.94      0.94       100
          1       0.97      1.00      0.99       100
          2       0.85      0.92      0.88       100
          3       0.85      0.73      0.78       100
          4       0.89      0.85      0.87       100
          5       0.70      0.81      0.75       100
          6       0.92      0.89      0.90       100
          7       0.86      0.81      0.84       100
          8       0.90      0.77      0.83       100
          9       0.77      0.88      0.82       100

avg / total       0.86      0.86      0.86      1000

Accuracy: 0.86
Confusion matrix:
[[ 94   0   0   0   1   2   3   0   0   0]
 [  0 100   0   0   0   0   0   0   0   0]
 [  1   0  92   0   1   0   1   3   2   0]
 [  0   0   3  73   0  19   1   0   3   1]
 [  0   1   0   0  85   1   2   0   0  11]
 [  1   1   1   1   2  81   1   4   3   5]
 [  2   0   4   0   1   4  89   0   0   0]
 [  0   0   6   3   3   1   0  81   0   6]
 [  2   1   2   6   1   6   0   2  77   3]
 [  0   0   0   3   2   2   0   4   1  88]]

==========Pre Train: 0.01 ===========


---------------C: 10.000000 -------------
fitting
fitting completed. Took  0.03m
predicting
prediction complete
done

Classification report for classifier SVC(C=10, cache_size=200, class_weight=None, coef0=0.0,
  decision_function_shape=None, degree=3, gamma=0.001, kernel='rbf',
  max_iter=-1, probability=False, random_state=None, shrinking=True,
  tol=0.001, verbose=False):
             precision    recall  f1-score   support

          0       0.96      0.96      0.96       100
          1       0.95      0.99      0.97       100
          2       0.84      0.88      0.86       100
          3       0.93      0.78      0.85       100
          4       0.89      0.89      0.89       100
          5       0.80      0.90      0.85       100
          6       0.95      0.88      0.91       100
          7       0.86      0.85      0.85       100
          8       0.87      0.81      0.84       100
          9       0.83      0.91      0.87       100

avg / total       0.89      0.89      0.88      1000

Accuracy: 0.885
Confusion matrix:
[[96  0  0  0  1  2  1  0  0  0]
 [ 0 99  0  0  0  0  0  0  1  0]
 [ 0  0 88  0  2  0  2  2  5  1]
 [ 0  0  3 78  0 13  1  2  1  2]
 [ 0  0  1  0 89  0  0  1  1  8]
 [ 1  1  1  1  0 90  0  3  1  2]
 [ 2  0  4  0  1  4 88  0  1  0]
 [ 0  2  5  1  4  0  0 85  0  3]
 [ 1  2  3  3  2  4  1  1 81  2]
 [ 0  0  0  1  1  0  0  5  2 91]]
---------------C: 100.000000 -------------
fitting
fitting completed. Took  0.03m
predicting
prediction complete
done

Classification report for classifier SVC(C=100, cache_size=200, class_weight=None, coef0=0.0,
  decision_function_shape=None, degree=3, gamma=0.001, kernel='rbf',
  max_iter=-1, probability=False, random_state=None, shrinking=True,
  tol=0.001, verbose=False):
             precision    recall  f1-score   support

          0       0.95      0.97      0.96       100
          1       0.93      1.00      0.97       100
          2       0.86      0.89      0.87       100
          3       0.89      0.81      0.85       100
          4       0.91      0.92      0.92       100
          5       0.83      0.87      0.85       100
          6       0.93      0.88      0.90       100
          7       0.86      0.88      0.87       100
          8       0.88      0.80      0.84       100
          9       0.89      0.91      0.90       100

avg / total       0.89      0.89      0.89      1000

Accuracy: 0.893
Confusion matrix:
[[ 97   0   1   0   0   1   1   0   0   0]
 [  0 100   0   0   0   0   0   0   0   0]
 [  0   1  89   1   2   0   1   2   4   0]
 [  0   2   2  81   0   9   1   2   2   1]
 [  0   0   0   0  92   0   2   0   1   5]
 [  0   1   1   2   1  87   1   3   2   2]
 [  3   0   4   0   1   3  88   0   1   0]
 [  0   2   4   0   1   1   0  88   1   3]
 [  2   1   3   4   3   3   1   3  80   0]
 [  0   0   0   3   1   1   0   4   0  91]]

==========Pre Train: 0.01 ===========


---------------C: 10.000000 -------------
fitting
fitting completed. Took  0.06m
predicting
prediction complete
done

Classification report for classifier SVC(C=10, cache_size=200, class_weight=None, coef0=0.0,
  decision_function_shape=None, degree=3, gamma=0.001, kernel='rbf',
  max_iter=-1, probability=False, random_state=None, shrinking=True,
  tol=0.001, verbose=False):
             precision    recall  f1-score   support

          0       0.96      0.98      0.97       100
          1       0.96      0.99      0.98       100
          2       0.90      0.92      0.91       100
          3       0.90      0.82      0.86       100
          4       0.90      0.95      0.93       100
          5       0.84      0.92      0.88       100
          6       0.96      0.89      0.92       100
          7       0.89      0.88      0.88       100
          8       0.88      0.82      0.85       100
          9       0.88      0.91      0.90       100

avg / total       0.91      0.91      0.91      1000

Accuracy: 0.908
Confusion matrix:
[[98  0  0  0  0  1  1  0  0  0]
 [ 0 99  0  0  0  0  0  0  1  0]
 [ 0  0 92  0  1  0  0  1  4  2]
 [ 0  0  1 82  0  9  1  4  2  1]
 [ 0  1  0  0 95  0  0  0  0  4]
 [ 1  0  0  4  0 92  1  0  1  1]
 [ 3  0  3  0  1  3 89  0  1  0]
 [ 0  2  4  0  3  0  0 88  0  3]
 [ 0  1  2  4  3  4  1  2 82  1]
 [ 0  0  0  1  2  0  0  4  2 91]]
---------------C: 100.000000 -------------
fitting
fitting completed. Took  0.05m
predicting
prediction complete
done

Classification report for classifier SVC(C=100, cache_size=200, class_weight=None, coef0=0.0,
  decision_function_shape=None, degree=3, gamma=0.001, kernel='rbf',
  max_iter=-1, probability=False, random_state=None, shrinking=True,
  tol=0.001, verbose=False):
             precision    recall  f1-score   support

          0       0.97      0.97      0.97       100
          1       0.94      1.00      0.97       100
          2       0.88      0.91      0.89       100
          3       0.91      0.86      0.89       100
          4       0.89      0.95      0.92       100
          5       0.83      0.91      0.87       100
          6       0.96      0.90      0.93       100
          7       0.90      0.86      0.88       100
          8       0.89      0.83      0.86       100
          9       0.90      0.87      0.88       100

avg / total       0.91      0.91      0.91      1000

Accuracy: 0.906
Confusion matrix:
[[ 97   0   0   0   0   1   2   0   0   0]
 [  0 100   0   0   0   0   0   0   0   0]
 [  0   2  91   0   2   0   0   1   3   1]
 [  0   1   1  86   0   7   1   1   2   1]
 [  0   0   0   0  95   0   0   0   1   4]
 [  0   1   1   3   0  91   1   1   2   0]
 [  2   0   3   0   1   3  90   0   1   0]
 [  0   1   7   0   1   1   0  86   0   4]
 [  1   1   1   4   2   5   0   3  83   0]
 [  0   0   0   1   6   1   0   4   1  87]]

==========Pre Train: 0.01 ===========


---------------C: 10.000000 -------------
fitting
fitting completed. Took  0.10m
predicting
prediction complete
done

Classification report for classifier SVC(C=10, cache_size=200, class_weight=None, coef0=0.0,
  decision_function_shape=None, degree=3, gamma=0.001, kernel='rbf',
  max_iter=-1, probability=False, random_state=None, shrinking=True,
  tol=0.001, verbose=False):
             precision    recall  f1-score   support

          0       0.94      0.98      0.96       100
          1       0.97      0.99      0.98       100
          2       0.93      0.93      0.93       100
          3       0.89      0.82      0.85       100
          4       0.89      0.93      0.91       100
          5       0.86      0.90      0.88       100
          6       0.95      0.90      0.92       100
          7       0.91      0.88      0.89       100
          8       0.89      0.87      0.88       100
          9       0.87      0.89      0.88       100

avg / total       0.91      0.91      0.91      1000

Accuracy: 0.909
Confusion matrix:
[[98  0  0  0  0  1  1  0  0  0]
 [ 0 99  0  0  0  0  0  0  1  0]
 [ 0  0 93  0  1  0  0  1  4  1]
 [ 0  0  1 82  0 10  2  2  2  1]
 [ 0  0  0  0 93  0  1  0  0  6]
 [ 1  1  0  4  0 90  1  0  2  1]
 [ 3  0  3  0  1  2 90  0  1  0]
 [ 0  2  2  1  3  0  0 88  0  4]
 [ 2  0  1  4  3  1  0  2 87  0]
 [ 0  0  0  1  4  1  0  4  1 89]]
---------------C: 100.000000 -------------
fitting
fitting completed. Took  0.08m
predicting
prediction complete
done

Classification report for classifier SVC(C=100, cache_size=200, class_weight=None, coef0=0.0,
  decision_function_shape=None, degree=3, gamma=0.001, kernel='rbf',
  max_iter=-1, probability=False, random_state=None, shrinking=True,
  tol=0.001, verbose=False):
             precision    recall  f1-score   support

          0       0.98      0.98      0.98       100
          1       0.95      1.00      0.98       100
          2       0.92      0.91      0.91       100
          3       0.90      0.88      0.89       100
          4       0.90      0.93      0.92       100
          5       0.87      0.91      0.89       100
          6       0.96      0.92      0.94       100
          7       0.87      0.90      0.89       100
          8       0.93      0.84      0.88       100
          9       0.88      0.89      0.89       100

avg / total       0.92      0.92      0.92      1000

Accuracy: 0.916
Confusion matrix:
[[ 98   0   0   0   0   1   1   0   0   0]
 [  0 100   0   0   0   0   0   0   0   0]
 [  0   3  91   1   1   0   0   2   1   1]
 [  0   1   1  88   0   7   1   1   1   0]
 [  0   0   1   0  93   0   1   1   0   4]
 [  0   0   0   3   0  91   1   0   3   2]
 [  2   0   2   0   2   1  92   0   1   0]
 [  0   1   2   1   1   1   0  90   0   4]
 [  0   0   2   4   2   3   0   4  84   1]
 [  0   0   0   1   4   1   0   5   0  89]]

==========Pre Train: 0.01 ===========


---------------C: 10.000000 -------------
fitting
fitting completed. Took  0.14m
predicting
prediction complete
done

Classification report for classifier SVC(C=10, cache_size=200, class_weight=None, coef0=0.0,
  decision_function_shape=None, degree=3, gamma=0.001, kernel='rbf',
  max_iter=-1, probability=False, random_state=None, shrinking=True,
  tol=0.001, verbose=False):
             precision    recall  f1-score   support

          0       0.95      0.98      0.97       100
          1       0.97      0.99      0.98       100
          2       0.93      0.90      0.91       100
          3       0.91      0.86      0.88       100
          4       0.90      0.93      0.92       100
          5       0.87      0.91      0.89       100
          6       0.96      0.93      0.94       100
          7       0.91      0.89      0.90       100
          8       0.87      0.86      0.86       100
          9       0.88      0.89      0.89       100

avg / total       0.91      0.91      0.91      1000

Accuracy: 0.914
Confusion matrix:
[[98  0  0  0  0  1  1  0  0  0]
 [ 0 99  0  0  0  0  0  0  1  0]
 [ 0  0 90  0  1  0  1  2  5  1]
 [ 0  0  1 86  0  8  1  2  1  1]
 [ 0  0  1  0 93  0  0  1  0  5]
 [ 1  1  0  3  0 91  1  0  2  1]
 [ 3  0  1  0  1  1 93  0  1  0]
 [ 0  2  3  0  2  0  0 89  1  3]
 [ 1  0  1  5  2  3  0  1 86  1]
 [ 0  0  0  1  4  1  0  3  2 89]]
---------------C: 100.000000 -------------
fitting
fitting completed. Took  0.11m
predicting
prediction complete
done

Classification report for classifier SVC(C=100, cache_size=200, class_weight=None, coef0=0.0,
  decision_function_shape=None, degree=3, gamma=0.001, kernel='rbf',
  max_iter=-1, probability=False, random_state=None, shrinking=True,
  tol=0.001, verbose=False):
             precision    recall  f1-score   support

          0       0.96      0.97      0.97       100
          1       0.94      1.00      0.97       100
          2       0.95      0.87      0.91       100
          3       0.88      0.90      0.89       100
          4       0.89      0.95      0.92       100
          5       0.90      0.88      0.89       100
          6       0.95      0.92      0.93       100
          7       0.91      0.90      0.90       100
          8       0.89      0.87      0.88       100
          9       0.89      0.89      0.89       100

avg / total       0.92      0.92      0.91      1000

Accuracy: 0.915
Confusion matrix:
[[ 97   0   0   0   0   1   2   0   0   0]
 [  0 100   0   0   0   0   0   0   0   0]
 [  0   2  87   2   1   0   1   2   4   1]
 [  0   1   0  90   0   4   1   1   2   1]
 [  0   1   0   0  95   0   0   0   0   4]
 [  1   0   0   4   0  88   1   0   4   2]
 [  2   0   1   0   2   2  92   0   1   0]
 [  0   1   4   0   2   0   0  90   0   3]
 [  1   0   0   5   2   2   0   3  87   0]
 [  0   1   0   1   5   1   0   3   0  89]]