_______RUN: 0

==========Sample Size: (1000, 1000, 1000) ===========


---------------C: 10.000000 -------------
fitting
fitting completed. Took  0.01m
predicting
prediction complete
done

Classification report for classifier SVC(C=10, cache_size=200, class_weight=None, coef0=0.0,
  decision_function_shape=None, degree=3, gamma=0.001, kernel='rbf',
  max_iter=-1, probability=False, random_state=None, shrinking=True,
  tol=0.001, verbose=False):
             precision    recall  f1-score   support

          0       0.92      0.93      0.92        85
          1       0.95      0.99      0.97       126
          2       0.89      0.81      0.85       116
          3       0.95      0.68      0.79       107
          4       0.86      0.86      0.86       110
          5       0.67      0.84      0.74        87
          6       0.85      0.89      0.87        87
          7       0.79      0.87      0.83        99
          8       0.84      0.72      0.78        89
          9       0.79      0.86      0.82        94

avg / total       0.85      0.85      0.85      1000

Accuracy: 0.847
Confusion matrix:
[[ 79   0   0   0   1   4   1   0   0   0]
 [  0 125   0   0   0   0   0   0   1   0]
 [  2   4  94   0   1   0   5   5   5   0]
 [  0   0   1  73   0  22   2   3   5   1]
 [  0   0   0   0  95   1   3   1   0  10]
 [  0   1   1   1   3  73   2   4   0   2]
 [  3   0   3   0   2   2  77   0   0   0]
 [  0   2   4   1   4   0   0  86   0   2]
 [  2   0   3   2   3   5   1   2  64   7]
 [  0   0   0   0   2   2   0   8   1  81]]
---------------C: 100.000000 -------------
fitting
fitting completed. Took  0.01m
predicting
prediction complete
done

Classification report for classifier SVC(C=100, cache_size=200, class_weight=None, coef0=0.0,
  decision_function_shape=None, degree=3, gamma=0.001, kernel='rbf',
  max_iter=-1, probability=False, random_state=None, shrinking=True,
  tol=0.001, verbose=False):
             precision    recall  f1-score   support

          0       0.94      0.93      0.93        85
          1       0.97      1.00      0.98       126
          2       0.88      0.91      0.89       116
          3       0.90      0.76      0.82       107
          4       0.88      0.85      0.86       110
          5       0.70      0.84      0.76        87
          6       0.89      0.90      0.89        87
          7       0.82      0.84      0.83        99
          8       0.89      0.73      0.80        89
          9       0.74      0.82      0.78        94

avg / total       0.87      0.86      0.86      1000

Accuracy: 0.86
Confusion matrix:
[[ 79   0   0   0   1   3   2   0   0   0]
 [  0 126   0   0   0   0   0   0   0   0]
 [  1   0 105   0   1   0   3   4   2   0]
 [  0   2   2  81   0  17   1   0   3   1]
 [  0   1   0   0  93   1   2   0   0  13]
 [  0   1   1   1   2  73   1   3   1   4]
 [  2   0   3   0   2   2  78   0   0   0]
 [  0   0   6   0   3   1   0  83   1   5]
 [  2   0   2   5   1   6   1   3  65   4]
 [  0   0   0   3   3   2   0   8   1  77]]

==========Sample Size: (2000, 1000, 1000) ===========


---------------C: 10.000000 -------------
fitting
fitting completed. Took  0.03m
predicting
prediction complete
done

Classification report for classifier SVC(C=10, cache_size=200, class_weight=None, coef0=0.0,
  decision_function_shape=None, degree=3, gamma=0.001, kernel='rbf',
  max_iter=-1, probability=False, random_state=None, shrinking=True,
  tol=0.001, verbose=False):
             precision    recall  f1-score   support

          0       0.94      0.95      0.95        85
          1       0.98      0.98      0.98       126
          2       0.84      0.87      0.86       116
          3       0.91      0.78      0.84       107
          4       0.89      0.91      0.90       110
          5       0.78      0.87      0.83        87
          6       0.93      0.92      0.92        87
          7       0.85      0.84      0.84        99
          8       0.88      0.76      0.82        89
          9       0.80      0.90      0.85        94

avg / total       0.88      0.88      0.88      1000

Accuracy: 0.881
Confusion matrix:
[[ 81   0   0   0   0   3   1   0   0   0]
 [  0 124   0   0   0   0   1   0   1   0]
 [  1   0 101   1   2   0   2   3   5   1]
 [  0   0   4  83   0  13   1   2   2   2]
 [  0   0   1   0 100   0   0   1   0   8]
 [  1   0   2   2   1  76   0   3   0   2]
 [  2   0   3   0   1   1  80   0   0   0]
 [  0   2   6   1   4   0   0  83   0   3]
 [  1   1   3   3   3   3   1   1  68   5]
 [  0   0   0   1   1   1   0   5   1  85]]
---------------C: 100.000000 -------------
fitting
fitting completed. Took  0.03m
predicting
prediction complete
done

Classification report for classifier SVC(C=100, cache_size=200, class_weight=None, coef0=0.0,
  decision_function_shape=None, degree=3, gamma=0.001, kernel='rbf',
  max_iter=-1, probability=False, random_state=None, shrinking=True,
  tol=0.001, verbose=False):
             precision    recall  f1-score   support

          0       0.94      0.96      0.95        85
          1       0.96      0.99      0.98       126
          2       0.85      0.89      0.87       116
          3       0.89      0.75      0.81       107
          4       0.92      0.91      0.91       110
          5       0.79      0.85      0.82        87
          6       0.90      0.91      0.90        87
          7       0.85      0.87      0.86        99
          8       0.85      0.76      0.80        89
          9       0.85      0.90      0.88        94

avg / total       0.88      0.88      0.88      1000

Accuracy: 0.882
Confusion matrix:
[[ 82   0   1   0   0   1   1   0   0   0]
 [  0 125   0   0   0   0   1   0   0   0]
 [  1   1 103   1   2   0   1   3   4   0]
 [  0   1   4  80   0  13   1   2   5   1]
 [  0   0   0   0 100   0   2   0   1   7]
 [  0   1   1   2   1  74   1   3   2   2]
 [  2   0   3   0   1   2  79   0   0   0]
 [  0   2   5   1   1   0   0  86   0   4]
 [  2   0   4   3   3   3   2   3  68   1]
 [  0   0   0   3   1   1   0   4   0  85]]

==========Sample Size: (3000, 1000, 1000) ===========


---------------C: 10.000000 -------------
fitting
fitting completed. Took  0.06m
predicting
prediction complete
done

Classification report for classifier SVC(C=10, cache_size=200, class_weight=None, coef0=0.0,
  decision_function_shape=None, degree=3, gamma=0.001, kernel='rbf',
  max_iter=-1, probability=False, random_state=None, shrinking=True,
  tol=0.001, verbose=False):
             precision    recall  f1-score   support

          0       0.95      0.98      0.97        85
          1       0.96      0.98      0.97       126
          2       0.92      0.91      0.92       116
          3       0.91      0.80      0.86       107
          4       0.91      0.94      0.92       110
          5       0.81      0.91      0.86        87
          6       0.94      0.92      0.93        87
          7       0.88      0.90      0.89        99
          8       0.89      0.79      0.83        89
          9       0.85      0.90      0.88        94

avg / total       0.91      0.91      0.90      1000

Accuracy: 0.905
Confusion matrix:
[[ 83   0   0   0   0   1   1   0   0   0]
 [  0 124   0   1   0   0   1   0   0   0]
 [  0   0 106   1   1   0   0   2   4   2]
 [  0   0   1  86   0  12   1   3   3   1]
 [  0   1   1   0 103   0   0   0   0   5]
 [  1   1   0   3   0  79   1   0   1   1]
 [  3   0   2   0   1   1  80   0   0   0]
 [  0   2   3   0   3   0   0  89   0   2]
 [  0   1   2   2   3   3   1   3  70   4]
 [  0   0   0   1   2   1   0   4   1  85]]
---------------C: 100.000000 -------------
fitting
fitting completed. Took  0.05m
predicting
prediction complete
done

Classification report for classifier SVC(C=100, cache_size=200, class_weight=None, coef0=0.0,
  decision_function_shape=None, degree=3, gamma=0.001, kernel='rbf',
  max_iter=-1, probability=False, random_state=None, shrinking=True,
  tol=0.001, verbose=False):
             precision    recall  f1-score   support

          0       0.95      0.96      0.96        85
          1       0.95      0.99      0.97       126
          2       0.88      0.89      0.88       116
          3       0.90      0.86      0.88       107
          4       0.88      0.95      0.91       110
          5       0.79      0.87      0.83        87
          6       0.93      0.91      0.92        87
          7       0.88      0.85      0.87        99
          8       0.87      0.76      0.81        89
          9       0.88      0.85      0.86        94

avg / total       0.89      0.89      0.89      1000

Accuracy: 0.893
Confusion matrix:
[[ 82   0   0   0   0   1   2   0   0   0]
 [  0 125   0   0   0   0   1   0   0   0]
 [  1   2 103   1   2   0   0   2   4   1]
 [  0   0   1  92   0   9   1   1   2   1]
 [  0   1   0   0 104   0   0   0   0   5]
 [  0   2   1   3   0  76   1   1   3   0]
 [  2   0   3   0   1   2  79   0   0   0]
 [  0   1   7   0   2   1   0  84   0   4]
 [  1   1   1   5   3   6   1   3  68   0]
 [  0   0   1   1   6   1   0   4   1  80]]

==========Sample Size: (4000, 1000, 1000) ===========


---------------C: 10.000000 -------------
fitting
fitting completed. Took  0.10m
predicting
prediction complete
done

Classification report for classifier SVC(C=10, cache_size=200, class_weight=None, coef0=0.0,
  decision_function_shape=None, degree=3, gamma=0.001, kernel='rbf',
  max_iter=-1, probability=False, random_state=None, shrinking=True,
  tol=0.001, verbose=False):
             precision    recall  f1-score   support

          0       0.95      0.98      0.97        85
          1       0.98      0.98      0.98       126
          2       0.92      0.92      0.92       116
          3       0.91      0.81      0.86       107
          4       0.90      0.95      0.92       110
          5       0.84      0.92      0.88        87
          6       0.94      0.92      0.93        87
          7       0.88      0.89      0.88        99
          8       0.88      0.85      0.87        89
          9       0.88      0.87      0.88        94

avg / total       0.91      0.91      0.91      1000

Accuracy: 0.911
Confusion matrix:
[[ 83   0   0   0   0   1   1   0   0   0]
 [  0 124   0   0   0   0   1   0   1   0]
 [  0   0 107   1   1   0   0   2   4   1]
 [  0   0   1  87   0  11   1   3   3   1]
 [  0   0   1   0 104   0   0   1   0   4]
 [  1   1   0   2   0  80   1   0   1   1]
 [  3   0   2   0   1   1  80   0   0   0]
 [  0   2   2   1   3   0   0  88   0   3]
 [  0   0   3   4   2   1   1   1  76   1]
 [  0   0   0   1   4   1   0   5   1  82]]
---------------C: 100.000000 -------------
fitting
fitting completed. Took  0.08m
predicting
prediction complete
done

Classification report for classifier SVC(C=100, cache_size=200, class_weight=None, coef0=0.0,
  decision_function_shape=None, degree=3, gamma=0.001, kernel='rbf',
  max_iter=-1, probability=False, random_state=None, shrinking=True,
  tol=0.001, verbose=False):
             precision    recall  f1-score   support

          0       0.95      0.96      0.96        85
          1       0.95      0.99      0.97       126
          2       0.96      0.92      0.94       116
          3       0.91      0.90      0.90       107
          4       0.91      0.96      0.94       110
          5       0.87      0.89      0.88        87
          6       0.94      0.93      0.94        87
          7       0.90      0.89      0.89        99
          8       0.96      0.88      0.92        89
          9       0.89      0.90      0.90        94

avg / total       0.93      0.93      0.92      1000

Accuracy: 0.925
Confusion matrix:
[[ 82   0   0   0   0   1   2   0   0   0]
 [  0 125   0   0   0   0   1   0   0   0]
 [  1   3 107   1   1   0   0   2   0   1]
 [  0   1   0  96   0   7   1   1   1   0]
 [  0   1   0   0 106   0   0   0   0   3]
 [  1   0   0   4   0  77   1   0   2   2]
 [  2   0   2   0   2   0  81   0   0   0]
 [  0   1   2   1   2   1   0  88   0   4]
 [  0   0   0   3   2   2   0   4  78   0]
 [  0   1   0   1   3   1   0   3   0  85]]_______RUN: 1

==========Sample Size: (1000, 1000, 1000) ===========


---------------C: 10.000000 -------------
fitting
fitting completed. Took  0.01m
predicting
prediction complete
done

Classification report for classifier SVC(C=10, cache_size=200, class_weight=None, coef0=0.0,
  decision_function_shape=None, degree=3, gamma=0.001, kernel='rbf',
  max_iter=-1, probability=False, random_state=None, shrinking=True,
  tol=0.001, verbose=False):
             precision    recall  f1-score   support

          0       0.92      0.93      0.92        85
          1       0.95      0.99      0.97       126
          2       0.89      0.81      0.85       116
          3       0.95      0.68      0.79       107
          4       0.86      0.86      0.86       110
          5       0.67      0.84      0.74        87
          6       0.85      0.89      0.87        87
          7       0.79      0.87      0.83        99
          8       0.84      0.72      0.78        89
          9       0.79      0.86      0.82        94

avg / total       0.85      0.85      0.85      1000

Accuracy: 0.847
Confusion matrix:
[[ 79   0   0   0   1   4   1   0   0   0]
 [  0 125   0   0   0   0   0   0   1   0]
 [  2   4  94   0   1   0   5   5   5   0]
 [  0   0   1  73   0  22   2   3   5   1]
 [  0   0   0   0  95   1   3   1   0  10]
 [  0   1   1   1   3  73   2   4   0   2]
 [  3   0   3   0   2   2  77   0   0   0]
 [  0   2   4   1   4   0   0  86   0   2]
 [  2   0   3   2   3   5   1   2  64   7]
 [  0   0   0   0   2   2   0   8   1  81]]
---------------C: 100.000000 -------------
fitting
fitting completed. Took  0.01m
predicting
prediction complete
done

Classification report for classifier SVC(C=100, cache_size=200, class_weight=None, coef0=0.0,
  decision_function_shape=None, degree=3, gamma=0.001, kernel='rbf',
  max_iter=-1, probability=False, random_state=None, shrinking=True,
  tol=0.001, verbose=False):
             precision    recall  f1-score   support

          0       0.94      0.93      0.93        85
          1       0.97      1.00      0.98       126
          2       0.88      0.91      0.89       116
          3       0.90      0.76      0.82       107
          4       0.88      0.85      0.86       110
          5       0.70      0.84      0.76        87
          6       0.89      0.90      0.89        87
          7       0.82      0.84      0.83        99
          8       0.89      0.73      0.80        89
          9       0.74      0.82      0.78        94

avg / total       0.87      0.86      0.86      1000

Accuracy: 0.86
Confusion matrix:
[[ 79   0   0   0   1   3   2   0   0   0]
 [  0 126   0   0   0   0   0   0   0   0]
 [  1   0 105   0   1   0   3   4   2   0]
 [  0   2   2  81   0  17   1   0   3   1]
 [  0   1   0   0  93   1   2   0   0  13]
 [  0   1   1   1   2  73   1   3   1   4]
 [  2   0   3   0   2   2  78   0   0   0]
 [  0   0   6   0   3   1   0  83   1   5]
 [  2   0   2   5   1   6   1   3  65   4]
 [  0   0   0   3   3   2   0   8   1  77]]

==========Sample Size: (2000, 1000, 1000) ===========


---------------C: 10.000000 -------------
fitting
fitting completed. Took  0.03m
predicting
prediction complete
done

Classification report for classifier SVC(C=10, cache_size=200, class_weight=None, coef0=0.0,
  decision_function_shape=None, degree=3, gamma=0.001, kernel='rbf',
  max_iter=-1, probability=False, random_state=None, shrinking=True,
  tol=0.001, verbose=False):
             precision    recall  f1-score   support

          0       0.94      0.95      0.95        85
          1       0.98      0.98      0.98       126
          2       0.84      0.87      0.86       116
          3       0.91      0.78      0.84       107
          4       0.89      0.91      0.90       110
          5       0.78      0.87      0.83        87
          6       0.93      0.92      0.92        87
          7       0.85      0.84      0.84        99
          8       0.88      0.76      0.82        89
          9       0.80      0.90      0.85        94

avg / total       0.88      0.88      0.88      1000

Accuracy: 0.881
Confusion matrix:
[[ 81   0   0   0   0   3   1   0   0   0]
 [  0 124   0   0   0   0   1   0   1   0]
 [  1   0 101   1   2   0   2   3   5   1]
 [  0   0   4  83   0  13   1   2   2   2]
 [  0   0   1   0 100   0   0   1   0   8]
 [  1   0   2   2   1  76   0   3   0   2]
 [  2   0   3   0   1   1  80   0   0   0]
 [  0   2   6   1   4   0   0  83   0   3]
 [  1   1   3   3   3   3   1   1  68   5]
 [  0   0   0   1   1   1   0   5   1  85]]
---------------C: 100.000000 -------------
fitting
fitting completed. Took  0.03m
predicting
prediction complete
done

Classification report for classifier SVC(C=100, cache_size=200, class_weight=None, coef0=0.0,
  decision_function_shape=None, degree=3, gamma=0.001, kernel='rbf',
  max_iter=-1, probability=False, random_state=None, shrinking=True,
  tol=0.001, verbose=False):
             precision    recall  f1-score   support

          0       0.94      0.96      0.95        85
          1       0.96      0.99      0.98       126
          2       0.85      0.89      0.87       116
          3       0.89      0.75      0.81       107
          4       0.92      0.91      0.91       110
          5       0.79      0.85      0.82        87
          6       0.90      0.91      0.90        87
          7       0.85      0.87      0.86        99
          8       0.85      0.76      0.80        89
          9       0.85      0.90      0.88        94

avg / total       0.88      0.88      0.88      1000

Accuracy: 0.882
Confusion matrix:
[[ 82   0   1   0   0   1   1   0   0   0]
 [  0 125   0   0   0   0   1   0   0   0]
 [  1   1 103   1   2   0   1   3   4   0]
 [  0   1   4  80   0  13   1   2   5   1]
 [  0   0   0   0 100   0   2   0   1   7]
 [  0   1   1   2   1  74   1   3   2   2]
 [  2   0   3   0   1   2  79   0   0   0]
 [  0   2   5   1   1   0   0  86   0   4]
 [  2   0   4   3   3   3   2   3  68   1]
 [  0   0   0   3   1   1   0   4   0  85]]

==========Sample Size: (3000, 1000, 1000) ===========


---------------C: 10.000000 -------------
fitting
fitting completed. Took  0.06m
predicting
prediction complete
done

Classification report for classifier SVC(C=10, cache_size=200, class_weight=None, coef0=0.0,
  decision_function_shape=None, degree=3, gamma=0.001, kernel='rbf',
  max_iter=-1, probability=False, random_state=None, shrinking=True,
  tol=0.001, verbose=False):
             precision    recall  f1-score   support

          0       0.95      0.98      0.97        85
          1       0.96      0.98      0.97       126
          2       0.92      0.91      0.92       116
          3       0.91      0.80      0.86       107
          4       0.91      0.94      0.92       110
          5       0.81      0.91      0.86        87
          6       0.94      0.92      0.93        87
          7       0.88      0.90      0.89        99
          8       0.89      0.79      0.83        89
          9       0.85      0.90      0.88        94

avg / total       0.91      0.91      0.90      1000

Accuracy: 0.905
Confusion matrix:
[[ 83   0   0   0   0   1   1   0   0   0]
 [  0 124   0   1   0   0   1   0   0   0]
 [  0   0 106   1   1   0   0   2   4   2]
 [  0   0   1  86   0  12   1   3   3   1]
 [  0   1   1   0 103   0   0   0   0   5]
 [  1   1   0   3   0  79   1   0   1   1]
 [  3   0   2   0   1   1  80   0   0   0]
 [  0   2   3   0   3   0   0  89   0   2]
 [  0   1   2   2   3   3   1   3  70   4]
 [  0   0   0   1   2   1   0   4   1  85]]
---------------C: 100.000000 -------------
fitting
fitting completed. Took  0.05m
predicting
prediction complete
done

Classification report for classifier SVC(C=100, cache_size=200, class_weight=None, coef0=0.0,
  decision_function_shape=None, degree=3, gamma=0.001, kernel='rbf',
  max_iter=-1, probability=False, random_state=None, shrinking=True,
  tol=0.001, verbose=False):
             precision    recall  f1-score   support

          0       0.95      0.96      0.96        85
          1       0.95      0.99      0.97       126
          2       0.88      0.89      0.88       116
          3       0.90      0.86      0.88       107
          4       0.88      0.95      0.91       110
          5       0.79      0.87      0.83        87
          6       0.93      0.91      0.92        87
          7       0.88      0.85      0.87        99
          8       0.87      0.76      0.81        89
          9       0.88      0.85      0.86        94

avg / total       0.89      0.89      0.89      1000

Accuracy: 0.893
Confusion matrix:
[[ 82   0   0   0   0   1   2   0   0   0]
 [  0 125   0   0   0   0   1   0   0   0]
 [  1   2 103   1   2   0   0   2   4   1]
 [  0   0   1  92   0   9   1   1   2   1]
 [  0   1   0   0 104   0   0   0   0   5]
 [  0   2   1   3   0  76   1   1   3   0]
 [  2   0   3   0   1   2  79   0   0   0]
 [  0   1   7   0   2   1   0  84   0   4]
 [  1   1   1   5   3   6   1   3  68   0]
 [  0   0   1   1   6   1   0   4   1  80]]

==========Sample Size: (4000, 1000, 1000) ===========


---------------C: 10.000000 -------------
fitting
fitting completed. Took  0.10m
predicting
prediction complete
done

Classification report for classifier SVC(C=10, cache_size=200, class_weight=None, coef0=0.0,
  decision_function_shape=None, degree=3, gamma=0.001, kernel='rbf',
  max_iter=-1, probability=False, random_state=None, shrinking=True,
  tol=0.001, verbose=False):
             precision    recall  f1-score   support

          0       0.95      0.98      0.97        85
          1       0.98      0.98      0.98       126
          2       0.92      0.92      0.92       116
          3       0.91      0.81      0.86       107
          4       0.90      0.95      0.92       110
          5       0.84      0.92      0.88        87
          6       0.94      0.92      0.93        87
          7       0.88      0.89      0.88        99
          8       0.88      0.85      0.87        89
          9       0.88      0.87      0.88        94

avg / total       0.91      0.91      0.91      1000

Accuracy: 0.911
Confusion matrix:
[[ 83   0   0   0   0   1   1   0   0   0]
 [  0 124   0   0   0   0   1   0   1   0]
 [  0   0 107   1   1   0   0   2   4   1]
 [  0   0   1  87   0  11   1   3   3   1]
 [  0   0   1   0 104   0   0   1   0   4]
 [  1   1   0   2   0  80   1   0   1   1]
 [  3   0   2   0   1   1  80   0   0   0]
 [  0   2   2   1   3   0   0  88   0   3]
 [  0   0   3   4   2   1   1   1  76   1]
 [  0   0   0   1   4   1   0   5   1  82]]
---------------C: 100.000000 -------------
fitting
fitting completed. Took  0.08m
predicting
prediction complete
done

Classification report for classifier SVC(C=100, cache_size=200, class_weight=None, coef0=0.0,
  decision_function_shape=None, degree=3, gamma=0.001, kernel='rbf',
  max_iter=-1, probability=False, random_state=None, shrinking=True,
  tol=0.001, verbose=False):
             precision    recall  f1-score   support

          0       0.95      0.96      0.96        85
          1       0.95      0.99      0.97       126
          2       0.96      0.92      0.94       116
          3       0.91      0.90      0.90       107
          4       0.91      0.96      0.94       110
          5       0.87      0.89      0.88        87
          6       0.94      0.93      0.94        87
          7       0.90      0.89      0.89        99
          8       0.96      0.88      0.92        89
          9       0.89      0.90      0.90        94

avg / total       0.93      0.93      0.92      1000

Accuracy: 0.925
Confusion matrix:
[[ 82   0   0   0   0   1   2   0   0   0]
 [  0 125   0   0   0   0   1   0   0   0]
 [  1   3 107   1   1   0   0   2   0   1]
 [  0   1   0  96   0   7   1   1   1   0]
 [  0   1   0   0 106   0   0   0   0   3]
 [  1   0   0   4   0  77   1   0   2   2]
 [  2   0   2   0   2   0  81   0   0   0]
 [  0   1   2   1   2   1   0  88   0   4]
 [  0   0   0   3   2   2   0   4  78   0]
 [  0   1   0   1   3   1   0   3   0  85]]